23:15:03.190 [main] DEBUG - Save package relationships
23:15:03.193 [main] DEBUG - Save part 'docProps/app.xml'
23:15:03.194 [main] DEBUG - Save part 'docProps/core.xml'
23:15:03.194 [main] DEBUG - Save part 'xl/printerSettings/printerSettings1.bin'
23:15:03.195 [main] DEBUG - Save part 'xl/printerSettings/printerSettings2.bin'
23:15:03.195 [main] DEBUG - Save part 'xl/sharedStrings.xml'
23:15:03.195 [main] DEBUG - Save part 'xl/styles.xml'
23:15:03.195 [main] DEBUG - Save part 'xl/theme/theme1.xml'
23:15:03.195 [main] DEBUG - Save part 'xl/workbook.xml'
23:15:03.196 [main] DEBUG - Save part 'xl/worksheets/sheet1.xml'
23:15:03.197 [main] DEBUG - Save part 'xl/worksheets/sheet2.xml'
23:15:03.197 [main] DEBUG - Save part 'xl/worksheets/sheet3.xml'
23:15:03.212 [main] DEBUG - Save content types part
23:15:03.213 [main] DEBUG - Save package relationships
23:15:03.214 [main] DEBUG - Save part 'docProps/app.xml'
23:15:03.214 [main] DEBUG - Save part 'docProps/core.xml'
23:15:03.214 [main] DEBUG - Save part 'xl/printerSettings/printerSettings1.bin'
23:15:03.214 [main] DEBUG - Save part 'xl/printerSettings/printerSettings2.bin'
23:15:03.214 [main] DEBUG - Save part 'xl/sharedStrings.xml'
23:15:03.214 [main] DEBUG - Save part 'xl/styles.xml'
23:15:03.216 [main] DEBUG - Save part 'xl/theme/theme1.xml'
23:15:03.216 [main] DEBUG - Save part 'xl/workbook.xml'
23:15:03.216 [main] DEBUG - Save part 'xl/worksheets/sheet1.xml'
23:15:03.217 [main] DEBUG - Save part 'xl/worksheets/sheet2.xml'
23:15:03.217 [main] DEBUG - Save part 'xl/worksheets/sheet3.xml'
23:15:03.230 [main] DEBUG - Save content types part
23:15:03.231 [main] DEBUG - Save package relationships
23:15:03.231 [main] DEBUG - Save part 'docProps/app.xml'
23:15:03.231 [main] DEBUG - Save part 'docProps/core.xml'
23:15:03.232 [main] DEBUG - Save part 'xl/printerSettings/printerSettings1.bin'
23:15:03.232 [main] DEBUG - Save part 'xl/printerSettings/printerSettings2.bin'
23:15:03.232 [main] DEBUG - Save part 'xl/sharedStrings.xml'
23:15:03.232 [main] DEBUG - Save part 'xl/styles.xml'
23:15:03.232 [main] DEBUG - Save part 'xl/theme/theme1.xml'
23:15:03.232 [main] DEBUG - Save part 'xl/workbook.xml'
23:15:03.233 [main] DEBUG - Save part 'xl/worksheets/sheet1.xml'
23:15:03.234 [main] DEBUG - Save part 'xl/worksheets/sheet2.xml'
23:15:03.234 [main] DEBUG - Save part 'xl/worksheets/sheet3.xml'
23:15:03.262 [main] DEBUG - Save content types part
23:15:03.263 [main] DEBUG - Save package relationships
23:15:03.264 [main] DEBUG - Save part 'docProps/app.xml'
23:15:03.264 [main] DEBUG - Save part 'docProps/core.xml'
23:15:03.264 [main] DEBUG - Save part 'xl/printerSettings/printerSettings1.bin'
23:15:03.264 [main] DEBUG - Save part 'xl/printerSettings/printerSettings2.bin'
23:15:03.264 [main] DEBUG - Save part 'xl/sharedStrings.xml'
23:15:03.264 [main] DEBUG - Save part 'xl/styles.xml'
23:15:03.265 [main] DEBUG - Save part 'xl/theme/theme1.xml'
23:15:03.265 [main] DEBUG - Save part 'xl/workbook.xml'
23:15:03.265 [main] DEBUG - Save part 'xl/worksheets/sheet1.xml'
23:15:03.266 [main] DEBUG - Save part 'xl/worksheets/sheet2.xml'
23:15:03.266 [main] DEBUG - Save part 'xl/worksheets/sheet3.xml'
23:15:03.292 [main] DEBUG - Save content types part
23:15:03.293 [main] DEBUG - Save package relationships
23:15:03.293 [main] DEBUG - Save part 'docProps/app.xml'
23:15:03.294 [main] DEBUG - Save part 'docProps/core.xml'
23:15:03.294 [main] DEBUG - Save part 'xl/printerSettings/printerSettings1.bin'
23:15:03.294 [main] DEBUG - Save part 'xl/printerSettings/printerSettings2.bin'
23:15:03.294 [main] DEBUG - Save part 'xl/sharedStrings.xml'
23:15:03.294 [main] DEBUG - Save part 'xl/styles.xml'
23:15:03.294 [main] DEBUG - Save part 'xl/theme/theme1.xml'
23:15:03.294 [main] DEBUG - Save part 'xl/workbook.xml'
23:15:03.294 [main] DEBUG - Save part 'xl/worksheets/sheet1.xml'
23:15:03.296 [main] DEBUG - Save part 'xl/worksheets/sheet2.xml'
23:15:03.296 [main] DEBUG - Save part 'xl/worksheets/sheet3.xml'
23:15:03.322 [main] DEBUG - Save content types part
23:15:03.323 [main] DEBUG - Save package relationships
23:15:03.323 [main] DEBUG - Save part 'docProps/app.xml'
23:15:03.324 [main] DEBUG - Save part 'docProps/core.xml'
23:15:03.324 [main] DEBUG - Save part 'xl/printerSettings/printerSettings1.bin'
23:15:03.324 [main] DEBUG - Save part 'xl/printerSettings/printerSettings2.bin'
23:15:03.324 [main] DEBUG - Save part 'xl/sharedStrings.xml'
23:15:03.324 [main] DEBUG - Save part 'xl/styles.xml'
23:15:03.324 [main] DEBUG - Save part 'xl/theme/theme1.xml'
23:15:03.325 [main] DEBUG - Save part 'xl/workbook.xml'
23:15:03.325 [main] DEBUG - Save part 'xl/worksheets/sheet1.xml'
23:15:03.325 [main] DEBUG - Save part 'xl/worksheets/sheet2.xml'
23:15:03.326 [main] DEBUG - Save part 'xl/worksheets/sheet3.xml'
23:15:03.352 [main] DEBUG - Save content types part
23:15:03.353 [main] DEBUG - Save package relationships
23:15:03.354 [main] DEBUG - Save part 'docProps/app.xml'
23:15:03.355 [main] DEBUG - Save part 'docProps/core.xml'
23:15:03.355 [main] DEBUG - Save part 'xl/printerSettings/printerSettings1.bin'
23:15:03.355 [main] DEBUG - Save part 'xl/printerSettings/printerSettings2.bin'
23:15:03.355 [main] DEBUG - Save part 'xl/sharedStrings.xml'
23:15:03.355 [main] DEBUG - Save part 'xl/styles.xml'
23:15:03.356 [main] DEBUG - Save part 'xl/theme/theme1.xml'
23:15:03.356 [main] DEBUG - Save part 'xl/workbook.xml'
23:15:03.356 [main] DEBUG - Save part 'xl/worksheets/sheet1.xml'
23:15:03.357 [main] DEBUG - Save part 'xl/worksheets/sheet2.xml'
23:15:03.357 [main] DEBUG - Save part 'xl/worksheets/sheet3.xml'
23:15:03.384 [main] DEBUG - Save content types part
23:15:03.385 [main] DEBUG - Save package relationships
23:15:03.386 [main] DEBUG - Save part 'docProps/app.xml'
23:15:03.386 [main] DEBUG - Save part 'docProps/core.xml'
23:15:03.386 [main] DEBUG - Save part 'xl/printerSettings/printerSettings1.bin'
23:15:03.386 [main] DEBUG - Save part 'xl/printerSettings/printerSettings2.bin'
23:15:03.386 [main] DEBUG - Save part 'xl/sharedStrings.xml'
23:15:03.386 [main] DEBUG - Save part 'xl/styles.xml'
23:15:03.387 [main] DEBUG - Save part 'xl/theme/theme1.xml'
23:15:03.387 [main] DEBUG - Save part 'xl/workbook.xml'
23:15:03.387 [main] DEBUG - Save part 'xl/worksheets/sheet1.xml'
23:15:03.388 [main] DEBUG - Save part 'xl/worksheets/sheet2.xml'
23:15:03.388 [main] DEBUG - Save part 'xl/worksheets/sheet3.xml'
23:15:03.417 [main] DEBUG - Save content types part
23:15:03.418 [main] DEBUG - Save package relationships
23:15:03.418 [main] DEBUG - Save part 'docProps/app.xml'
23:15:03.418 [main] DEBUG - Save part 'docProps/core.xml'
23:15:03.419 [main] DEBUG - Save part 'xl/printerSettings/printerSettings1.bin'
23:15:03.419 [main] DEBUG - Save part 'xl/printerSettings/printerSettings2.bin'
23:15:03.419 [main] DEBUG - Save part 'xl/sharedStrings.xml'
23:15:03.419 [main] DEBUG - Save part 'xl/styles.xml'
23:15:03.419 [main] DEBUG - Save part 'xl/theme/theme1.xml'
23:15:03.419 [main] DEBUG - Save part 'xl/workbook.xml'
23:15:03.420 [main] DEBUG - Save part 'xl/worksheets/sheet1.xml'
23:15:03.420 [main] DEBUG - Save part 'xl/worksheets/sheet2.xml'
23:15:03.420 [main] DEBUG - Save part 'xl/worksheets/sheet3.xml'
23:15:03.449 [main] DEBUG - Save content types part
23:15:03.450 [main] DEBUG - Save package relationships
23:15:03.450 [main] DEBUG - Save part 'docProps/app.xml'
23:15:03.451 [main] DEBUG - Save part 'docProps/core.xml'
23:15:03.451 [main] DEBUG - Save part 'xl/printerSettings/printerSettings1.bin'
23:15:03.451 [main] DEBUG - Save part 'xl/printerSettings/printerSettings2.bin'
23:15:03.451 [main] DEBUG - Save part 'xl/sharedStrings.xml'
23:15:03.451 [main] DEBUG - Save part 'xl/styles.xml'
23:15:03.452 [main] DEBUG - Save part 'xl/theme/theme1.xml'
23:15:03.453 [main] DEBUG - Save part 'xl/workbook.xml'
23:15:03.453 [main] DEBUG - Save part 'xl/worksheets/sheet1.xml'
23:15:03.454 [main] DEBUG - Save part 'xl/worksheets/sheet2.xml'
23:15:03.454 [main] DEBUG - Save part 'xl/worksheets/sheet3.xml'
23:15:03.480 [main] DEBUG - Save content types part
23:15:03.480 [main] DEBUG - Save package relationships
23:15:03.481 [main] DEBUG - Save part 'docProps/app.xml'
23:15:03.481 [main] DEBUG - Save part 'docProps/core.xml'
23:15:03.482 [main] DEBUG - Save part 'xl/printerSettings/printerSettings1.bin'
23:15:03.482 [main] DEBUG - Save part 'xl/printerSettings/printerSettings2.bin'
23:15:03.482 [main] DEBUG - Save part 'xl/sharedStrings.xml'
23:15:03.482 [main] DEBUG - Save part 'xl/styles.xml'
23:15:03.482 [main] DEBUG - Save part 'xl/theme/theme1.xml'
23:15:03.482 [main] DEBUG - Save part 'xl/workbook.xml'
23:15:03.483 [main] DEBUG - Save part 'xl/worksheets/sheet1.xml'
23:15:03.484 [main] DEBUG - Save part 'xl/worksheets/sheet2.xml'
23:15:03.484 [main] DEBUG - Save part 'xl/worksheets/sheet3.xml'
23:15:03.511 [main] DEBUG - Save content types part
23:15:03.512 [main] DEBUG - Save package relationships
23:15:03.512 [main] DEBUG - Save part 'docProps/app.xml'
23:15:03.513 [main] DEBUG - Save part 'docProps/core.xml'
23:15:03.513 [main] DEBUG - Save part 'xl/printerSettings/printerSettings1.bin'
23:15:03.513 [main] DEBUG - Save part 'xl/printerSettings/printerSettings2.bin'
23:15:03.513 [main] DEBUG - Save part 'xl/sharedStrings.xml'
23:15:03.513 [main] DEBUG - Save part 'xl/styles.xml'
23:15:03.514 [main] DEBUG - Save part 'xl/theme/theme1.xml'
23:15:03.514 [main] DEBUG - Save part 'xl/workbook.xml'
23:15:03.514 [main] DEBUG - Save part 'xl/worksheets/sheet1.xml'
23:15:03.515 [main] DEBUG - Save part 'xl/worksheets/sheet2.xml'
23:15:03.515 [main] DEBUG - Save part 'xl/worksheets/sheet3.xml'
23:15:03.543 [main] DEBUG - Save content types part
23:15:03.543 [main] DEBUG - Save package relationships
23:15:03.544 [main] DEBUG - Save part 'docProps/app.xml'
23:15:03.544 [main] DEBUG - Save part 'docProps/core.xml'
23:15:03.545 [main] DEBUG - Save part 'xl/printerSettings/printerSettings1.bin'
23:15:03.545 [main] DEBUG - Save part 'xl/printerSettings/printerSettings2.bin'
23:15:03.545 [main] DEBUG - Save part 'xl/sharedStrings.xml'
23:15:03.545 [main] DEBUG - Save part 'xl/styles.xml'
23:15:03.545 [main] DEBUG - Save part 'xl/theme/theme1.xml'
23:15:03.545 [main] DEBUG - Save part 'xl/workbook.xml'
23:15:03.546 [main] DEBUG - Save part 'xl/worksheets/sheet1.xml'
23:15:03.547 [main] DEBUG - Save part 'xl/worksheets/sheet2.xml'
23:15:03.547 [main] DEBUG - Save part 'xl/worksheets/sheet3.xml'
23:15:03.581 [main] DEBUG - Save content types part
23:15:03.581 [main] DEBUG - Save package relationships
23:15:03.582 [main] DEBUG - Save part 'docProps/app.xml'
23:15:03.582 [main] DEBUG - Save part 'docProps/core.xml'
23:15:03.583 [main] DEBUG - Save part 'xl/printerSettings/printerSettings1.bin'
23:15:03.583 [main] DEBUG - Save part 'xl/printerSettings/printerSettings2.bin'
23:15:03.583 [main] DEBUG - Save part 'xl/sharedStrings.xml'
23:15:03.583 [main] DEBUG - Save part 'xl/styles.xml'
23:15:03.583 [main] DEBUG - Save part 'xl/theme/theme1.xml'
23:15:03.584 [main] DEBUG - Save part 'xl/workbook.xml'
23:15:03.584 [main] DEBUG - Save part 'xl/worksheets/sheet1.xml'
23:15:03.585 [main] DEBUG - Save part 'xl/worksheets/sheet2.xml'
23:15:03.586 [main] DEBUG - Save part 'xl/worksheets/sheet3.xml'
23:15:03.614 [main] DEBUG - Save content types part
23:15:03.615 [main] DEBUG - Save package relationships
23:15:03.615 [main] DEBUG - Save part 'docProps/app.xml'
23:15:03.615 [main] DEBUG - Save part 'docProps/core.xml'
23:15:03.616 [main] DEBUG - Save part 'xl/printerSettings/printerSettings1.bin'
23:15:03.616 [main] DEBUG - Save part 'xl/printerSettings/printerSettings2.bin'
23:15:03.616 [main] DEBUG - Save part 'xl/sharedStrings.xml'
23:15:03.616 [main] DEBUG - Save part 'xl/styles.xml'
23:15:03.616 [main] DEBUG - Save part 'xl/theme/theme1.xml'
23:15:03.616 [main] DEBUG - Save part 'xl/workbook.xml'
23:15:03.617 [main] DEBUG - Save part 'xl/worksheets/sheet1.xml'
23:15:03.619 [main] DEBUG - Save part 'xl/worksheets/sheet2.xml'
23:15:03.620 [main] DEBUG - Save part 'xl/worksheets/sheet3.xml'
23:15:03.647 [main] DEBUG - Save content types part
23:15:03.648 [main] DEBUG - Save package relationships
23:15:03.649 [main] DEBUG - Save part 'docProps/app.xml'
23:15:03.649 [main] DEBUG - Save part 'docProps/core.xml'
23:15:03.650 [main] DEBUG - Save part 'xl/printerSettings/printerSettings1.bin'
23:15:03.650 [main] DEBUG - Save part 'xl/printerSettings/printerSettings2.bin'
23:15:03.650 [main] DEBUG - Save part 'xl/sharedStrings.xml'
23:15:03.650 [main] DEBUG - Save part 'xl/styles.xml'
23:15:03.650 [main] DEBUG - Save part 'xl/theme/theme1.xml'
23:15:03.650 [main] DEBUG - Save part 'xl/workbook.xml'
23:15:03.651 [main] DEBUG - Save part 'xl/worksheets/sheet1.xml'
23:15:03.652 [main] DEBUG - Save part 'xl/worksheets/sheet2.xml'
23:15:03.653 [main] DEBUG - Save part 'xl/worksheets/sheet3.xml'
23:15:03.680 [main] DEBUG - Save content types part
23:15:03.681 [main] DEBUG - Save package relationships
23:15:03.681 [main] DEBUG - Save part 'docProps/app.xml'
23:15:03.681 [main] DEBUG - Save part 'docProps/core.xml'
23:15:03.682 [main] DEBUG - Save part 'xl/printerSettings/printerSettings1.bin'
23:15:03.682 [main] DEBUG - Save part 'xl/printerSettings/printerSettings2.bin'
23:15:03.682 [main] DEBUG - Save part 'xl/sharedStrings.xml'
23:15:03.682 [main] DEBUG - Save part 'xl/styles.xml'
23:15:03.682 [main] DEBUG - Save part 'xl/theme/theme1.xml'
23:15:03.682 [main] DEBUG - Save part 'xl/workbook.xml'
23:15:03.683 [main] DEBUG - Save part 'xl/worksheets/sheet1.xml'
23:15:03.683 [main] DEBUG - Save part 'xl/worksheets/sheet2.xml'
23:15:03.684 [main] DEBUG - Save part 'xl/worksheets/sheet3.xml'
23:15:03.715 [main] DEBUG - Save content types part
23:15:03.716 [main] DEBUG - Save package relationships
23:15:03.717 [main] DEBUG - Save part 'docProps/app.xml'
23:15:03.717 [main] DEBUG - Save part 'docProps/core.xml'
23:15:03.717 [main] DEBUG - Save part 'xl/printerSettings/printerSettings1.bin'
23:15:03.717 [main] DEBUG - Save part 'xl/printerSettings/printerSettings2.bin'
23:15:03.718 [main] DEBUG - Save part 'xl/sharedStrings.xml'
23:15:03.718 [main] DEBUG - Save part 'xl/styles.xml'
23:15:03.718 [main] DEBUG - Save part 'xl/theme/theme1.xml'
23:15:03.718 [main] DEBUG - Save part 'xl/workbook.xml'
23:15:03.719 [main] DEBUG - Save part 'xl/worksheets/sheet1.xml'
23:15:03.720 [main] DEBUG - Save part 'xl/worksheets/sheet2.xml'
23:15:03.721 [main] DEBUG - Save part 'xl/worksheets/sheet3.xml'
23:15:03.750 [main] DEBUG - Save content types part
23:15:03.751 [main] DEBUG - Save package relationships
23:15:03.751 [main] DEBUG - Save part 'docProps/app.xml'
23:15:03.751 [main] DEBUG - Save part 'docProps/core.xml'
23:15:03.752 [main] DEBUG - Save part 'xl/printerSettings/printerSettings1.bin'
23:15:03.752 [main] DEBUG - Save part 'xl/printerSettings/printerSettings2.bin'
23:15:03.752 [main] DEBUG - Save part 'xl/sharedStrings.xml'
23:15:03.752 [main] DEBUG - Save part 'xl/styles.xml'
23:15:03.752 [main] DEBUG - Save part 'xl/theme/theme1.xml'
23:15:03.752 [main] DEBUG - Save part 'xl/workbook.xml'
23:15:03.753 [main] DEBUG - Save part 'xl/worksheets/sheet1.xml'
23:15:03.753 [main] DEBUG - Save part 'xl/worksheets/sheet2.xml'
23:15:03.754 [main] DEBUG - Save part 'xl/worksheets/sheet3.xml'
23:15:03.780 [main] DEBUG - Save content types part
23:15:03.780 [main] DEBUG - Save package relationships
23:15:03.781 [main] DEBUG - Save part 'docProps/app.xml'
23:15:03.781 [main] DEBUG - Save part 'docProps/core.xml'
23:15:03.781 [main] DEBUG - Save part 'xl/printerSettings/printerSettings1.bin'
23:15:03.781 [main] DEBUG - Save part 'xl/printerSettings/printerSettings2.bin'
23:15:03.781 [main] DEBUG - Save part 'xl/sharedStrings.xml'
23:15:03.781 [main] DEBUG - Save part 'xl/styles.xml'
23:15:03.782 [main] DEBUG - Save part 'xl/theme/theme1.xml'
23:15:03.782 [main] DEBUG - Save part 'xl/workbook.xml'
23:15:03.782 [main] DEBUG - Save part 'xl/worksheets/sheet1.xml'
23:15:03.783 [main] DEBUG - Save part 'xl/worksheets/sheet2.xml'
23:15:03.783 [main] DEBUG - Save part 'xl/worksheets/sheet3.xml'
23:15:03.811 [main] DEBUG - Save content types part
23:15:03.812 [main] DEBUG - Save package relationships
23:15:03.813 [main] DEBUG - Save part 'docProps/app.xml'
23:15:03.813 [main] DEBUG - Save part 'docProps/core.xml'
23:15:03.813 [main] DEBUG - Save part 'xl/printerSettings/printerSettings1.bin'
23:15:03.813 [main] DEBUG - Save part 'xl/printerSettings/printerSettings2.bin'
23:15:03.813 [main] DEBUG - Save part 'xl/sharedStrings.xml'
23:15:03.813 [main] DEBUG - Save part 'xl/styles.xml'
23:15:03.814 [main] DEBUG - Save part 'xl/theme/theme1.xml'
23:15:03.814 [main] DEBUG - Save part 'xl/workbook.xml'
23:15:03.814 [main] DEBUG - Save part 'xl/worksheets/sheet1.xml'
23:15:03.815 [main] DEBUG - Save part 'xl/worksheets/sheet2.xml'
23:15:03.815 [main] DEBUG - Save part 'xl/worksheets/sheet3.xml'
23:15:03.839 [main] DEBUG - Save content types part
23:15:03.840 [main] DEBUG - Save package relationships
23:15:03.840 [main] DEBUG - Save part 'docProps/app.xml'
23:15:03.840 [main] DEBUG - Save part 'docProps/core.xml'
23:15:03.841 [main] DEBUG - Save part 'xl/printerSettings/printerSettings1.bin'
23:15:03.841 [main] DEBUG - Save part 'xl/printerSettings/printerSettings2.bin'
23:15:03.841 [main] DEBUG - Save part 'xl/sharedStrings.xml'
23:15:03.841 [main] DEBUG - Save part 'xl/styles.xml'
23:15:03.841 [main] DEBUG - Save part 'xl/theme/theme1.xml'
23:15:03.841 [main] DEBUG - Save part 'xl/workbook.xml'
23:15:03.842 [main] DEBUG - Save part 'xl/worksheets/sheet1.xml'
23:15:03.842 [main] DEBUG - Save part 'xl/worksheets/sheet2.xml'
23:15:03.843 [main] DEBUG - Save part 'xl/worksheets/sheet3.xml'
23:15:03.869 [main] DEBUG - Save content types part
23:15:03.869 [main] DEBUG - Save package relationships
23:15:03.870 [main] DEBUG - Save part 'docProps/app.xml'
23:15:03.870 [main] DEBUG - Save part 'docProps/core.xml'
23:15:03.870 [main] DEBUG - Save part 'xl/printerSettings/printerSettings1.bin'
23:15:03.870 [main] DEBUG - Save part 'xl/printerSettings/printerSettings2.bin'
23:15:03.870 [main] DEBUG - Save part 'xl/sharedStrings.xml'
23:15:03.870 [main] DEBUG - Save part 'xl/styles.xml'
23:15:03.871 [main] DEBUG - Save part 'xl/theme/theme1.xml'
23:15:03.871 [main] DEBUG - Save part 'xl/workbook.xml'
23:15:03.871 [main] DEBUG - Save part 'xl/worksheets/sheet1.xml'
23:15:03.872 [main] DEBUG - Save part 'xl/worksheets/sheet2.xml'
23:15:03.872 [main] DEBUG - Save part 'xl/worksheets/sheet3.xml'
23:15:03.900 [main] DEBUG - Save content types part
23:15:03.900 [main] DEBUG - Save package relationships
23:15:03.901 [main] DEBUG - Save part 'docProps/app.xml'
23:15:03.901 [main] DEBUG - Save part 'docProps/core.xml'
23:15:03.901 [main] DEBUG - Save part 'xl/printerSettings/printerSettings1.bin'
23:15:03.901 [main] DEBUG - Save part 'xl/printerSettings/printerSettings2.bin'
23:15:03.902 [main] DEBUG - Save part 'xl/sharedStrings.xml'
23:15:03.902 [main] DEBUG - Save part 'xl/styles.xml'
23:15:03.902 [main] DEBUG - Save part 'xl/theme/theme1.xml'
23:15:03.902 [main] DEBUG - Save part 'xl/workbook.xml'
23:15:03.902 [main] DEBUG - Save part 'xl/worksheets/sheet1.xml'
23:15:03.903 [main] DEBUG - Save part 'xl/worksheets/sheet2.xml'
23:15:03.903 [main] DEBUG - Save part 'xl/worksheets/sheet3.xml'
23:15:03.939 [main] DEBUG - Save content types part
23:15:03.942 [main] DEBUG - Save package relationships
23:15:03.943 [main] DEBUG - Save part 'docProps/app.xml'
23:15:03.943 [main] DEBUG - Save part 'docProps/core.xml'
23:15:03.944 [main] DEBUG - Save part 'xl/printerSettings/printerSettings1.bin'
23:15:03.945 [main] DEBUG - Save part 'xl/printerSettings/printerSettings2.bin'
23:15:03.945 [main] DEBUG - Save part 'xl/sharedStrings.xml'
23:15:03.945 [main] DEBUG - Save part 'xl/styles.xml'
23:15:03.945 [main] DEBUG - Save part 'xl/theme/theme1.xml'
23:15:03.945 [main] DEBUG - Save part 'xl/workbook.xml'
23:15:03.947 [main] DEBUG - Save part 'xl/worksheets/sheet1.xml'
23:15:03.949 [main] DEBUG - Save part 'xl/worksheets/sheet2.xml'
23:15:03.950 [main] DEBUG - Save part 'xl/worksheets/sheet3.xml'
23:15:03.980 [main] DEBUG - Save content types part
23:15:03.980 [main] DEBUG - Save package relationships
23:15:03.982 [main] DEBUG - Save part 'docProps/app.xml'
23:15:03.982 [main] DEBUG - Save part 'docProps/core.xml'
23:15:03.982 [main] DEBUG - Save part 'xl/printerSettings/printerSettings1.bin'
23:15:03.982 [main] DEBUG - Save part 'xl/printerSettings/printerSettings2.bin'
23:15:03.982 [main] DEBUG - Save part 'xl/sharedStrings.xml'
23:15:03.982 [main] DEBUG - Save part 'xl/styles.xml'
23:15:03.983 [main] DEBUG - Save part 'xl/theme/theme1.xml'
23:15:03.983 [main] DEBUG - Save part 'xl/workbook.xml'
23:15:03.983 [main] DEBUG - Save part 'xl/worksheets/sheet1.xml'
23:15:03.984 [main] DEBUG - Save part 'xl/worksheets/sheet2.xml'
23:15:03.984 [main] DEBUG - Save part 'xl/worksheets/sheet3.xml'
23:15:04.010 [main] DEBUG - Save content types part
23:15:04.011 [main] DEBUG - Save package relationships
23:15:04.012 [main] DEBUG - Save part 'docProps/app.xml'
23:15:04.012 [main] DEBUG - Save part 'docProps/core.xml'
23:15:04.012 [main] DEBUG - Save part 'xl/printerSettings/printerSettings1.bin'
23:15:04.012 [main] DEBUG - Save part 'xl/printerSettings/printerSettings2.bin'
23:15:04.012 [main] DEBUG - Save part 'xl/sharedStrings.xml'
23:15:04.013 [main] DEBUG - Save part 'xl/styles.xml'
23:15:04.013 [main] DEBUG - Save part 'xl/theme/theme1.xml'
23:15:04.013 [main] DEBUG - Save part 'xl/workbook.xml'
23:15:04.013 [main] DEBUG - Save part 'xl/worksheets/sheet1.xml'
23:15:04.014 [main] DEBUG - Save part 'xl/worksheets/sheet2.xml'
23:15:04.014 [main] DEBUG - Save part 'xl/worksheets/sheet3.xml'
23:15:04.042 [main] DEBUG - Save content types part
23:15:04.042 [main] DEBUG - Save package relationships
23:15:04.043 [main] DEBUG - Save part 'docProps/app.xml'
23:15:04.043 [main] DEBUG - Save part 'docProps/core.xml'
23:15:04.044 [main] DEBUG - Save part 'xl/printerSettings/printerSettings1.bin'
23:15:04.044 [main] DEBUG - Save part 'xl/printerSettings/printerSettings2.bin'
23:15:04.044 [main] DEBUG - Save part 'xl/sharedStrings.xml'
23:15:04.044 [main] DEBUG - Save part 'xl/styles.xml'
23:15:04.045 [main] DEBUG - Save part 'xl/theme/theme1.xml'
23:15:04.045 [main] DEBUG - Save part 'xl/workbook.xml'
23:15:04.045 [main] DEBUG - Save part 'xl/worksheets/sheet1.xml'
23:15:04.046 [main] DEBUG - Save part 'xl/worksheets/sheet2.xml'
23:15:04.047 [main] DEBUG - Save part 'xl/worksheets/sheet3.xml'
23:15:04.071 [main] DEBUG - Save content types part
23:15:04.072 [main] DEBUG - Save package relationships
23:15:04.073 [main] DEBUG - Save part 'docProps/app.xml'
23:15:04.073 [main] DEBUG - Save part 'docProps/core.xml'
23:15:04.073 [main] DEBUG - Save part 'xl/printerSettings/printerSettings1.bin'
23:15:04.074 [main] DEBUG - Save part 'xl/printerSettings/printerSettings2.bin'
23:15:04.074 [main] DEBUG - Save part 'xl/sharedStrings.xml'
23:15:04.074 [main] DEBUG - Save part 'xl/styles.xml'
23:15:04.074 [main] DEBUG - Save part 'xl/theme/theme1.xml'
23:15:04.074 [main] DEBUG - Save part 'xl/workbook.xml'
23:15:04.075 [main] DEBUG - Save part 'xl/worksheets/sheet1.xml'
23:15:04.076 [main] DEBUG - Save part 'xl/worksheets/sheet2.xml'
23:15:04.076 [main] DEBUG - Save part 'xl/worksheets/sheet3.xml'
23:15:04.101 [main] DEBUG - Save content types part
23:15:04.102 [main] DEBUG - Save package relationships
23:15:04.102 [main] DEBUG - Save part 'docProps/app.xml'
23:15:04.103 [main] DEBUG - Save part 'docProps/core.xml'
23:15:04.103 [main] DEBUG - Save part 'xl/printerSettings/printerSettings1.bin'
23:15:04.103 [main] DEBUG - Save part 'xl/printerSettings/printerSettings2.bin'
23:15:04.103 [main] DEBUG - Save part 'xl/sharedStrings.xml'
23:15:04.103 [main] DEBUG - Save part 'xl/styles.xml'
23:15:04.104 [main] DEBUG - Save part 'xl/theme/theme1.xml'
23:15:04.104 [main] DEBUG - Save part 'xl/workbook.xml'
23:15:04.104 [main] DEBUG - Save part 'xl/worksheets/sheet1.xml'
23:15:04.105 [main] DEBUG - Save part 'xl/worksheets/sheet2.xml'
23:15:04.105 [main] DEBUG - Save part 'xl/worksheets/sheet3.xml'
23:15:04.132 [main] DEBUG - Save content types part
23:15:04.132 [main] DEBUG - Save package relationships
23:15:04.133 [main] DEBUG - Save part 'docProps/app.xml'
23:15:04.133 [main] DEBUG - Save part 'docProps/core.xml'
23:15:04.133 [main] DEBUG - Save part 'xl/printerSettings/printerSettings1.bin'
23:15:04.133 [main] DEBUG - Save part 'xl/printerSettings/printerSettings2.bin'
23:15:04.134 [main] DEBUG - Save part 'xl/sharedStrings.xml'
23:15:04.134 [main] DEBUG - Save part 'xl/styles.xml'
23:15:04.134 [main] DEBUG - Save part 'xl/theme/theme1.xml'
23:15:04.134 [main] DEBUG - Save part 'xl/workbook.xml'
23:15:04.134 [main] DEBUG - Save part 'xl/worksheets/sheet1.xml'
23:15:04.135 [main] DEBUG - Save part 'xl/worksheets/sheet2.xml'
23:15:04.135 [main] DEBUG - Save part 'xl/worksheets/sheet3.xml'
23:15:04.162 [main] DEBUG - Save content types part
23:15:04.163 [main] DEBUG - Save package relationships
23:15:04.163 [main] DEBUG - Save part 'docProps/app.xml'
23:15:04.163 [main] DEBUG - Save part 'docProps/core.xml'
23:15:04.164 [main] DEBUG - Save part 'xl/printerSettings/printerSettings1.bin'
23:15:04.164 [main] DEBUG - Save part 'xl/printerSettings/printerSettings2.bin'
23:15:04.164 [main] DEBUG - Save part 'xl/sharedStrings.xml'
23:15:04.164 [main] DEBUG - Save part 'xl/styles.xml'
23:15:04.164 [main] DEBUG - Save part 'xl/theme/theme1.xml'
23:15:04.164 [main] DEBUG - Save part 'xl/workbook.xml'
23:15:04.165 [main] DEBUG - Save part 'xl/worksheets/sheet1.xml'
23:15:04.166 [main] DEBUG - Save part 'xl/worksheets/sheet2.xml'
23:15:04.166 [main] DEBUG - Save part 'xl/worksheets/sheet3.xml'
23:15:04.193 [main] DEBUG - Save content types part
23:15:04.194 [main] DEBUG - Save package relationships
23:15:04.195 [main] DEBUG - Save part 'docProps/app.xml'
23:15:04.195 [main] DEBUG - Save part 'docProps/core.xml'
23:15:04.196 [main] DEBUG - Save part 'xl/printerSettings/printerSettings1.bin'
23:15:04.196 [main] DEBUG - Save part 'xl/printerSettings/printerSettings2.bin'
23:15:04.196 [main] DEBUG - Save part 'xl/sharedStrings.xml'
23:15:04.196 [main] DEBUG - Save part 'xl/styles.xml'
23:15:04.196 [main] DEBUG - Save part 'xl/theme/theme1.xml'
23:15:04.197 [main] DEBUG - Save part 'xl/workbook.xml'
23:15:04.197 [main] DEBUG - Save part 'xl/worksheets/sheet1.xml'
23:15:04.198 [main] DEBUG - Save part 'xl/worksheets/sheet2.xml'
23:15:04.199 [main] DEBUG - Save part 'xl/worksheets/sheet3.xml'
23:15:04.226 [main] DEBUG - Save content types part
23:15:04.226 [main] DEBUG - Save package relationships
23:15:04.228 [main] DEBUG - Save part 'docProps/app.xml'
23:15:04.228 [main] DEBUG - Save part 'docProps/core.xml'
23:15:04.228 [main] DEBUG - Save part 'xl/printerSettings/printerSettings1.bin'
23:15:04.228 [main] DEBUG - Save part 'xl/printerSettings/printerSettings2.bin'
23:15:04.229 [main] DEBUG - Save part 'xl/sharedStrings.xml'
23:15:04.229 [main] DEBUG - Save part 'xl/styles.xml'
23:15:04.229 [main] DEBUG - Save part 'xl/theme/theme1.xml'
23:15:04.229 [main] DEBUG - Save part 'xl/workbook.xml'
23:15:04.229 [main] DEBUG - Save part 'xl/worksheets/sheet1.xml'
23:15:04.230 [main] DEBUG - Save part 'xl/worksheets/sheet2.xml'
23:15:04.230 [main] DEBUG - Save part 'xl/worksheets/sheet3.xml'
23:15:04.259 [main] DEBUG - Save content types part
23:15:04.260 [main] DEBUG - Save package relationships
23:15:04.260 [main] DEBUG - Save part 'docProps/app.xml'
23:15:04.260 [main] DEBUG - Save part 'docProps/core.xml'
23:15:04.261 [main] DEBUG - Save part 'xl/printerSettings/printerSettings1.bin'
23:15:04.261 [main] DEBUG - Save part 'xl/printerSettings/printerSettings2.bin'
23:15:04.261 [main] DEBUG - Save part 'xl/sharedStrings.xml'
23:15:04.261 [main] DEBUG - Save part 'xl/styles.xml'
23:15:04.261 [main] DEBUG - Save part 'xl/theme/theme1.xml'
23:15:04.261 [main] DEBUG - Save part 'xl/workbook.xml'
23:15:04.261 [main] DEBUG - Save part 'xl/worksheets/sheet1.xml'
23:15:04.262 [main] DEBUG - Save part 'xl/worksheets/sheet2.xml'
23:15:04.262 [main] DEBUG - Save part 'xl/worksheets/sheet3.xml'
23:15:04.290 [main] DEBUG - Save content types part
23:15:04.290 [main] DEBUG - Save package relationships
23:15:04.291 [main] DEBUG - Save part 'docProps/app.xml'
23:15:04.291 [main] DEBUG - Save part 'docProps/core.xml'
23:15:04.291 [main] DEBUG - Save part 'xl/printerSettings/printerSettings1.bin'
23:15:04.292 [main] DEBUG - Save part 'xl/printerSettings/printerSettings2.bin'
23:15:04.292 [main] DEBUG - Save part 'xl/sharedStrings.xml'
23:15:04.292 [main] DEBUG - Save part 'xl/styles.xml'
23:15:04.292 [main] DEBUG - Save part 'xl/theme/theme1.xml'
23:15:04.292 [main] DEBUG - Save part 'xl/workbook.xml'
23:15:04.292 [main] DEBUG - Save part 'xl/worksheets/sheet1.xml'
23:15:04.293 [main] DEBUG - Save part 'xl/worksheets/sheet2.xml'
23:15:04.293 [main] DEBUG - Save part 'xl/worksheets/sheet3.xml'
23:15:04.321 [main] DEBUG - Save content types part
23:15:04.322 [main] DEBUG - Save package relationships
23:15:04.322 [main] DEBUG - Save part 'docProps/app.xml'
23:15:04.322 [main] DEBUG - Save part 'docProps/core.xml'
23:15:04.323 [main] DEBUG - Save part 'xl/printerSettings/printerSettings1.bin'
23:15:04.323 [main] DEBUG - Save part 'xl/printerSettings/printerSettings2.bin'
23:15:04.323 [main] DEBUG - Save part 'xl/sharedStrings.xml'
23:15:04.323 [main] DEBUG - Save part 'xl/styles.xml'
23:15:04.323 [main] DEBUG - Save part 'xl/theme/theme1.xml'
23:15:04.323 [main] DEBUG - Save part 'xl/workbook.xml'
23:15:04.324 [main] DEBUG - Save part 'xl/worksheets/sheet1.xml'
23:15:04.324 [main] DEBUG - Save part 'xl/worksheets/sheet2.xml'
23:15:04.325 [main] DEBUG - Save part 'xl/worksheets/sheet3.xml'
23:15:04.351 [main] DEBUG - Save content types part
23:15:04.352 [main] DEBUG - Save package relationships
23:15:04.352 [main] DEBUG - Save part 'docProps/app.xml'
23:15:04.352 [main] DEBUG - Save part 'docProps/core.xml'
23:15:04.353 [main] DEBUG - Save part 'xl/printerSettings/printerSettings1.bin'
23:15:04.353 [main] DEBUG - Save part 'xl/printerSettings/printerSettings2.bin'
23:15:04.353 [main] DEBUG - Save part 'xl/sharedStrings.xml'
23:15:04.353 [main] DEBUG - Save part 'xl/styles.xml'
23:15:04.353 [main] DEBUG - Save part 'xl/theme/theme1.xml'
23:15:04.353 [main] DEBUG - Save part 'xl/workbook.xml'
23:15:04.354 [main] DEBUG - Save part 'xl/worksheets/sheet1.xml'
23:15:04.354 [main] DEBUG - Save part 'xl/worksheets/sheet2.xml'
23:15:04.355 [main] DEBUG - Save part 'xl/worksheets/sheet3.xml'
23:15:04.378 [main] DEBUG - Save content types part
23:15:04.379 [main] DEBUG - Save package relationships
23:15:04.380 [main] DEBUG - Save part 'docProps/app.xml'
23:15:04.380 [main] DEBUG - Save part 'docProps/core.xml'
23:15:04.380 [main] DEBUG - Save part 'xl/printerSettings/printerSettings1.bin'
23:15:04.381 [main] DEBUG - Save part 'xl/printerSettings/printerSettings2.bin'
23:15:04.381 [main] DEBUG - Save part 'xl/sharedStrings.xml'
23:15:04.381 [main] DEBUG - Save part 'xl/styles.xml'
23:15:04.381 [main] DEBUG - Save part 'xl/theme/theme1.xml'
23:15:04.381 [main] DEBUG - Save part 'xl/workbook.xml'
23:15:04.382 [main] DEBUG - Save part 'xl/worksheets/sheet1.xml'
23:15:04.382 [main] DEBUG - Save part 'xl/worksheets/sheet2.xml'
23:15:04.382 [main] DEBUG - Save part 'xl/worksheets/sheet3.xml'
23:15:04.411 [main] DEBUG - Save content types part
23:15:04.411 [main] DEBUG - Save package relationships
23:15:04.412 [main] DEBUG - Save part 'docProps/app.xml'
23:15:04.412 [main] DEBUG - Save part 'docProps/core.xml'
23:15:04.412 [main] DEBUG - Save part 'xl/printerSettings/printerSettings1.bin'
23:15:04.412 [main] DEBUG - Save part 'xl/printerSettings/printerSettings2.bin'
23:15:04.413 [main] DEBUG - Save part 'xl/sharedStrings.xml'
23:15:04.413 [main] DEBUG - Save part 'xl/styles.xml'
23:15:04.413 [main] DEBUG - Save part 'xl/theme/theme1.xml'
23:15:04.413 [main] DEBUG - Save part 'xl/workbook.xml'
23:15:04.413 [main] DEBUG - Save part 'xl/worksheets/sheet1.xml'
23:15:04.414 [main] DEBUG - Save part 'xl/worksheets/sheet2.xml'
23:15:04.414 [main] DEBUG - Save part 'xl/worksheets/sheet3.xml'
23:15:04.442 [main] DEBUG - Save content types part
23:15:04.442 [main] DEBUG - Save package relationships
23:15:04.442 [main] DEBUG - Save part 'docProps/app.xml'
23:15:04.442 [main] DEBUG - Save part 'docProps/core.xml'
23:15:04.443 [main] DEBUG - Save part 'xl/printerSettings/printerSettings1.bin'
23:15:04.443 [main] DEBUG - Save part 'xl/printerSettings/printerSettings2.bin'
23:15:04.443 [main] DEBUG - Save part 'xl/sharedStrings.xml'
23:15:04.443 [main] DEBUG - Save part 'xl/styles.xml'
23:15:04.443 [main] DEBUG - Save part 'xl/theme/theme1.xml'
23:15:04.443 [main] DEBUG - Save part 'xl/workbook.xml'
23:15:04.444 [main] DEBUG - Save part 'xl/worksheets/sheet1.xml'
23:15:04.444 [main] DEBUG - Save part 'xl/worksheets/sheet2.xml'
23:15:04.445 [main] DEBUG - Save part 'xl/worksheets/sheet3.xml'
23:15:04.471 [main] DEBUG - Save content types part
23:15:04.471 [main] DEBUG - Save package relationships
23:15:04.472 [main] DEBUG - Save part 'docProps/app.xml'
23:15:04.472 [main] DEBUG - Save part 'docProps/core.xml'
23:15:04.473 [main] DEBUG - Save part 'xl/printerSettings/printerSettings1.bin'
23:15:04.473 [main] DEBUG - Save part 'xl/printerSettings/printerSettings2.bin'
23:15:04.473 [main] DEBUG - Save part 'xl/sharedStrings.xml'
23:15:04.474 [main] DEBUG - Save part 'xl/styles.xml'
23:15:04.474 [main] DEBUG - Save part 'xl/theme/theme1.xml'
23:15:04.474 [main] DEBUG - Save part 'xl/workbook.xml'
23:15:04.475 [main] DEBUG - Save part 'xl/worksheets/sheet1.xml'
23:15:04.476 [main] DEBUG - Save part 'xl/worksheets/sheet2.xml'
23:15:04.477 [main] DEBUG - Save part 'xl/worksheets/sheet3.xml'
23:15:04.504 [main] DEBUG - Save content types part
23:15:04.505 [main] DEBUG - Save package relationships
23:15:04.506 [main] DEBUG - Save part 'docProps/app.xml'
23:15:04.506 [main] DEBUG - Save part 'docProps/core.xml'
23:15:04.506 [main] DEBUG - Save part 'xl/printerSettings/printerSettings1.bin'
23:15:04.507 [main] DEBUG - Save part 'xl/printerSettings/printerSettings2.bin'
23:15:04.507 [main] DEBUG - Save part 'xl/sharedStrings.xml'
23:15:04.507 [main] DEBUG - Save part 'xl/styles.xml'
23:15:04.507 [main] DEBUG - Save part 'xl/theme/theme1.xml'
23:15:04.507 [main] DEBUG - Save part 'xl/workbook.xml'
23:15:04.508 [main] DEBUG - Save part 'xl/worksheets/sheet1.xml'
23:15:04.509 [main] DEBUG - Save part 'xl/worksheets/sheet2.xml'
23:15:04.510 [main] DEBUG - Save part 'xl/worksheets/sheet3.xml'
23:15:04.539 [main] DEBUG - Save content types part
23:15:04.540 [main] DEBUG - Save package relationships
23:15:04.540 [main] DEBUG - Save part 'docProps/app.xml'
23:15:04.540 [main] DEBUG - Save part 'docProps/core.xml'
23:15:04.541 [main] DEBUG - Save part 'xl/printerSettings/printerSettings1.bin'
23:15:04.541 [main] DEBUG - Save part 'xl/printerSettings/printerSettings2.bin'
23:15:04.541 [main] DEBUG - Save part 'xl/sharedStrings.xml'
23:15:04.541 [main] DEBUG - Save part 'xl/styles.xml'
23:15:04.541 [main] DEBUG - Save part 'xl/theme/theme1.xml'
23:15:04.541 [main] DEBUG - Save part 'xl/workbook.xml'
23:15:04.542 [main] DEBUG - Save part 'xl/worksheets/sheet1.xml'
23:15:04.542 [main] DEBUG - Save part 'xl/worksheets/sheet2.xml'
23:15:04.543 [main] DEBUG - Save part 'xl/worksheets/sheet3.xml'
23:15:04.568 [main] DEBUG - Save content types part
23:15:04.569 [main] DEBUG - Save package relationships
23:15:04.570 [main] DEBUG - Save part 'docProps/app.xml'
23:15:04.570 [main] DEBUG - Save part 'docProps/core.xml'
23:15:04.570 [main] DEBUG - Save part 'xl/printerSettings/printerSettings1.bin'
23:15:04.570 [main] DEBUG - Save part 'xl/printerSettings/printerSettings2.bin'
23:15:04.570 [main] DEBUG - Save part 'xl/sharedStrings.xml'
23:15:04.570 [main] DEBUG - Save part 'xl/styles.xml'
23:15:04.570 [main] DEBUG - Save part 'xl/theme/theme1.xml'
23:15:04.571 [main] DEBUG - Save part 'xl/workbook.xml'
23:15:04.571 [main] DEBUG - Save part 'xl/worksheets/sheet1.xml'
23:15:04.571 [main] DEBUG - Save part 'xl/worksheets/sheet2.xml'
23:15:04.572 [main] DEBUG - Save part 'xl/worksheets/sheet3.xml'
23:15:04.595 [main] DEBUG - Save content types part
23:15:04.596 [main] DEBUG - Save package relationships
23:15:04.596 [main] DEBUG - Save part 'docProps/app.xml'
23:15:04.596 [main] DEBUG - Save part 'docProps/core.xml'
23:15:04.597 [main] DEBUG - Save part 'xl/printerSettings/printerSettings1.bin'
23:15:04.597 [main] DEBUG - Save part 'xl/printerSettings/printerSettings2.bin'
23:15:04.597 [main] DEBUG - Save part 'xl/sharedStrings.xml'
23:15:04.597 [main] DEBUG - Save part 'xl/styles.xml'
23:15:04.598 [main] DEBUG - Save part 'xl/theme/theme1.xml'
23:15:04.598 [main] DEBUG - Save part 'xl/workbook.xml'
23:15:04.598 [main] DEBUG - Save part 'xl/worksheets/sheet1.xml'
23:15:04.598 [main] DEBUG - Save part 'xl/worksheets/sheet2.xml'
23:15:04.599 [main] DEBUG - Save part 'xl/worksheets/sheet3.xml'
23:15:04.626 [main] DEBUG - Save content types part
23:15:04.627 [main] DEBUG - Save package relationships
23:15:04.627 [main] DEBUG - Save part 'docProps/app.xml'
23:15:04.628 [main] DEBUG - Save part 'docProps/core.xml'
23:15:04.628 [main] DEBUG - Save part 'xl/printerSettings/printerSettings1.bin'
23:15:04.628 [main] DEBUG - Save part 'xl/printerSettings/printerSettings2.bin'
23:15:04.628 [main] DEBUG - Save part 'xl/sharedStrings.xml'
23:15:04.628 [main] DEBUG - Save part 'xl/styles.xml'
23:15:04.628 [main] DEBUG - Save part 'xl/theme/theme1.xml'
23:15:04.628 [main] DEBUG - Save part 'xl/workbook.xml'
23:15:04.629 [main] DEBUG - Save part 'xl/worksheets/sheet1.xml'
23:15:04.629 [main] DEBUG - Save part 'xl/worksheets/sheet2.xml'
23:15:04.630 [main] DEBUG - Save part 'xl/worksheets/sheet3.xml'
23:15:04.658 [main] DEBUG - Save content types part
23:15:04.659 [main] DEBUG - Save package relationships
23:15:04.659 [main] DEBUG - Save part 'docProps/app.xml'
23:15:04.659 [main] DEBUG - Save part 'docProps/core.xml'
23:15:04.660 [main] DEBUG - Save part 'xl/printerSettings/printerSettings1.bin'
23:15:04.660 [main] DEBUG - Save part 'xl/printerSettings/printerSettings2.bin'
23:15:04.660 [main] DEBUG - Save part 'xl/sharedStrings.xml'
23:15:04.660 [main] DEBUG - Save part 'xl/styles.xml'
23:15:04.660 [main] DEBUG - Save part 'xl/theme/theme1.xml'
23:15:04.660 [main] DEBUG - Save part 'xl/workbook.xml'
23:15:04.661 [main] DEBUG - Save part 'xl/worksheets/sheet1.xml'
23:15:04.661 [main] DEBUG - Save part 'xl/worksheets/sheet2.xml'
23:15:04.662 [main] DEBUG - Save part 'xl/worksheets/sheet3.xml'
23:15:04.695 [main] DEBUG - Save content types part
23:15:04.696 [main] DEBUG - Save package relationships
23:15:04.696 [main] DEBUG - Save part 'docProps/app.xml'
23:15:04.696 [main] DEBUG - Save part 'docProps/core.xml'
23:15:04.697 [main] DEBUG - Save part 'xl/printerSettings/printerSettings1.bin'
23:15:04.697 [main] DEBUG - Save part 'xl/printerSettings/printerSettings2.bin'
23:15:04.697 [main] DEBUG - Save part 'xl/sharedStrings.xml'
23:15:04.697 [main] DEBUG - Save part 'xl/styles.xml'
23:15:04.698 [main] DEBUG - Save part 'xl/theme/theme1.xml'
23:15:04.698 [main] DEBUG - Save part 'xl/workbook.xml'
23:15:04.698 [main] DEBUG - Save part 'xl/worksheets/sheet1.xml'
23:15:04.699 [main] DEBUG - Save part 'xl/worksheets/sheet2.xml'
23:15:04.699 [main] DEBUG - Save part 'xl/worksheets/sheet3.xml'
23:15:04.726 [main] DEBUG - Save content types part
23:15:04.727 [main] DEBUG - Save package relationships
23:15:04.727 [main] DEBUG - Save part 'docProps/app.xml'
23:15:04.727 [main] DEBUG - Save part 'docProps/core.xml'
23:15:04.727 [main] DEBUG - Save part 'xl/printerSettings/printerSettings1.bin'
23:15:04.727 [main] DEBUG - Save part 'xl/printerSettings/printerSettings2.bin'
23:15:04.728 [main] DEBUG - Save part 'xl/sharedStrings.xml'
23:15:04.728 [main] DEBUG - Save part 'xl/styles.xml'
23:15:04.728 [main] DEBUG - Save part 'xl/theme/theme1.xml'
23:15:04.728 [main] DEBUG - Save part 'xl/workbook.xml'
23:15:04.728 [main] DEBUG - Save part 'xl/worksheets/sheet1.xml'
23:15:04.729 [main] DEBUG - Save part 'xl/worksheets/sheet2.xml'
23:15:04.729 [main] DEBUG - Save part 'xl/worksheets/sheet3.xml'
23:15:04.756 [main] DEBUG - Save content types part
23:15:04.757 [main] DEBUG - Save package relationships
23:15:04.757 [main] DEBUG - Save part 'docProps/app.xml'
23:15:04.757 [main] DEBUG - Save part 'docProps/core.xml'
23:15:04.757 [main] DEBUG - Save part 'xl/printerSettings/printerSettings1.bin'
23:15:04.757 [main] DEBUG - Save part 'xl/printerSettings/printerSettings2.bin'
23:15:04.758 [main] DEBUG - Save part 'xl/sharedStrings.xml'
23:15:04.758 [main] DEBUG - Save part 'xl/styles.xml'
23:15:04.758 [main] DEBUG - Save part 'xl/theme/theme1.xml'
23:15:04.758 [main] DEBUG - Save part 'xl/workbook.xml'
23:15:04.758 [main] DEBUG - Save part 'xl/worksheets/sheet1.xml'
23:15:04.759 [main] DEBUG - Save part 'xl/worksheets/sheet2.xml'
23:15:04.759 [main] DEBUG - Save part 'xl/worksheets/sheet3.xml'
23:15:04.786 [main] DEBUG - Save content types part
23:15:04.786 [main] DEBUG - Save package relationships
23:15:04.787 [main] DEBUG - Save part 'docProps/app.xml'
23:15:04.787 [main] DEBUG - Save part 'docProps/core.xml'
23:15:04.787 [main] DEBUG - Save part 'xl/printerSettings/printerSettings1.bin'
23:15:04.787 [main] DEBUG - Save part 'xl/printerSettings/printerSettings2.bin'
23:15:04.787 [main] DEBUG - Save part 'xl/sharedStrings.xml'
23:15:04.788 [main] DEBUG - Save part 'xl/styles.xml'
23:15:04.788 [main] DEBUG - Save part 'xl/theme/theme1.xml'
23:15:04.788 [main] DEBUG - Save part 'xl/workbook.xml'
23:15:04.788 [main] DEBUG - Save part 'xl/worksheets/sheet1.xml'
23:15:04.789 [main] DEBUG - Save part 'xl/worksheets/sheet2.xml'
23:15:04.789 [main] DEBUG - Save part 'xl/worksheets/sheet3.xml'
23:15:04.817 [main] DEBUG - Save content types part
23:15:04.818 [main] DEBUG - Save package relationships
23:15:04.819 [main] DEBUG - Save part 'docProps/app.xml'
23:15:04.819 [main] DEBUG - Save part 'docProps/core.xml'
23:15:04.820 [main] DEBUG - Save part 'xl/printerSettings/printerSettings1.bin'
23:15:04.820 [main] DEBUG - Save part 'xl/printerSettings/printerSettings2.bin'
23:15:04.820 [main] DEBUG - Save part 'xl/sharedStrings.xml'
23:15:04.820 [main] DEBUG - Save part 'xl/styles.xml'
23:15:04.820 [main] DEBUG - Save part 'xl/theme/theme1.xml'
23:15:04.820 [main] DEBUG - Save part 'xl/workbook.xml'
23:15:04.821 [main] DEBUG - Save part 'xl/worksheets/sheet1.xml'
23:15:04.821 [main] DEBUG - Save part 'xl/worksheets/sheet2.xml'
23:15:04.822 [main] DEBUG - Save part 'xl/worksheets/sheet3.xml'
23:15:04.846 [main] DEBUG - Save content types part
23:15:04.846 [main] DEBUG - Save package relationships
23:15:04.847 [main] DEBUG - Save part 'docProps/app.xml'
23:15:04.847 [main] DEBUG - Save part 'docProps/core.xml'
23:15:04.847 [main] DEBUG - Save part 'xl/printerSettings/printerSettings1.bin'
23:15:04.847 [main] DEBUG - Save part 'xl/printerSettings/printerSettings2.bin'
23:15:04.848 [main] DEBUG - Save part 'xl/sharedStrings.xml'
23:15:04.848 [main] DEBUG - Save part 'xl/styles.xml'
23:15:04.848 [main] DEBUG - Save part 'xl/theme/theme1.xml'
23:15:04.848 [main] DEBUG - Save part 'xl/workbook.xml'
23:15:04.848 [main] DEBUG - Save part 'xl/worksheets/sheet1.xml'
23:15:04.849 [main] DEBUG - Save part 'xl/worksheets/sheet2.xml'
23:15:04.849 [main] DEBUG - Save part 'xl/worksheets/sheet3.xml'
23:15:04.876 [main] DEBUG - Save content types part
23:15:04.876 [main] DEBUG - Save package relationships
23:15:04.877 [main] DEBUG - Save part 'docProps/app.xml'
23:15:04.877 [main] DEBUG - Save part 'docProps/core.xml'
23:15:04.877 [main] DEBUG - Save part 'xl/printerSettings/printerSettings1.bin'
23:15:04.877 [main] DEBUG - Save part 'xl/printerSettings/printerSettings2.bin'
23:15:04.877 [main] DEBUG - Save part 'xl/sharedStrings.xml'
23:15:04.878 [main] DEBUG - Save part 'xl/styles.xml'
23:15:04.878 [main] DEBUG - Save part 'xl/theme/theme1.xml'
23:15:04.878 [main] DEBUG - Save part 'xl/workbook.xml'
23:15:04.878 [main] DEBUG - Save part 'xl/worksheets/sheet1.xml'
23:15:04.879 [main] DEBUG - Save part 'xl/worksheets/sheet2.xml'
23:15:04.879 [main] DEBUG - Save part 'xl/worksheets/sheet3.xml'
23:15:04.904 [main] DEBUG - Save content types part
23:15:04.904 [main] DEBUG - Save package relationships
23:15:04.905 [main] DEBUG - Save part 'docProps/app.xml'
23:15:04.905 [main] DEBUG - Save part 'docProps/core.xml'
23:15:04.905 [main] DEBUG - Save part 'xl/printerSettings/printerSettings1.bin'
23:15:04.905 [main] DEBUG - Save part 'xl/printerSettings/printerSettings2.bin'
23:15:04.905 [main] DEBUG - Save part 'xl/sharedStrings.xml'
23:15:04.906 [main] DEBUG - Save part 'xl/styles.xml'
23:15:04.906 [main] DEBUG - Save part 'xl/theme/theme1.xml'
23:15:04.906 [main] DEBUG - Save part 'xl/workbook.xml'
23:15:04.906 [main] DEBUG - Save part 'xl/worksheets/sheet1.xml'
23:15:04.907 [main] DEBUG - Save part 'xl/worksheets/sheet2.xml'
23:15:04.907 [main] DEBUG - Save part 'xl/worksheets/sheet3.xml'
23:15:04.934 [main] DEBUG - Save content types part
23:15:04.935 [main] DEBUG - Save package relationships
23:15:04.935 [main] DEBUG - Save part 'docProps/app.xml'
23:15:04.935 [main] DEBUG - Save part 'docProps/core.xml'
23:15:04.935 [main] DEBUG - Save part 'xl/printerSettings/printerSettings1.bin'
23:15:04.935 [main] DEBUG - Save part 'xl/printerSettings/printerSettings2.bin'
23:15:04.935 [main] DEBUG - Save part 'xl/sharedStrings.xml'
23:15:04.936 [main] DEBUG - Save part 'xl/styles.xml'
23:15:04.936 [main] DEBUG - Save part 'xl/theme/theme1.xml'
23:15:04.936 [main] DEBUG - Save part 'xl/workbook.xml'
23:15:04.936 [main] DEBUG - Save part 'xl/worksheets/sheet1.xml'
23:15:04.937 [main] DEBUG - Save part 'xl/worksheets/sheet2.xml'
23:15:04.937 [main] DEBUG - Save part 'xl/worksheets/sheet3.xml'
23:15:04.960 [main] DEBUG - Save content types part
23:15:04.961 [main] DEBUG - Save package relationships
23:15:04.961 [main] DEBUG - Save part 'docProps/app.xml'
23:15:04.961 [main] DEBUG - Save part 'docProps/core.xml'
23:15:04.962 [main] DEBUG - Save part 'xl/printerSettings/printerSettings1.bin'
23:15:04.962 [main] DEBUG - Save part 'xl/printerSettings/printerSettings2.bin'
23:15:04.962 [main] DEBUG - Save part 'xl/sharedStrings.xml'
23:15:04.962 [main] DEBUG - Save part 'xl/styles.xml'
23:15:04.962 [main] DEBUG - Save part 'xl/theme/theme1.xml'
23:15:04.962 [main] DEBUG - Save part 'xl/workbook.xml'
23:15:04.963 [main] DEBUG - Save part 'xl/worksheets/sheet1.xml'
23:15:04.963 [main] DEBUG - Save part 'xl/worksheets/sheet2.xml'
23:15:04.963 [main] DEBUG - Save part 'xl/worksheets/sheet3.xml'
23:15:04.991 [main] DEBUG - Save content types part
23:15:04.991 [main] DEBUG - Save package relationships
23:15:04.992 [main] DEBUG - Save part 'docProps/app.xml'
23:15:04.992 [main] DEBUG - Save part 'docProps/core.xml'
23:15:04.992 [main] DEBUG - Save part 'xl/printerSettings/printerSettings1.bin'
23:15:04.992 [main] DEBUG - Save part 'xl/printerSettings/printerSettings2.bin'
23:15:04.992 [main] DEBUG - Save part 'xl/sharedStrings.xml'
23:15:04.992 [main] DEBUG - Save part 'xl/styles.xml'
23:15:04.992 [main] DEBUG - Save part 'xl/theme/theme1.xml'
23:15:04.993 [main] DEBUG - Save part 'xl/workbook.xml'
23:15:04.993 [main] DEBUG - Save part 'xl/worksheets/sheet1.xml'
23:15:04.994 [main] DEBUG - Save part 'xl/worksheets/sheet2.xml'
23:15:04.994 [main] DEBUG - Save part 'xl/worksheets/sheet3.xml'
23:15:05.019 [main] DEBUG - Save content types part
23:15:05.020 [main] DEBUG - Save package relationships
23:15:05.020 [main] DEBUG - Save part 'docProps/app.xml'
23:15:05.021 [main] DEBUG - Save part 'docProps/core.xml'
23:15:05.021 [main] DEBUG - Save part 'xl/printerSettings/printerSettings1.bin'
23:15:05.021 [main] DEBUG - Save part 'xl/printerSettings/printerSettings2.bin'
23:15:05.021 [main] DEBUG - Save part 'xl/sharedStrings.xml'
23:15:05.022 [main] DEBUG - Save part 'xl/styles.xml'
23:15:05.022 [main] DEBUG - Save part 'xl/theme/theme1.xml'
23:15:05.022 [main] DEBUG - Save part 'xl/workbook.xml'
23:15:05.022 [main] DEBUG - Save part 'xl/worksheets/sheet1.xml'
23:15:05.023 [main] DEBUG - Save part 'xl/worksheets/sheet2.xml'
23:15:05.024 [main] DEBUG - Save part 'xl/worksheets/sheet3.xml'
23:15:05.046 [main] DEBUG - Save content types part
23:15:05.046 [main] DEBUG - Save package relationships
23:15:05.046 [main] DEBUG - Save part 'docProps/app.xml'
23:15:05.047 [main] DEBUG - Save part 'docProps/core.xml'
23:15:05.047 [main] DEBUG - Save part 'xl/printerSettings/printerSettings1.bin'
23:15:05.047 [main] DEBUG - Save part 'xl/printerSettings/printerSettings2.bin'
23:15:05.047 [main] DEBUG - Save part 'xl/sharedStrings.xml'
23:15:05.047 [main] DEBUG - Save part 'xl/styles.xml'
23:15:05.047 [main] DEBUG - Save part 'xl/theme/theme1.xml'
23:15:05.048 [main] DEBUG - Save part 'xl/workbook.xml'
23:15:05.048 [main] DEBUG - Save part 'xl/worksheets/sheet1.xml'
23:15:05.048 [main] DEBUG - Save part 'xl/worksheets/sheet2.xml'
23:15:05.049 [main] DEBUG - Save part 'xl/worksheets/sheet3.xml'
