17:21:06.114 [main] DEBUG - Save part 'xl/worksheets/sheet6.xml'
17:21:06.117 [main] DEBUG - Save part 'xl/worksheets/sheet7.xml'
17:21:06.118 [main] DEBUG - Save part 'xl/worksheets/sheet8.xml'
17:21:06.118 [main] DEBUG - Save part 'xl/worksheets/sheet9.xml'
17:21:06.139 [main] DEBUG - Save content types part
17:21:06.140 [main] DEBUG - Save package relationships
17:21:06.141 [main] DEBUG - Save part 'docProps/app.xml'
17:21:06.141 [main] DEBUG - Save part 'docProps/core.xml'
17:21:06.141 [main] DEBUG - Save part 'xl/printerSettings/printerSettings1.bin'
17:21:06.142 [main] DEBUG - Save part 'xl/printerSettings/printerSettings2.bin'
17:21:06.149 [main] DEBUG - Save part 'xl/sharedStrings.xml'
17:21:06.149 [main] DEBUG - Save part 'xl/styles.xml'
17:21:06.149 [main] DEBUG - Save part 'xl/theme/theme1.xml'
17:21:06.149 [main] DEBUG - Save part 'xl/workbook.xml'
17:21:06.150 [main] DEBUG - Save part 'xl/worksheets/sheet1.xml'
17:21:06.151 [main] DEBUG - Save part 'xl/worksheets/sheet2.xml'
17:21:06.151 [main] DEBUG - Save part 'xl/worksheets/sheet3.xml'
17:21:06.151 [main] DEBUG - Save part 'xl/worksheets/sheet4.xml'
17:21:06.152 [main] DEBUG - Save part 'xl/worksheets/sheet5.xml'
17:21:06.152 [main] DEBUG - Save part 'xl/worksheets/sheet6.xml'
17:21:06.152 [main] DEBUG - Save part 'xl/worksheets/sheet7.xml'
17:21:06.152 [main] DEBUG - Save part 'xl/worksheets/sheet8.xml'
17:21:06.152 [main] DEBUG - Save part 'xl/worksheets/sheet9.xml'
17:21:06.172 [main] DEBUG - Save content types part
17:21:06.173 [main] DEBUG - Save package relationships
17:21:06.173 [main] DEBUG - Save part 'docProps/app.xml'
17:21:06.173 [main] DEBUG - Save part 'docProps/core.xml'
17:21:06.174 [main] DEBUG - Save part 'xl/printerSettings/printerSettings1.bin'
17:21:06.174 [main] DEBUG - Save part 'xl/printerSettings/printerSettings2.bin'
17:21:06.175 [main] DEBUG - Save part 'xl/sharedStrings.xml'
17:21:06.175 [main] DEBUG - Save part 'xl/styles.xml'
17:21:06.175 [main] DEBUG - Save part 'xl/theme/theme1.xml'
17:21:06.175 [main] DEBUG - Save part 'xl/workbook.xml'
17:21:06.175 [main] DEBUG - Save part 'xl/worksheets/sheet1.xml'
17:21:06.176 [main] DEBUG - Save part 'xl/worksheets/sheet2.xml'
17:21:06.176 [main] DEBUG - Save part 'xl/worksheets/sheet3.xml'
17:21:06.176 [main] DEBUG - Save part 'xl/worksheets/sheet4.xml'
17:21:06.177 [main] DEBUG - Save part 'xl/worksheets/sheet5.xml'
17:21:06.177 [main] DEBUG - Save part 'xl/worksheets/sheet6.xml'
17:21:06.177 [main] DEBUG - Save part 'xl/worksheets/sheet7.xml'
17:21:06.177 [main] DEBUG - Save part 'xl/worksheets/sheet8.xml'
17:21:06.177 [main] DEBUG - Save part 'xl/worksheets/sheet9.xml'
17:21:06.195 [main] DEBUG - Save content types part
17:21:06.196 [main] DEBUG - Save package relationships
17:21:06.196 [main] DEBUG - Save part 'docProps/app.xml'
17:21:06.196 [main] DEBUG - Save part 'docProps/core.xml'
17:21:06.197 [main] DEBUG - Save part 'xl/printerSettings/printerSettings1.bin'
17:21:06.197 [main] DEBUG - Save part 'xl/printerSettings/printerSettings2.bin'
17:21:06.197 [main] DEBUG - Save part 'xl/sharedStrings.xml'
17:21:06.197 [main] DEBUG - Save part 'xl/styles.xml'
17:21:06.197 [main] DEBUG - Save part 'xl/theme/theme1.xml'
17:21:06.198 [main] DEBUG - Save part 'xl/workbook.xml'
17:21:06.198 [main] DEBUG - Save part 'xl/worksheets/sheet1.xml'
17:21:06.199 [main] DEBUG - Save part 'xl/worksheets/sheet2.xml'
17:21:06.199 [main] DEBUG - Save part 'xl/worksheets/sheet3.xml'
17:21:06.199 [main] DEBUG - Save part 'xl/worksheets/sheet4.xml'
17:21:06.199 [main] DEBUG - Save part 'xl/worksheets/sheet5.xml'
17:21:06.200 [main] DEBUG - Save part 'xl/worksheets/sheet6.xml'
17:21:06.200 [main] DEBUG - Save part 'xl/worksheets/sheet7.xml'
17:21:06.200 [main] DEBUG - Save part 'xl/worksheets/sheet8.xml'
17:21:06.200 [main] DEBUG - Save part 'xl/worksheets/sheet9.xml'
17:21:06.217 [main] DEBUG - Save content types part
17:21:06.218 [main] DEBUG - Save package relationships
17:21:06.218 [main] DEBUG - Save part 'docProps/app.xml'
17:21:06.218 [main] DEBUG - Save part 'docProps/core.xml'
17:21:06.219 [main] DEBUG - Save part 'xl/printerSettings/printerSettings1.bin'
17:21:06.219 [main] DEBUG - Save part 'xl/printerSettings/printerSettings2.bin'
17:21:06.219 [main] DEBUG - Save part 'xl/sharedStrings.xml'
17:21:06.219 [main] DEBUG - Save part 'xl/styles.xml'
17:21:06.220 [main] DEBUG - Save part 'xl/theme/theme1.xml'
17:21:06.220 [main] DEBUG - Save part 'xl/workbook.xml'
17:21:06.221 [main] DEBUG - Save part 'xl/worksheets/sheet1.xml'
17:21:06.222 [main] DEBUG - Save part 'xl/worksheets/sheet2.xml'
17:21:06.223 [main] DEBUG - Save part 'xl/worksheets/sheet3.xml'
17:21:06.223 [main] DEBUG - Save part 'xl/worksheets/sheet4.xml'
17:21:06.223 [main] DEBUG - Save part 'xl/worksheets/sheet5.xml'
17:21:06.223 [main] DEBUG - Save part 'xl/worksheets/sheet6.xml'
17:21:06.223 [main] DEBUG - Save part 'xl/worksheets/sheet7.xml'
17:21:06.223 [main] DEBUG - Save part 'xl/worksheets/sheet8.xml'
17:21:06.224 [main] DEBUG - Save part 'xl/worksheets/sheet9.xml'
17:21:06.250 [main] DEBUG - Save content types part
17:21:06.251 [main] DEBUG - Save package relationships
17:21:06.251 [main] DEBUG - Save part 'docProps/app.xml'
17:21:06.252 [main] DEBUG - Save part 'docProps/core.xml'
17:21:06.252 [main] DEBUG - Save part 'xl/printerSettings/printerSettings1.bin'
17:21:06.252 [main] DEBUG - Save part 'xl/printerSettings/printerSettings2.bin'
17:21:06.252 [main] DEBUG - Save part 'xl/sharedStrings.xml'
17:21:06.253 [main] DEBUG - Save part 'xl/styles.xml'
17:21:06.253 [main] DEBUG - Save part 'xl/theme/theme1.xml'
17:21:06.253 [main] DEBUG - Save part 'xl/workbook.xml'
17:21:06.254 [main] DEBUG - Save part 'xl/worksheets/sheet1.xml'
17:21:06.254 [main] DEBUG - Save part 'xl/worksheets/sheet2.xml'
17:21:06.255 [main] DEBUG - Save part 'xl/worksheets/sheet3.xml'
17:21:06.255 [main] DEBUG - Save part 'xl/worksheets/sheet4.xml'
17:21:06.255 [main] DEBUG - Save part 'xl/worksheets/sheet5.xml'
17:21:06.255 [main] DEBUG - Save part 'xl/worksheets/sheet6.xml'
17:21:06.255 [main] DEBUG - Save part 'xl/worksheets/sheet7.xml'
17:21:06.255 [main] DEBUG - Save part 'xl/worksheets/sheet8.xml'
17:21:06.255 [main] DEBUG - Save part 'xl/worksheets/sheet9.xml'
17:21:06.288 [main] DEBUG - Save content types part
17:21:06.288 [main] DEBUG - Save package relationships
17:21:06.289 [main] DEBUG - Save part 'docProps/app.xml'
17:21:06.289 [main] DEBUG - Save part 'docProps/core.xml'
17:21:06.290 [main] DEBUG - Save part 'xl/printerSettings/printerSettings1.bin'
17:21:06.290 [main] DEBUG - Save part 'xl/printerSettings/printerSettings2.bin'
17:21:06.290 [main] DEBUG - Save part 'xl/sharedStrings.xml'
17:21:06.290 [main] DEBUG - Save part 'xl/styles.xml'
17:21:06.290 [main] DEBUG - Save part 'xl/theme/theme1.xml'
17:21:06.290 [main] DEBUG - Save part 'xl/workbook.xml'
17:21:06.291 [main] DEBUG - Save part 'xl/worksheets/sheet1.xml'
17:21:06.292 [main] DEBUG - Save part 'xl/worksheets/sheet2.xml'
17:21:06.292 [main] DEBUG - Save part 'xl/worksheets/sheet3.xml'
17:21:06.293 [main] DEBUG - Save part 'xl/worksheets/sheet4.xml'
17:21:06.293 [main] DEBUG - Save part 'xl/worksheets/sheet5.xml'
17:21:06.293 [main] DEBUG - Save part 'xl/worksheets/sheet6.xml'
17:21:06.293 [main] DEBUG - Save part 'xl/worksheets/sheet7.xml'
17:21:06.293 [main] DEBUG - Save part 'xl/worksheets/sheet8.xml'
17:21:06.293 [main] DEBUG - Save part 'xl/worksheets/sheet9.xml'
17:21:06.322 [main] DEBUG - Save content types part
17:21:06.323 [main] DEBUG - Save package relationships
17:21:06.323 [main] DEBUG - Save part 'docProps/app.xml'
17:21:06.323 [main] DEBUG - Save part 'docProps/core.xml'
17:21:06.324 [main] DEBUG - Save part 'xl/printerSettings/printerSettings1.bin'
17:21:06.324 [main] DEBUG - Save part 'xl/printerSettings/printerSettings2.bin'
17:21:06.324 [main] DEBUG - Save part 'xl/sharedStrings.xml'
17:21:06.324 [main] DEBUG - Save part 'xl/styles.xml'
17:21:06.325 [main] DEBUG - Save part 'xl/theme/theme1.xml'
17:21:06.325 [main] DEBUG - Save part 'xl/workbook.xml'
17:21:06.328 [main] DEBUG - Save part 'xl/worksheets/sheet1.xml'
17:21:06.329 [main] DEBUG - Save part 'xl/worksheets/sheet2.xml'
17:21:06.330 [main] DEBUG - Save part 'xl/worksheets/sheet3.xml'
17:21:06.330 [main] DEBUG - Save part 'xl/worksheets/sheet4.xml'
17:21:06.330 [main] DEBUG - Save part 'xl/worksheets/sheet5.xml'
17:21:06.330 [main] DEBUG - Save part 'xl/worksheets/sheet6.xml'
17:21:06.331 [main] DEBUG - Save part 'xl/worksheets/sheet7.xml'
17:21:06.331 [main] DEBUG - Save part 'xl/worksheets/sheet8.xml'
17:21:06.331 [main] DEBUG - Save part 'xl/worksheets/sheet9.xml'
17:21:06.361 [main] DEBUG - Save content types part
17:21:06.361 [main] DEBUG - Save package relationships
17:21:06.362 [main] DEBUG - Save part 'docProps/app.xml'
17:21:06.362 [main] DEBUG - Save part 'docProps/core.xml'
17:21:06.363 [main] DEBUG - Save part 'xl/printerSettings/printerSettings1.bin'
17:21:06.363 [main] DEBUG - Save part 'xl/printerSettings/printerSettings2.bin'
17:21:06.363 [main] DEBUG - Save part 'xl/sharedStrings.xml'
17:21:06.363 [main] DEBUG - Save part 'xl/styles.xml'
17:21:06.363 [main] DEBUG - Save part 'xl/theme/theme1.xml'
17:21:06.363 [main] DEBUG - Save part 'xl/workbook.xml'
17:21:06.364 [main] DEBUG - Save part 'xl/worksheets/sheet1.xml'
17:21:06.365 [main] DEBUG - Save part 'xl/worksheets/sheet2.xml'
17:21:06.365 [main] DEBUG - Save part 'xl/worksheets/sheet3.xml'
17:21:06.365 [main] DEBUG - Save part 'xl/worksheets/sheet4.xml'
17:21:06.365 [main] DEBUG - Save part 'xl/worksheets/sheet5.xml'
17:21:06.365 [main] DEBUG - Save part 'xl/worksheets/sheet6.xml'
17:21:06.365 [main] DEBUG - Save part 'xl/worksheets/sheet7.xml'
17:21:06.366 [main] DEBUG - Save part 'xl/worksheets/sheet8.xml'
17:21:06.366 [main] DEBUG - Save part 'xl/worksheets/sheet9.xml'
17:21:06.393 [main] DEBUG - Save content types part
17:21:06.394 [main] DEBUG - Save package relationships
17:21:06.394 [main] DEBUG - Save part 'docProps/app.xml'
17:21:06.395 [main] DEBUG - Save part 'docProps/core.xml'
17:21:06.395 [main] DEBUG - Save part 'xl/printerSettings/printerSettings1.bin'
17:21:06.395 [main] DEBUG - Save part 'xl/printerSettings/printerSettings2.bin'
17:21:06.395 [main] DEBUG - Save part 'xl/sharedStrings.xml'
17:21:06.396 [main] DEBUG - Save part 'xl/styles.xml'
17:21:06.396 [main] DEBUG - Save part 'xl/theme/theme1.xml'
17:21:06.396 [main] DEBUG - Save part 'xl/workbook.xml'
17:21:06.396 [main] DEBUG - Save part 'xl/worksheets/sheet1.xml'
17:21:06.397 [main] DEBUG - Save part 'xl/worksheets/sheet2.xml'
17:21:06.397 [main] DEBUG - Save part 'xl/worksheets/sheet3.xml'
17:21:06.398 [main] DEBUG - Save part 'xl/worksheets/sheet4.xml'
17:21:06.398 [main] DEBUG - Save part 'xl/worksheets/sheet5.xml'
17:21:06.398 [main] DEBUG - Save part 'xl/worksheets/sheet6.xml'
17:21:06.398 [main] DEBUG - Save part 'xl/worksheets/sheet7.xml'
17:21:06.398 [main] DEBUG - Save part 'xl/worksheets/sheet8.xml'
17:21:06.398 [main] DEBUG - Save part 'xl/worksheets/sheet9.xml'
17:21:06.443 [main] DEBUG - Save content types part
17:21:06.444 [main] DEBUG - Save package relationships
17:21:06.445 [main] DEBUG - Save part 'docProps/app.xml'
17:21:06.445 [main] DEBUG - Save part 'docProps/core.xml'
17:21:06.446 [main] DEBUG - Save part 'xl/printerSettings/printerSettings1.bin'
17:21:06.446 [main] DEBUG - Save part 'xl/printerSettings/printerSettings2.bin'
17:21:06.446 [main] DEBUG - Save part 'xl/sharedStrings.xml'
17:21:06.446 [main] DEBUG - Save part 'xl/styles.xml'
17:21:06.446 [main] DEBUG - Save part 'xl/theme/theme1.xml'
17:21:06.447 [main] DEBUG - Save part 'xl/workbook.xml'
17:21:06.447 [main] DEBUG - Save part 'xl/worksheets/sheet1.xml'
17:21:06.448 [main] DEBUG - Save part 'xl/worksheets/sheet2.xml'
17:21:06.449 [main] DEBUG - Save part 'xl/worksheets/sheet3.xml'
17:21:06.449 [main] DEBUG - Save part 'xl/worksheets/sheet4.xml'
17:21:06.449 [main] DEBUG - Save part 'xl/worksheets/sheet5.xml'
17:21:06.450 [main] DEBUG - Save part 'xl/worksheets/sheet6.xml'
17:21:06.450 [main] DEBUG - Save part 'xl/worksheets/sheet7.xml'
17:21:06.450 [main] DEBUG - Save part 'xl/worksheets/sheet8.xml'
17:21:06.451 [main] DEBUG - Save part 'xl/worksheets/sheet9.xml'
17:21:06.482 [main] DEBUG - Save content types part
17:21:06.482 [main] DEBUG - Save package relationships
17:21:06.483 [main] DEBUG - Save part 'docProps/app.xml'
17:21:06.483 [main] DEBUG - Save part 'docProps/core.xml'
17:21:06.483 [main] DEBUG - Save part 'xl/printerSettings/printerSettings1.bin'
17:21:06.484 [main] DEBUG - Save part 'xl/printerSettings/printerSettings2.bin'
17:21:06.484 [main] DEBUG - Save part 'xl/sharedStrings.xml'
17:21:06.484 [main] DEBUG - Save part 'xl/styles.xml'
17:21:06.484 [main] DEBUG - Save part 'xl/theme/theme1.xml'
17:21:06.484 [main] DEBUG - Save part 'xl/workbook.xml'
17:21:06.485 [main] DEBUG - Save part 'xl/worksheets/sheet1.xml'
17:21:06.486 [main] DEBUG - Save part 'xl/worksheets/sheet2.xml'
17:21:06.486 [main] DEBUG - Save part 'xl/worksheets/sheet3.xml'
17:21:06.486 [main] DEBUG - Save part 'xl/worksheets/sheet4.xml'
17:21:06.486 [main] DEBUG - Save part 'xl/worksheets/sheet5.xml'
17:21:06.486 [main] DEBUG - Save part 'xl/worksheets/sheet6.xml'
17:21:06.487 [main] DEBUG - Save part 'xl/worksheets/sheet7.xml'
17:21:06.487 [main] DEBUG - Save part 'xl/worksheets/sheet8.xml'
17:21:06.487 [main] DEBUG - Save part 'xl/worksheets/sheet9.xml'
17:21:06.515 [main] DEBUG - Save content types part
17:21:06.516 [main] DEBUG - Save package relationships
17:21:06.516 [main] DEBUG - Save part 'docProps/app.xml'
17:21:06.517 [main] DEBUG - Save part 'docProps/core.xml'
17:21:06.518 [main] DEBUG - Save part 'xl/printerSettings/printerSettings1.bin'
17:21:06.518 [main] DEBUG - Save part 'xl/printerSettings/printerSettings2.bin'
17:21:06.518 [main] DEBUG - Save part 'xl/sharedStrings.xml'
17:21:06.518 [main] DEBUG - Save part 'xl/styles.xml'
17:21:06.519 [main] DEBUG - Save part 'xl/theme/theme1.xml'
17:21:06.519 [main] DEBUG - Save part 'xl/workbook.xml'
17:21:06.520 [main] DEBUG - Save part 'xl/worksheets/sheet1.xml'
17:21:06.521 [main] DEBUG - Save part 'xl/worksheets/sheet2.xml'
17:21:06.522 [main] DEBUG - Save part 'xl/worksheets/sheet3.xml'
17:21:06.522 [main] DEBUG - Save part 'xl/worksheets/sheet4.xml'
17:21:06.523 [main] DEBUG - Save part 'xl/worksheets/sheet5.xml'
17:21:06.523 [main] DEBUG - Save part 'xl/worksheets/sheet6.xml'
17:21:06.523 [main] DEBUG - Save part 'xl/worksheets/sheet7.xml'
17:21:06.523 [main] DEBUG - Save part 'xl/worksheets/sheet8.xml'
17:21:06.523 [main] DEBUG - Save part 'xl/worksheets/sheet9.xml'
17:21:06.552 [main] DEBUG - Save content types part
17:21:06.553 [main] DEBUG - Save package relationships
17:21:06.554 [main] DEBUG - Save part 'docProps/app.xml'
17:21:06.554 [main] DEBUG - Save part 'docProps/core.xml'
17:21:06.554 [main] DEBUG - Save part 'xl/printerSettings/printerSettings1.bin'
17:21:06.554 [main] DEBUG - Save part 'xl/printerSettings/printerSettings2.bin'
17:21:06.555 [main] DEBUG - Save part 'xl/sharedStrings.xml'
17:21:06.555 [main] DEBUG - Save part 'xl/styles.xml'
17:21:06.555 [main] DEBUG - Save part 'xl/theme/theme1.xml'
17:21:06.555 [main] DEBUG - Save part 'xl/workbook.xml'
17:21:06.556 [main] DEBUG - Save part 'xl/worksheets/sheet1.xml'
17:21:06.556 [main] DEBUG - Save part 'xl/worksheets/sheet2.xml'
17:21:06.557 [main] DEBUG - Save part 'xl/worksheets/sheet3.xml'
17:21:06.557 [main] DEBUG - Save part 'xl/worksheets/sheet4.xml'
17:21:06.557 [main] DEBUG - Save part 'xl/worksheets/sheet5.xml'
17:21:06.557 [main] DEBUG - Save part 'xl/worksheets/sheet6.xml'
17:21:06.557 [main] DEBUG - Save part 'xl/worksheets/sheet7.xml'
17:21:06.557 [main] DEBUG - Save part 'xl/worksheets/sheet8.xml'
17:21:06.557 [main] DEBUG - Save part 'xl/worksheets/sheet9.xml'
17:21:06.585 [main] DEBUG - Save content types part
17:21:06.586 [main] DEBUG - Save package relationships
17:21:06.586 [main] DEBUG - Save part 'docProps/app.xml'
17:21:06.586 [main] DEBUG - Save part 'docProps/core.xml'
17:21:06.587 [main] DEBUG - Save part 'xl/printerSettings/printerSettings1.bin'
17:21:06.587 [main] DEBUG - Save part 'xl/printerSettings/printerSettings2.bin'
17:21:06.587 [main] DEBUG - Save part 'xl/sharedStrings.xml'
17:21:06.587 [main] DEBUG - Save part 'xl/styles.xml'
17:21:06.587 [main] DEBUG - Save part 'xl/theme/theme1.xml'
17:21:06.588 [main] DEBUG - Save part 'xl/workbook.xml'
17:21:06.588 [main] DEBUG - Save part 'xl/worksheets/sheet1.xml'
17:21:06.589 [main] DEBUG - Save part 'xl/worksheets/sheet2.xml'
17:21:06.590 [main] DEBUG - Save part 'xl/worksheets/sheet3.xml'
17:21:06.590 [main] DEBUG - Save part 'xl/worksheets/sheet4.xml'
17:21:06.590 [main] DEBUG - Save part 'xl/worksheets/sheet5.xml'
17:21:06.590 [main] DEBUG - Save part 'xl/worksheets/sheet6.xml'
17:21:06.590 [main] DEBUG - Save part 'xl/worksheets/sheet7.xml'
17:21:06.590 [main] DEBUG - Save part 'xl/worksheets/sheet8.xml'
17:21:06.590 [main] DEBUG - Save part 'xl/worksheets/sheet9.xml'
17:21:06.620 [main] DEBUG - Save content types part
17:21:06.621 [main] DEBUG - Save package relationships
17:21:06.621 [main] DEBUG - Save part 'docProps/app.xml'
17:21:06.621 [main] DEBUG - Save part 'docProps/core.xml'
17:21:06.622 [main] DEBUG - Save part 'xl/printerSettings/printerSettings1.bin'
17:21:06.622 [main] DEBUG - Save part 'xl/printerSettings/printerSettings2.bin'
17:21:06.622 [main] DEBUG - Save part 'xl/sharedStrings.xml'
17:21:06.622 [main] DEBUG - Save part 'xl/styles.xml'
17:21:06.623 [main] DEBUG - Save part 'xl/theme/theme1.xml'
17:21:06.623 [main] DEBUG - Save part 'xl/workbook.xml'
17:21:06.624 [main] DEBUG - Save part 'xl/worksheets/sheet1.xml'
17:21:06.624 [main] DEBUG - Save part 'xl/worksheets/sheet2.xml'
17:21:06.625 [main] DEBUG - Save part 'xl/worksheets/sheet3.xml'
17:21:06.625 [main] DEBUG - Save part 'xl/worksheets/sheet4.xml'
17:21:06.625 [main] DEBUG - Save part 'xl/worksheets/sheet5.xml'
17:21:06.626 [main] DEBUG - Save part 'xl/worksheets/sheet6.xml'
17:21:06.626 [main] DEBUG - Save part 'xl/worksheets/sheet7.xml'
17:21:06.626 [main] DEBUG - Save part 'xl/worksheets/sheet8.xml'
17:21:06.626 [main] DEBUG - Save part 'xl/worksheets/sheet9.xml'
17:21:06.661 [main] DEBUG - Save content types part
17:21:06.662 [main] DEBUG - Save package relationships
17:21:06.662 [main] DEBUG - Save part 'docProps/app.xml'
17:21:06.663 [main] DEBUG - Save part 'docProps/core.xml'
17:21:06.663 [main] DEBUG - Save part 'xl/printerSettings/printerSettings1.bin'
17:21:06.664 [main] DEBUG - Save part 'xl/printerSettings/printerSettings2.bin'
17:21:06.664 [main] DEBUG - Save part 'xl/sharedStrings.xml'
17:21:06.664 [main] DEBUG - Save part 'xl/styles.xml'
17:21:06.664 [main] DEBUG - Save part 'xl/theme/theme1.xml'
17:21:06.665 [main] DEBUG - Save part 'xl/workbook.xml'
17:21:06.666 [main] DEBUG - Save part 'xl/worksheets/sheet1.xml'
17:21:06.667 [main] DEBUG - Save part 'xl/worksheets/sheet2.xml'
17:21:06.668 [main] DEBUG - Save part 'xl/worksheets/sheet3.xml'
17:21:06.668 [main] DEBUG - Save part 'xl/worksheets/sheet4.xml'
17:21:06.668 [main] DEBUG - Save part 'xl/worksheets/sheet5.xml'
17:21:06.668 [main] DEBUG - Save part 'xl/worksheets/sheet6.xml'
17:21:06.668 [main] DEBUG - Save part 'xl/worksheets/sheet7.xml'
17:21:06.669 [main] DEBUG - Save part 'xl/worksheets/sheet8.xml'
17:21:06.669 [main] DEBUG - Save part 'xl/worksheets/sheet9.xml'
17:21:06.694 [main] DEBUG - Save content types part
17:21:06.695 [main] DEBUG - Save package relationships
17:21:06.695 [main] DEBUG - Save part 'docProps/app.xml'
17:21:06.695 [main] DEBUG - Save part 'docProps/core.xml'
17:21:06.696 [main] DEBUG - Save part 'xl/printerSettings/printerSettings1.bin'
17:21:06.696 [main] DEBUG - Save part 'xl/printerSettings/printerSettings2.bin'
17:21:06.697 [main] DEBUG - Save part 'xl/sharedStrings.xml'
17:21:06.697 [main] DEBUG - Save part 'xl/styles.xml'
17:21:06.697 [main] DEBUG - Save part 'xl/theme/theme1.xml'
17:21:06.697 [main] DEBUG - Save part 'xl/workbook.xml'
17:21:06.698 [main] DEBUG - Save part 'xl/worksheets/sheet1.xml'
17:21:06.699 [main] DEBUG - Save part 'xl/worksheets/sheet2.xml'
17:21:06.699 [main] DEBUG - Save part 'xl/worksheets/sheet3.xml'
17:21:06.699 [main] DEBUG - Save part 'xl/worksheets/sheet4.xml'
17:21:06.699 [main] DEBUG - Save part 'xl/worksheets/sheet5.xml'
17:21:06.700 [main] DEBUG - Save part 'xl/worksheets/sheet6.xml'
17:21:06.700 [main] DEBUG - Save part 'xl/worksheets/sheet7.xml'
17:21:06.700 [main] DEBUG - Save part 'xl/worksheets/sheet8.xml'
17:21:06.700 [main] DEBUG - Save part 'xl/worksheets/sheet9.xml'
17:21:06.731 [main] DEBUG - Save content types part
17:21:06.732 [main] DEBUG - Save package relationships
17:21:06.733 [main] DEBUG - Save part 'docProps/app.xml'
17:21:06.733 [main] DEBUG - Save part 'docProps/core.xml'
17:21:06.734 [main] DEBUG - Save part 'xl/printerSettings/printerSettings1.bin'
17:21:06.734 [main] DEBUG - Save part 'xl/printerSettings/printerSettings2.bin'
17:21:06.734 [main] DEBUG - Save part 'xl/sharedStrings.xml'
17:21:06.735 [main] DEBUG - Save part 'xl/styles.xml'
17:21:06.735 [main] DEBUG - Save part 'xl/theme/theme1.xml'
17:21:06.735 [main] DEBUG - Save part 'xl/workbook.xml'
17:21:06.736 [main] DEBUG - Save part 'xl/worksheets/sheet1.xml'
17:21:06.737 [main] DEBUG - Save part 'xl/worksheets/sheet2.xml'
17:21:06.738 [main] DEBUG - Save part 'xl/worksheets/sheet3.xml'
17:21:06.738 [main] DEBUG - Save part 'xl/worksheets/sheet4.xml'
17:21:06.738 [main] DEBUG - Save part 'xl/worksheets/sheet5.xml'
17:21:06.738 [main] DEBUG - Save part 'xl/worksheets/sheet6.xml'
17:21:06.738 [main] DEBUG - Save part 'xl/worksheets/sheet7.xml'
17:21:06.738 [main] DEBUG - Save part 'xl/worksheets/sheet8.xml'
17:21:06.738 [main] DEBUG - Save part 'xl/worksheets/sheet9.xml'
17:21:06.772 [main] DEBUG - Save content types part
17:21:06.773 [main] DEBUG - Save package relationships
17:21:06.774 [main] DEBUG - Save part 'docProps/app.xml'
17:21:06.774 [main] DEBUG - Save part 'docProps/core.xml'
17:21:06.775 [main] DEBUG - Save part 'xl/printerSettings/printerSettings1.bin'
17:21:06.775 [main] DEBUG - Save part 'xl/printerSettings/printerSettings2.bin'
17:21:06.775 [main] DEBUG - Save part 'xl/sharedStrings.xml'
17:21:06.775 [main] DEBUG - Save part 'xl/styles.xml'
17:21:06.777 [main] DEBUG - Save part 'xl/theme/theme1.xml'
17:21:06.777 [main] DEBUG - Save part 'xl/workbook.xml'
17:21:06.778 [main] DEBUG - Save part 'xl/worksheets/sheet1.xml'
17:21:06.779 [main] DEBUG - Save part 'xl/worksheets/sheet2.xml'
17:21:06.780 [main] DEBUG - Save part 'xl/worksheets/sheet3.xml'
17:21:06.780 [main] DEBUG - Save part 'xl/worksheets/sheet4.xml'
17:21:06.780 [main] DEBUG - Save part 'xl/worksheets/sheet5.xml'
17:21:06.780 [main] DEBUG - Save part 'xl/worksheets/sheet6.xml'
17:21:06.781 [main] DEBUG - Save part 'xl/worksheets/sheet7.xml'
17:21:06.781 [main] DEBUG - Save part 'xl/worksheets/sheet8.xml'
17:21:06.781 [main] DEBUG - Save part 'xl/worksheets/sheet9.xml'
17:21:06.813 [main] DEBUG - Save content types part
17:21:06.814 [main] DEBUG - Save package relationships
17:21:06.815 [main] DEBUG - Save part 'docProps/app.xml'
17:21:06.815 [main] DEBUG - Save part 'docProps/core.xml'
17:21:06.816 [main] DEBUG - Save part 'xl/printerSettings/printerSettings1.bin'
17:21:06.816 [main] DEBUG - Save part 'xl/printerSettings/printerSettings2.bin'
17:21:06.817 [main] DEBUG - Save part 'xl/sharedStrings.xml'
17:21:06.817 [main] DEBUG - Save part 'xl/styles.xml'
17:21:06.817 [main] DEBUG - Save part 'xl/theme/theme1.xml'
17:21:06.817 [main] DEBUG - Save part 'xl/workbook.xml'
17:21:06.818 [main] DEBUG - Save part 'xl/worksheets/sheet1.xml'
17:21:06.819 [main] DEBUG - Save part 'xl/worksheets/sheet2.xml'
17:21:06.820 [main] DEBUG - Save part 'xl/worksheets/sheet3.xml'
17:21:06.820 [main] DEBUG - Save part 'xl/worksheets/sheet4.xml'
17:21:06.821 [main] DEBUG - Save part 'xl/worksheets/sheet5.xml'
17:21:06.821 [main] DEBUG - Save part 'xl/worksheets/sheet6.xml'
17:21:06.821 [main] DEBUG - Save part 'xl/worksheets/sheet7.xml'
17:21:06.821 [main] DEBUG - Save part 'xl/worksheets/sheet8.xml'
17:21:06.822 [main] DEBUG - Save part 'xl/worksheets/sheet9.xml'
17:21:06.876 [main] DEBUG - Save content types part
17:21:06.877 [main] DEBUG - Save package relationships
17:21:06.877 [main] DEBUG - Save part 'docProps/app.xml'
17:21:06.877 [main] DEBUG - Save part 'docProps/core.xml'
17:21:06.878 [main] DEBUG - Save part 'xl/printerSettings/printerSettings1.bin'
17:21:06.878 [main] DEBUG - Save part 'xl/printerSettings/printerSettings2.bin'
17:21:06.878 [main] DEBUG - Save part 'xl/sharedStrings.xml'
17:21:06.878 [main] DEBUG - Save part 'xl/styles.xml'
17:21:06.878 [main] DEBUG - Save part 'xl/theme/theme1.xml'
17:21:06.878 [main] DEBUG - Save part 'xl/workbook.xml'
17:21:06.879 [main] DEBUG - Save part 'xl/worksheets/sheet1.xml'
17:21:06.880 [main] DEBUG - Save part 'xl/worksheets/sheet2.xml'
17:21:06.880 [main] DEBUG - Save part 'xl/worksheets/sheet3.xml'
17:21:06.880 [main] DEBUG - Save part 'xl/worksheets/sheet4.xml'
17:21:06.880 [main] DEBUG - Save part 'xl/worksheets/sheet5.xml'
17:21:06.880 [main] DEBUG - Save part 'xl/worksheets/sheet6.xml'
17:21:06.880 [main] DEBUG - Save part 'xl/worksheets/sheet7.xml'
17:21:06.880 [main] DEBUG - Save part 'xl/worksheets/sheet8.xml'
17:21:06.881 [main] DEBUG - Save part 'xl/worksheets/sheet9.xml'
17:21:06.908 [main] DEBUG - Save content types part
17:21:06.909 [main] DEBUG - Save package relationships
17:21:06.910 [main] DEBUG - Save part 'docProps/app.xml'
17:21:06.910 [main] DEBUG - Save part 'docProps/core.xml'
17:21:06.910 [main] DEBUG - Save part 'xl/printerSettings/printerSettings1.bin'
17:21:06.910 [main] DEBUG - Save part 'xl/printerSettings/printerSettings2.bin'
17:21:06.910 [main] DEBUG - Save part 'xl/sharedStrings.xml'
17:21:06.911 [main] DEBUG - Save part 'xl/styles.xml'
17:21:06.911 [main] DEBUG - Save part 'xl/theme/theme1.xml'
17:21:06.911 [main] DEBUG - Save part 'xl/workbook.xml'
17:21:06.911 [main] DEBUG - Save part 'xl/worksheets/sheet1.xml'
17:21:06.912 [main] DEBUG - Save part 'xl/worksheets/sheet2.xml'
17:21:06.912 [main] DEBUG - Save part 'xl/worksheets/sheet3.xml'
17:21:06.912 [main] DEBUG - Save part 'xl/worksheets/sheet4.xml'
17:21:06.913 [main] DEBUG - Save part 'xl/worksheets/sheet5.xml'
17:21:06.913 [main] DEBUG - Save part 'xl/worksheets/sheet6.xml'
17:21:06.913 [main] DEBUG - Save part 'xl/worksheets/sheet7.xml'
17:21:06.913 [main] DEBUG - Save part 'xl/worksheets/sheet8.xml'
17:21:06.913 [main] DEBUG - Save part 'xl/worksheets/sheet9.xml'
17:21:06.941 [main] DEBUG - Save content types part
17:21:06.942 [main] DEBUG - Save package relationships
17:21:06.942 [main] DEBUG - Save part 'docProps/app.xml'
17:21:06.942 [main] DEBUG - Save part 'docProps/core.xml'
17:21:06.943 [main] DEBUG - Save part 'xl/printerSettings/printerSettings1.bin'
17:21:06.943 [main] DEBUG - Save part 'xl/printerSettings/printerSettings2.bin'
17:21:06.943 [main] DEBUG - Save part 'xl/sharedStrings.xml'
17:21:06.943 [main] DEBUG - Save part 'xl/styles.xml'
17:21:06.943 [main] DEBUG - Save part 'xl/theme/theme1.xml'
17:21:06.943 [main] DEBUG - Save part 'xl/workbook.xml'
17:21:06.944 [main] DEBUG - Save part 'xl/worksheets/sheet1.xml'
17:21:06.945 [main] DEBUG - Save part 'xl/worksheets/sheet2.xml'
17:21:06.945 [main] DEBUG - Save part 'xl/worksheets/sheet3.xml'
17:21:06.946 [main] DEBUG - Save part 'xl/worksheets/sheet4.xml'
17:21:06.946 [main] DEBUG - Save part 'xl/worksheets/sheet5.xml'
17:21:06.946 [main] DEBUG - Save part 'xl/worksheets/sheet6.xml'
17:21:06.946 [main] DEBUG - Save part 'xl/worksheets/sheet7.xml'
17:21:06.946 [main] DEBUG - Save part 'xl/worksheets/sheet8.xml'
17:21:06.948 [main] DEBUG - Save part 'xl/worksheets/sheet9.xml'
17:21:06.973 [main] DEBUG - Save content types part
17:21:06.974 [main] DEBUG - Save package relationships
17:21:06.975 [main] DEBUG - Save part 'docProps/app.xml'
17:21:06.975 [main] DEBUG - Save part 'docProps/core.xml'
17:21:06.975 [main] DEBUG - Save part 'xl/printerSettings/printerSettings1.bin'
17:21:06.975 [main] DEBUG - Save part 'xl/printerSettings/printerSettings2.bin'
17:21:06.976 [main] DEBUG - Save part 'xl/sharedStrings.xml'
17:21:06.976 [main] DEBUG - Save part 'xl/styles.xml'
17:21:06.976 [main] DEBUG - Save part 'xl/theme/theme1.xml'
17:21:06.976 [main] DEBUG - Save part 'xl/workbook.xml'
17:21:06.977 [main] DEBUG - Save part 'xl/worksheets/sheet1.xml'
17:21:06.977 [main] DEBUG - Save part 'xl/worksheets/sheet2.xml'
17:21:06.978 [main] DEBUG - Save part 'xl/worksheets/sheet3.xml'
17:21:06.978 [main] DEBUG - Save part 'xl/worksheets/sheet4.xml'
17:21:06.978 [main] DEBUG - Save part 'xl/worksheets/sheet5.xml'
17:21:06.978 [main] DEBUG - Save part 'xl/worksheets/sheet6.xml'
17:21:06.978 [main] DEBUG - Save part 'xl/worksheets/sheet7.xml'
17:21:06.978 [main] DEBUG - Save part 'xl/worksheets/sheet8.xml'
17:21:06.978 [main] DEBUG - Save part 'xl/worksheets/sheet9.xml'
17:21:07.005 [main] DEBUG - Save content types part
17:21:07.006 [main] DEBUG - Save package relationships
17:21:07.006 [main] DEBUG - Save part 'docProps/app.xml'
17:21:07.006 [main] DEBUG - Save part 'docProps/core.xml'
17:21:07.007 [main] DEBUG - Save part 'xl/printerSettings/printerSettings1.bin'
17:21:07.007 [main] DEBUG - Save part 'xl/printerSettings/printerSettings2.bin'
17:21:07.007 [main] DEBUG - Save part 'xl/sharedStrings.xml'
17:21:07.008 [main] DEBUG - Save part 'xl/styles.xml'
17:21:07.008 [main] DEBUG - Save part 'xl/theme/theme1.xml'
17:21:07.009 [main] DEBUG - Save part 'xl/workbook.xml'
17:21:07.009 [main] DEBUG - Save part 'xl/worksheets/sheet1.xml'
17:21:07.010 [main] DEBUG - Save part 'xl/worksheets/sheet2.xml'
17:21:07.011 [main] DEBUG - Save part 'xl/worksheets/sheet3.xml'
17:21:07.011 [main] DEBUG - Save part 'xl/worksheets/sheet4.xml'
17:21:07.011 [main] DEBUG - Save part 'xl/worksheets/sheet5.xml'
17:21:07.011 [main] DEBUG - Save part 'xl/worksheets/sheet6.xml'
17:21:07.011 [main] DEBUG - Save part 'xl/worksheets/sheet7.xml'
17:21:07.011 [main] DEBUG - Save part 'xl/worksheets/sheet8.xml'
17:21:07.011 [main] DEBUG - Save part 'xl/worksheets/sheet9.xml'
17:21:07.043 [main] DEBUG - Save content types part
17:21:07.044 [main] DEBUG - Save package relationships
17:21:07.044 [main] DEBUG - Save part 'docProps/app.xml'
17:21:07.044 [main] DEBUG - Save part 'docProps/core.xml'
17:21:07.045 [main] DEBUG - Save part 'xl/printerSettings/printerSettings1.bin'
17:21:07.045 [main] DEBUG - Save part 'xl/printerSettings/printerSettings2.bin'
17:21:07.045 [main] DEBUG - Save part 'xl/sharedStrings.xml'
17:21:07.045 [main] DEBUG - Save part 'xl/styles.xml'
17:21:07.046 [main] DEBUG - Save part 'xl/theme/theme1.xml'
17:21:07.046 [main] DEBUG - Save part 'xl/workbook.xml'
17:21:07.046 [main] DEBUG - Save part 'xl/worksheets/sheet1.xml'
17:21:07.047 [main] DEBUG - Save part 'xl/worksheets/sheet2.xml'
17:21:07.047 [main] DEBUG - Save part 'xl/worksheets/sheet3.xml'
17:21:07.047 [main] DEBUG - Save part 'xl/worksheets/sheet4.xml'
17:21:07.048 [main] DEBUG - Save part 'xl/worksheets/sheet5.xml'
17:21:07.048 [main] DEBUG - Save part 'xl/worksheets/sheet6.xml'
17:21:07.048 [main] DEBUG - Save part 'xl/worksheets/sheet7.xml'
17:21:07.048 [main] DEBUG - Save part 'xl/worksheets/sheet8.xml'
17:21:07.048 [main] DEBUG - Save part 'xl/worksheets/sheet9.xml'
17:21:07.080 [main] DEBUG - Save content types part
17:21:07.080 [main] DEBUG - Save package relationships
17:21:07.081 [main] DEBUG - Save part 'docProps/app.xml'
17:21:07.081 [main] DEBUG - Save part 'docProps/core.xml'
17:21:07.082 [main] DEBUG - Save part 'xl/printerSettings/printerSettings1.bin'
17:21:07.082 [main] DEBUG - Save part 'xl/printerSettings/printerSettings2.bin'
17:21:07.082 [main] DEBUG - Save part 'xl/sharedStrings.xml'
17:21:07.082 [main] DEBUG - Save part 'xl/styles.xml'
17:21:07.082 [main] DEBUG - Save part 'xl/theme/theme1.xml'
17:21:07.082 [main] DEBUG - Save part 'xl/workbook.xml'
17:21:07.083 [main] DEBUG - Save part 'xl/worksheets/sheet1.xml'
17:21:07.083 [main] DEBUG - Save part 'xl/worksheets/sheet2.xml'
17:21:07.084 [main] DEBUG - Save part 'xl/worksheets/sheet3.xml'
17:21:07.084 [main] DEBUG - Save part 'xl/worksheets/sheet4.xml'
17:21:07.084 [main] DEBUG - Save part 'xl/worksheets/sheet5.xml'
17:21:07.084 [main] DEBUG - Save part 'xl/worksheets/sheet6.xml'
17:21:07.084 [main] DEBUG - Save part 'xl/worksheets/sheet7.xml'
17:21:07.084 [main] DEBUG - Save part 'xl/worksheets/sheet8.xml'
17:21:07.084 [main] DEBUG - Save part 'xl/worksheets/sheet9.xml'
17:21:07.107 [main] DEBUG - Save content types part
17:21:07.107 [main] DEBUG - Save package relationships
17:21:07.108 [main] DEBUG - Save part 'docProps/app.xml'
17:21:07.108 [main] DEBUG - Save part 'docProps/core.xml'
17:21:07.108 [main] DEBUG - Save part 'xl/printerSettings/printerSettings1.bin'
17:21:07.109 [main] DEBUG - Save part 'xl/printerSettings/printerSettings2.bin'
17:21:07.109 [main] DEBUG - Save part 'xl/sharedStrings.xml'
17:21:07.109 [main] DEBUG - Save part 'xl/styles.xml'
17:21:07.109 [main] DEBUG - Save part 'xl/theme/theme1.xml'
17:21:07.109 [main] DEBUG - Save part 'xl/workbook.xml'
17:21:07.110 [main] DEBUG - Save part 'xl/worksheets/sheet1.xml'
17:21:07.110 [main] DEBUG - Save part 'xl/worksheets/sheet2.xml'
17:21:07.111 [main] DEBUG - Save part 'xl/worksheets/sheet3.xml'
17:21:07.111 [main] DEBUG - Save part 'xl/worksheets/sheet4.xml'
17:21:07.111 [main] DEBUG - Save part 'xl/worksheets/sheet5.xml'
17:21:07.111 [main] DEBUG - Save part 'xl/worksheets/sheet6.xml'
17:21:07.111 [main] DEBUG - Save part 'xl/worksheets/sheet7.xml'
17:21:07.111 [main] DEBUG - Save part 'xl/worksheets/sheet8.xml'
17:21:07.111 [main] DEBUG - Save part 'xl/worksheets/sheet9.xml'
17:21:07.138 [main] DEBUG - Save content types part
17:21:07.139 [main] DEBUG - Save package relationships
17:21:07.139 [main] DEBUG - Save part 'docProps/app.xml'
17:21:07.139 [main] DEBUG - Save part 'docProps/core.xml'
17:21:07.140 [main] DEBUG - Save part 'xl/printerSettings/printerSettings1.bin'
17:21:07.140 [main] DEBUG - Save part 'xl/printerSettings/printerSettings2.bin'
17:21:07.140 [main] DEBUG - Save part 'xl/sharedStrings.xml'
17:21:07.140 [main] DEBUG - Save part 'xl/styles.xml'
17:21:07.140 [main] DEBUG - Save part 'xl/theme/theme1.xml'
17:21:07.140 [main] DEBUG - Save part 'xl/workbook.xml'
17:21:07.141 [main] DEBUG - Save part 'xl/worksheets/sheet1.xml'
17:21:07.142 [main] DEBUG - Save part 'xl/worksheets/sheet2.xml'
17:21:07.142 [main] DEBUG - Save part 'xl/worksheets/sheet3.xml'
17:21:07.142 [main] DEBUG - Save part 'xl/worksheets/sheet4.xml'
17:21:07.142 [main] DEBUG - Save part 'xl/worksheets/sheet5.xml'
17:21:07.142 [main] DEBUG - Save part 'xl/worksheets/sheet6.xml'
17:21:07.142 [main] DEBUG - Save part 'xl/worksheets/sheet7.xml'
17:21:07.142 [main] DEBUG - Save part 'xl/worksheets/sheet8.xml'
17:21:07.143 [main] DEBUG - Save part 'xl/worksheets/sheet9.xml'
17:21:07.169 [main] DEBUG - Save content types part
17:21:07.170 [main] DEBUG - Save package relationships
17:21:07.170 [main] DEBUG - Save part 'docProps/app.xml'
17:21:07.170 [main] DEBUG - Save part 'docProps/core.xml'
17:21:07.171 [main] DEBUG - Save part 'xl/printerSettings/printerSettings1.bin'
17:21:07.171 [main] DEBUG - Save part 'xl/printerSettings/printerSettings2.bin'
17:21:07.171 [main] DEBUG - Save part 'xl/sharedStrings.xml'
17:21:07.171 [main] DEBUG - Save part 'xl/styles.xml'
17:21:07.172 [main] DEBUG - Save part 'xl/theme/theme1.xml'
17:21:07.172 [main] DEBUG - Save part 'xl/workbook.xml'
17:21:07.172 [main] DEBUG - Save part 'xl/worksheets/sheet1.xml'
17:21:07.173 [main] DEBUG - Save part 'xl/worksheets/sheet2.xml'
17:21:07.173 [main] DEBUG - Save part 'xl/worksheets/sheet3.xml'
17:21:07.174 [main] DEBUG - Save part 'xl/worksheets/sheet4.xml'
17:21:07.174 [main] DEBUG - Save part 'xl/worksheets/sheet5.xml'
17:21:07.174 [main] DEBUG - Save part 'xl/worksheets/sheet6.xml'
17:21:07.174 [main] DEBUG - Save part 'xl/worksheets/sheet7.xml'
17:21:07.174 [main] DEBUG - Save part 'xl/worksheets/sheet8.xml'
17:21:07.174 [main] DEBUG - Save part 'xl/worksheets/sheet9.xml'
17:21:07.196 [main] DEBUG - Save content types part
17:21:07.197 [main] DEBUG - Save package relationships
17:21:07.197 [main] DEBUG - Save part 'docProps/app.xml'
17:21:07.197 [main] DEBUG - Save part 'docProps/core.xml'
17:21:07.198 [main] DEBUG - Save part 'xl/printerSettings/printerSettings1.bin'
17:21:07.198 [main] DEBUG - Save part 'xl/printerSettings/printerSettings2.bin'
17:21:07.198 [main] DEBUG - Save part 'xl/sharedStrings.xml'
17:21:07.198 [main] DEBUG - Save part 'xl/styles.xml'
17:21:07.198 [main] DEBUG - Save part 'xl/theme/theme1.xml'
17:21:07.199 [main] DEBUG - Save part 'xl/workbook.xml'
17:21:07.199 [main] DEBUG - Save part 'xl/worksheets/sheet1.xml'
17:21:07.200 [main] DEBUG - Save part 'xl/worksheets/sheet2.xml'
17:21:07.200 [main] DEBUG - Save part 'xl/worksheets/sheet3.xml'
17:21:07.200 [main] DEBUG - Save part 'xl/worksheets/sheet4.xml'
17:21:07.200 [main] DEBUG - Save part 'xl/worksheets/sheet5.xml'
17:21:07.200 [main] DEBUG - Save part 'xl/worksheets/sheet6.xml'
17:21:07.201 [main] DEBUG - Save part 'xl/worksheets/sheet7.xml'
17:21:07.201 [main] DEBUG - Save part 'xl/worksheets/sheet8.xml'
17:21:07.201 [main] DEBUG - Save part 'xl/worksheets/sheet9.xml'
17:21:07.227 [main] DEBUG - Save content types part
17:21:07.228 [main] DEBUG - Save package relationships
17:21:07.228 [main] DEBUG - Save part 'docProps/app.xml'
17:21:07.228 [main] DEBUG - Save part 'docProps/core.xml'
17:21:07.229 [main] DEBUG - Save part 'xl/printerSettings/printerSettings1.bin'
17:21:07.229 [main] DEBUG - Save part 'xl/printerSettings/printerSettings2.bin'
17:21:07.229 [main] DEBUG - Save part 'xl/sharedStrings.xml'
17:21:07.229 [main] DEBUG - Save part 'xl/styles.xml'
17:21:07.230 [main] DEBUG - Save part 'xl/theme/theme1.xml'
17:21:07.230 [main] DEBUG - Save part 'xl/workbook.xml'
17:21:07.230 [main] DEBUG - Save part 'xl/worksheets/sheet1.xml'
17:21:07.231 [main] DEBUG - Save part 'xl/worksheets/sheet2.xml'
17:21:07.231 [main] DEBUG - Save part 'xl/worksheets/sheet3.xml'
17:21:07.231 [main] DEBUG - Save part 'xl/worksheets/sheet4.xml'
17:21:07.232 [main] DEBUG - Save part 'xl/worksheets/sheet5.xml'
17:21:07.232 [main] DEBUG - Save part 'xl/worksheets/sheet6.xml'
17:21:07.232 [main] DEBUG - Save part 'xl/worksheets/sheet7.xml'
17:21:07.232 [main] DEBUG - Save part 'xl/worksheets/sheet8.xml'
17:21:07.232 [main] DEBUG - Save part 'xl/worksheets/sheet9.xml'
17:21:07.259 [main] DEBUG - Save content types part
17:21:07.278 [main] DEBUG - Save package relationships
17:21:07.279 [main] DEBUG - Save part 'docProps/app.xml'
17:21:07.279 [main] DEBUG - Save part 'docProps/core.xml'
17:21:07.280 [main] DEBUG - Save part 'xl/printerSettings/printerSettings1.bin'
17:21:07.280 [main] DEBUG - Save part 'xl/printerSettings/printerSettings2.bin'
17:21:07.280 [main] DEBUG - Save part 'xl/sharedStrings.xml'
17:21:07.281 [main] DEBUG - Save part 'xl/styles.xml'
17:21:07.281 [main] DEBUG - Save part 'xl/theme/theme1.xml'
17:21:07.281 [main] DEBUG - Save part 'xl/workbook.xml'
17:21:07.282 [main] DEBUG - Save part 'xl/worksheets/sheet1.xml'
17:21:07.283 [main] DEBUG - Save part 'xl/worksheets/sheet2.xml'
17:21:07.284 [main] DEBUG - Save part 'xl/worksheets/sheet3.xml'
17:21:07.284 [main] DEBUG - Save part 'xl/worksheets/sheet4.xml'
17:21:07.284 [main] DEBUG - Save part 'xl/worksheets/sheet5.xml'
17:21:07.284 [main] DEBUG - Save part 'xl/worksheets/sheet6.xml'
17:21:07.285 [main] DEBUG - Save part 'xl/worksheets/sheet7.xml'
17:21:07.285 [main] DEBUG - Save part 'xl/worksheets/sheet8.xml'
17:21:07.285 [main] DEBUG - Save part 'xl/worksheets/sheet9.xml'
17:21:07.359 [main] DEBUG - Save content types part
17:21:07.360 [main] DEBUG - Save package relationships
17:21:07.360 [main] DEBUG - Save part 'docProps/app.xml'
17:21:07.360 [main] DEBUG - Save part 'docProps/core.xml'
17:21:07.361 [main] DEBUG - Save part 'xl/printerSettings/printerSettings1.bin'
17:21:07.361 [main] DEBUG - Save part 'xl/printerSettings/printerSettings2.bin'
17:21:07.361 [main] DEBUG - Save part 'xl/sharedStrings.xml'
17:21:07.362 [main] DEBUG - Save part 'xl/styles.xml'
17:21:07.362 [main] DEBUG - Save part 'xl/theme/theme1.xml'
17:21:07.362 [main] DEBUG - Save part 'xl/workbook.xml'
17:21:07.363 [main] DEBUG - Save part 'xl/worksheets/sheet1.xml'
17:21:07.363 [main] DEBUG - Save part 'xl/worksheets/sheet2.xml'
17:21:07.364 [main] DEBUG - Save part 'xl/worksheets/sheet3.xml'
17:21:07.364 [main] DEBUG - Save part 'xl/worksheets/sheet4.xml'
17:21:07.364 [main] DEBUG - Save part 'xl/worksheets/sheet5.xml'
17:21:07.364 [main] DEBUG - Save part 'xl/worksheets/sheet6.xml'
17:21:07.364 [main] DEBUG - Save part 'xl/worksheets/sheet7.xml'
17:21:07.364 [main] DEBUG - Save part 'xl/worksheets/sheet8.xml'
17:21:07.365 [main] DEBUG - Save part 'xl/worksheets/sheet9.xml'
17:21:07.373 [main] DEBUG - Save content types part
17:21:07.374 [main] DEBUG - Save package relationships
17:21:07.375 [main] DEBUG - Save part 'docProps/app.xml'
17:21:07.375 [main] DEBUG - Save part 'docProps/core.xml'
17:21:07.376 [main] DEBUG - Save part 'xl/printerSettings/printerSettings1.bin'
17:21:07.376 [main] DEBUG - Save part 'xl/printerSettings/printerSettings2.bin'
17:21:07.376 [main] DEBUG - Save part 'xl/sharedStrings.xml'
17:21:07.376 [main] DEBUG - Save part 'xl/styles.xml'
17:21:07.376 [main] DEBUG - Save part 'xl/theme/theme1.xml'
17:21:07.376 [main] DEBUG - Save part 'xl/workbook.xml'
17:21:07.378 [main] DEBUG - Save part 'xl/worksheets/sheet1.xml'
17:21:07.378 [main] DEBUG - Save part 'xl/worksheets/sheet2.xml'
17:21:07.379 [main] DEBUG - Save part 'xl/worksheets/sheet3.xml'
17:21:07.379 [main] DEBUG - Save part 'xl/worksheets/sheet4.xml'
17:21:07.379 [main] DEBUG - Save part 'xl/worksheets/sheet5.xml'
17:21:07.379 [main] DEBUG - Save part 'xl/worksheets/sheet6.xml'
17:21:07.379 [main] DEBUG - Save part 'xl/worksheets/sheet7.xml'
17:21:07.379 [main] DEBUG - Save part 'xl/worksheets/sheet8.xml'
17:21:07.379 [main] DEBUG - Save part 'xl/worksheets/sheet9.xml'
17:21:07.385 [main] DEBUG - Save content types part
17:21:07.386 [main] DEBUG - Save package relationships
17:21:07.386 [main] DEBUG - Save part 'docProps/app.xml'
17:21:07.386 [main] DEBUG - Save part 'docProps/core.xml'
17:21:07.387 [main] DEBUG - Save part 'xl/printerSettings/printerSettings1.bin'
17:21:07.387 [main] DEBUG - Save part 'xl/printerSettings/printerSettings2.bin'
17:21:07.387 [main] DEBUG - Save part 'xl/sharedStrings.xml'
17:21:07.387 [main] DEBUG - Save part 'xl/styles.xml'
17:21:07.387 [main] DEBUG - Save part 'xl/theme/theme1.xml'
17:21:07.387 [main] DEBUG - Save part 'xl/workbook.xml'
17:21:07.388 [main] DEBUG - Save part 'xl/worksheets/sheet1.xml'
17:21:07.389 [main] DEBUG - Save part 'xl/worksheets/sheet2.xml'
17:21:07.389 [main] DEBUG - Save part 'xl/worksheets/sheet3.xml'
17:21:07.389 [main] DEBUG - Save part 'xl/worksheets/sheet4.xml'
17:21:07.389 [main] DEBUG - Save part 'xl/worksheets/sheet5.xml'
17:21:07.389 [main] DEBUG - Save part 'xl/worksheets/sheet6.xml'
17:21:07.389 [main] DEBUG - Save part 'xl/worksheets/sheet7.xml'
17:21:07.390 [main] DEBUG - Save part 'xl/worksheets/sheet8.xml'
17:21:07.390 [main] DEBUG - Save part 'xl/worksheets/sheet9.xml'
17:21:07.391 [main] TRACE - Resolving type for handle stnumfmtid76fbtype
17:21:07.394 [main] TRACE - Resolving type for handle stfontid9d63type
17:21:07.394 [main] TRACE - Resolving type for handle stfillida097type
17:21:07.395 [main] TRACE - Resolving type for handle stborderid1a80type
17:21:07.399 [main] TRACE - Resolving type for handle ctcolord2c2type
17:21:07.402 [main] TRACE - Resolving type for handle ctpatternfill7452type
17:21:07.405 [main] TRACE - Resolving type for handle stpatterntype7939type
17:21:07.419 [main] DEBUG - Save content types part
17:21:07.420 [main] DEBUG - Save package relationships
17:21:07.420 [main] DEBUG - Save part 'docProps/app.xml'
17:21:07.420 [main] DEBUG - Save part 'docProps/core.xml'
17:21:07.421 [main] DEBUG - Save part 'xl/printerSettings/printerSettings1.bin'
17:21:07.421 [main] DEBUG - Save part 'xl/printerSettings/printerSettings2.bin'
17:21:07.421 [main] DEBUG - Save part 'xl/sharedStrings.xml'
17:21:07.421 [main] DEBUG - Save part 'xl/styles.xml'
17:21:07.421 [main] DEBUG - Save part 'xl/theme/theme1.xml'
17:21:07.421 [main] DEBUG - Save part 'xl/workbook.xml'
17:21:07.422 [main] DEBUG - Save part 'xl/worksheets/sheet1.xml'
17:21:07.422 [main] DEBUG - Save part 'xl/worksheets/sheet2.xml'
17:21:07.423 [main] DEBUG - Save part 'xl/worksheets/sheet3.xml'
17:21:07.423 [main] DEBUG - Save part 'xl/worksheets/sheet4.xml'
17:21:07.423 [main] DEBUG - Save part 'xl/worksheets/sheet5.xml'
17:21:07.423 [main] DEBUG - Save part 'xl/worksheets/sheet6.xml'
17:21:07.423 [main] DEBUG - Save part 'xl/worksheets/sheet7.xml'
17:21:07.423 [main] DEBUG - Save part 'xl/worksheets/sheet8.xml'
17:21:07.424 [main] DEBUG - Save part 'xl/worksheets/sheet9.xml'
17:21:26.470 [main] DEBUG - Parsing relationship: /xl/_rels/workbook.xml.rels
17:21:26.471 [main] DEBUG - Parsing relationship: /xl/worksheets/_rels/sheet1.xml.rels
17:21:26.472 [main] DEBUG - Parsing relationship: /xl/worksheets/_rels/sheet2.xml.rels
17:21:26.473 [main] DEBUG - Parsing relationship: /_rels/.rels
17:21:26.484 [main] DEBUG - using default POIXMLDocumentPart for http://schemas.openxmlformats.org/officeDocument/2006/relationships/printerSettings
17:21:26.484 [main] DEBUG - using default POIXMLDocumentPart for http://schemas.openxmlformats.org/officeDocument/2006/relationships/printerSettings
17:21:26.536 [main] INFO  - The user will be in ZigWheels Home Page
17:21:27.452 [main] DEBUG - Save content types part
17:21:27.454 [main] DEBUG - Save package relationships
17:21:27.456 [main] DEBUG - Save part 'docProps/app.xml'
17:21:27.456 [main] DEBUG - Save part 'docProps/core.xml'
17:21:27.458 [main] DEBUG - Save part 'xl/printerSettings/printerSettings1.bin'
17:21:27.458 [main] DEBUG - Save part 'xl/printerSettings/printerSettings2.bin'
17:21:27.458 [main] DEBUG - Save part 'xl/sharedStrings.xml'
17:21:27.459 [main] DEBUG - Save part 'xl/styles.xml'
17:21:27.459 [main] DEBUG - Save part 'xl/theme/theme1.xml'
17:21:27.459 [main] DEBUG - Save part 'xl/workbook.xml'
17:21:27.460 [main] DEBUG - Save part 'xl/worksheets/sheet1.xml'
17:21:27.461 [main] DEBUG - Save part 'xl/worksheets/sheet2.xml'
17:21:27.462 [main] DEBUG - Save part 'xl/worksheets/sheet3.xml'
17:21:27.462 [main] DEBUG - Save part 'xl/worksheets/sheet4.xml'
17:21:27.462 [main] DEBUG - Save part 'xl/worksheets/sheet5.xml'
17:21:27.462 [main] DEBUG - Save part 'xl/worksheets/sheet6.xml'
17:21:27.462 [main] DEBUG - Save part 'xl/worksheets/sheet7.xml'
17:21:27.463 [main] DEBUG - Save part 'xl/worksheets/sheet8.xml'
17:21:27.463 [main] DEBUG - Save part 'xl/worksheets/sheet9.xml'
17:21:27.536 [main] INFO  - DisplayNo results found for keyword 'UpcomingHondaBikes'. Please enter a relevant search item.
17:21:29.590 [main] DEBUG - Save content types part
17:21:29.591 [main] DEBUG - Save package relationships
17:21:29.591 [main] DEBUG - Save part 'docProps/app.xml'
17:21:29.591 [main] DEBUG - Save part 'docProps/core.xml'
17:21:29.592 [main] DEBUG - Save part 'xl/printerSettings/printerSettings1.bin'
17:21:29.592 [main] DEBUG - Save part 'xl/printerSettings/printerSettings2.bin'
17:21:29.592 [main] DEBUG - Save part 'xl/sharedStrings.xml'
17:21:29.593 [main] DEBUG - Save part 'xl/styles.xml'
17:21:29.593 [main] DEBUG - Save part 'xl/theme/theme1.xml'
17:21:29.593 [main] DEBUG - Save part 'xl/workbook.xml'
17:21:29.594 [main] DEBUG - Save part 'xl/worksheets/sheet1.xml'
17:21:29.595 [main] DEBUG - Save part 'xl/worksheets/sheet2.xml'
17:21:29.595 [main] DEBUG - Save part 'xl/worksheets/sheet3.xml'
17:21:29.596 [main] DEBUG - Save part 'xl/worksheets/sheet4.xml'
17:21:29.596 [main] DEBUG - Save part 'xl/worksheets/sheet5.xml'
17:21:29.596 [main] DEBUG - Save part 'xl/worksheets/sheet6.xml'
17:21:29.596 [main] DEBUG - Save part 'xl/worksheets/sheet7.xml'
17:21:29.596 [main] DEBUG - Save part 'xl/worksheets/sheet8.xml'
17:21:29.596 [main] DEBUG - Save part 'xl/worksheets/sheet9.xml'
17:21:29.601 [main] DEBUG - Save content types part
17:21:29.601 [main] DEBUG - Save package relationships
17:21:29.602 [main] DEBUG - Save part 'docProps/app.xml'
17:21:29.602 [main] DEBUG - Save part 'docProps/core.xml'
17:21:29.603 [main] DEBUG - Save part 'xl/printerSettings/printerSettings1.bin'
17:21:29.603 [main] DEBUG - Save part 'xl/printerSettings/printerSettings2.bin'
17:21:29.603 [main] DEBUG - Save part 'xl/sharedStrings.xml'
17:21:29.603 [main] DEBUG - Save part 'xl/styles.xml'
17:21:29.603 [main] DEBUG - Save part 'xl/theme/theme1.xml'
17:21:29.604 [main] DEBUG - Save part 'xl/workbook.xml'
17:21:29.604 [main] DEBUG - Save part 'xl/worksheets/sheet1.xml'
17:21:29.605 [main] DEBUG - Save part 'xl/worksheets/sheet2.xml'
17:21:29.606 [main] DEBUG - Save part 'xl/worksheets/sheet3.xml'
17:21:29.606 [main] DEBUG - Save part 'xl/worksheets/sheet4.xml'
17:21:29.606 [main] DEBUG - Save part 'xl/worksheets/sheet5.xml'
