16:32:27.277 [main] DEBUG - Save part 'xl/worksheets/sheet2.xml'
16:32:27.285 [main] DEBUG - Save part 'xl/worksheets/sheet3.xml'
16:32:27.303 [main] DEBUG - Save content types part
16:32:27.304 [main] DEBUG - Save package relationships
16:32:27.305 [main] DEBUG - Save part 'docProps/app.xml'
16:32:27.305 [main] DEBUG - Save part 'docProps/core.xml'
16:32:27.306 [main] DEBUG - Save part 'xl/printerSettings/printerSettings1.bin'
16:32:27.306 [main] DEBUG - Save part 'xl/printerSettings/printerSettings2.bin'
16:32:27.306 [main] DEBUG - Save part 'xl/sharedStrings.xml'
16:32:27.307 [main] DEBUG - Save part 'xl/styles.xml'
16:32:27.308 [main] DEBUG - Save part 'xl/theme/theme1.xml'
16:32:27.308 [main] DEBUG - Save part 'xl/workbook.xml'
16:32:27.309 [main] DEBUG - Save part 'xl/worksheets/sheet1.xml'
16:32:27.310 [main] DEBUG - Save part 'xl/worksheets/sheet2.xml'
16:32:27.311 [main] DEBUG - Save part 'xl/worksheets/sheet3.xml'
16:32:27.330 [main] DEBUG - Save content types part
16:32:27.331 [main] DEBUG - Save package relationships
16:32:27.332 [main] DEBUG - Save part 'docProps/app.xml'
16:32:27.332 [main] DEBUG - Save part 'docProps/core.xml'
16:32:27.333 [main] DEBUG - Save part 'xl/printerSettings/printerSettings1.bin'
16:32:27.333 [main] DEBUG - Save part 'xl/printerSettings/printerSettings2.bin'
16:32:27.333 [main] DEBUG - Save part 'xl/sharedStrings.xml'
16:32:27.333 [main] DEBUG - Save part 'xl/styles.xml'
16:32:27.333 [main] DEBUG - Save part 'xl/theme/theme1.xml'
16:32:27.333 [main] DEBUG - Save part 'xl/workbook.xml'
16:32:27.334 [main] DEBUG - Save part 'xl/worksheets/sheet1.xml'
16:32:27.334 [main] DEBUG - Save part 'xl/worksheets/sheet2.xml'
16:32:27.335 [main] DEBUG - Save part 'xl/worksheets/sheet3.xml'
16:32:27.353 [main] DEBUG - Save content types part
16:32:27.354 [main] DEBUG - Save package relationships
16:32:27.354 [main] DEBUG - Save part 'docProps/app.xml'
16:32:27.354 [main] DEBUG - Save part 'docProps/core.xml'
16:32:27.355 [main] DEBUG - Save part 'xl/printerSettings/printerSettings1.bin'
16:32:27.355 [main] DEBUG - Save part 'xl/printerSettings/printerSettings2.bin'
16:32:27.355 [main] DEBUG - Save part 'xl/sharedStrings.xml'
16:32:27.356 [main] DEBUG - Save part 'xl/styles.xml'
16:32:27.356 [main] DEBUG - Save part 'xl/theme/theme1.xml'
16:32:27.356 [main] DEBUG - Save part 'xl/workbook.xml'
16:32:27.357 [main] DEBUG - Save part 'xl/worksheets/sheet1.xml'
16:32:27.357 [main] DEBUG - Save part 'xl/worksheets/sheet2.xml'
16:32:27.358 [main] DEBUG - Save part 'xl/worksheets/sheet3.xml'
16:32:27.374 [main] DEBUG - Save content types part
16:32:27.375 [main] DEBUG - Save package relationships
16:32:27.375 [main] DEBUG - Save part 'docProps/app.xml'
16:32:27.375 [main] DEBUG - Save part 'docProps/core.xml'
16:32:27.376 [main] DEBUG - Save part 'xl/printerSettings/printerSettings1.bin'
16:32:27.376 [main] DEBUG - Save part 'xl/printerSettings/printerSettings2.bin'
16:32:27.376 [main] DEBUG - Save part 'xl/sharedStrings.xml'
16:32:27.376 [main] DEBUG - Save part 'xl/styles.xml'
16:32:27.377 [main] DEBUG - Save part 'xl/theme/theme1.xml'
16:32:27.377 [main] DEBUG - Save part 'xl/workbook.xml'
16:32:27.377 [main] DEBUG - Save part 'xl/worksheets/sheet1.xml'
16:32:27.378 [main] DEBUG - Save part 'xl/worksheets/sheet2.xml'
16:32:27.378 [main] DEBUG - Save part 'xl/worksheets/sheet3.xml'
16:32:27.403 [main] DEBUG - Save content types part
16:32:27.405 [main] DEBUG - Save package relationships
16:32:27.406 [main] DEBUG - Save part 'docProps/app.xml'
16:32:27.406 [main] DEBUG - Save part 'docProps/core.xml'
16:32:27.406 [main] DEBUG - Save part 'xl/printerSettings/printerSettings1.bin'
16:32:27.406 [main] DEBUG - Save part 'xl/printerSettings/printerSettings2.bin'
16:32:27.407 [main] DEBUG - Save part 'xl/sharedStrings.xml'
16:32:27.407 [main] DEBUG - Save part 'xl/styles.xml'
16:32:27.407 [main] DEBUG - Save part 'xl/theme/theme1.xml'
16:32:27.407 [main] DEBUG - Save part 'xl/workbook.xml'
16:32:27.408 [main] DEBUG - Save part 'xl/worksheets/sheet1.xml'
16:32:27.409 [main] DEBUG - Save part 'xl/worksheets/sheet2.xml'
16:32:27.409 [main] DEBUG - Save part 'xl/worksheets/sheet3.xml'
16:32:27.436 [main] DEBUG - Save content types part
16:32:27.437 [main] DEBUG - Save package relationships
16:32:27.438 [main] DEBUG - Save part 'docProps/app.xml'
16:32:27.438 [main] DEBUG - Save part 'docProps/core.xml'
16:32:27.439 [main] DEBUG - Save part 'xl/printerSettings/printerSettings1.bin'
16:32:27.439 [main] DEBUG - Save part 'xl/printerSettings/printerSettings2.bin'
16:32:27.440 [main] DEBUG - Save part 'xl/sharedStrings.xml'
16:32:27.440 [main] DEBUG - Save part 'xl/styles.xml'
16:32:27.440 [main] DEBUG - Save part 'xl/theme/theme1.xml'
16:32:27.440 [main] DEBUG - Save part 'xl/workbook.xml'
16:32:27.441 [main] DEBUG - Save part 'xl/worksheets/sheet1.xml'
16:32:27.441 [main] DEBUG - Save part 'xl/worksheets/sheet2.xml'
16:32:27.442 [main] DEBUG - Save part 'xl/worksheets/sheet3.xml'
16:32:27.466 [main] DEBUG - Save content types part
16:32:27.467 [main] DEBUG - Save package relationships
16:32:27.467 [main] DEBUG - Save part 'docProps/app.xml'
16:32:27.467 [main] DEBUG - Save part 'docProps/core.xml'
16:32:27.468 [main] DEBUG - Save part 'xl/printerSettings/printerSettings1.bin'
16:32:27.469 [main] DEBUG - Save part 'xl/printerSettings/printerSettings2.bin'
16:32:27.469 [main] DEBUG - Save part 'xl/sharedStrings.xml'
16:32:27.469 [main] DEBUG - Save part 'xl/styles.xml'
16:32:27.469 [main] DEBUG - Save part 'xl/theme/theme1.xml'
16:32:27.469 [main] DEBUG - Save part 'xl/workbook.xml'
16:32:27.470 [main] DEBUG - Save part 'xl/worksheets/sheet1.xml'
16:32:27.471 [main] DEBUG - Save part 'xl/worksheets/sheet2.xml'
16:32:27.471 [main] DEBUG - Save part 'xl/worksheets/sheet3.xml'
16:32:27.498 [main] DEBUG - Save content types part
16:32:27.499 [main] DEBUG - Save package relationships
16:32:27.500 [main] DEBUG - Save part 'docProps/app.xml'
16:32:27.501 [main] DEBUG - Save part 'docProps/core.xml'
16:32:27.502 [main] DEBUG - Save part 'xl/printerSettings/printerSettings1.bin'
16:32:27.502 [main] DEBUG - Save part 'xl/printerSettings/printerSettings2.bin'
16:32:27.502 [main] DEBUG - Save part 'xl/sharedStrings.xml'
16:32:27.502 [main] DEBUG - Save part 'xl/styles.xml'
16:32:27.502 [main] DEBUG - Save part 'xl/theme/theme1.xml'
16:32:27.502 [main] DEBUG - Save part 'xl/workbook.xml'
16:32:27.503 [main] DEBUG - Save part 'xl/worksheets/sheet1.xml'
16:32:27.504 [main] DEBUG - Save part 'xl/worksheets/sheet2.xml'
16:32:27.504 [main] DEBUG - Save part 'xl/worksheets/sheet3.xml'
16:32:27.531 [main] DEBUG - Save content types part
16:32:27.531 [main] DEBUG - Save package relationships
16:32:27.533 [main] DEBUG - Save part 'docProps/app.xml'
16:32:27.533 [main] DEBUG - Save part 'docProps/core.xml'
16:32:27.533 [main] DEBUG - Save part 'xl/printerSettings/printerSettings1.bin'
16:32:27.533 [main] DEBUG - Save part 'xl/printerSettings/printerSettings2.bin'
16:32:27.534 [main] DEBUG - Save part 'xl/sharedStrings.xml'
16:32:27.534 [main] DEBUG - Save part 'xl/styles.xml'
16:32:27.534 [main] DEBUG - Save part 'xl/theme/theme1.xml'
16:32:27.534 [main] DEBUG - Save part 'xl/workbook.xml'
16:32:27.534 [main] DEBUG - Save part 'xl/worksheets/sheet1.xml'
16:32:27.535 [main] DEBUG - Save part 'xl/worksheets/sheet2.xml'
16:32:27.535 [main] DEBUG - Save part 'xl/worksheets/sheet3.xml'
16:32:27.551 [main] DEBUG - Save content types part
16:32:27.551 [main] DEBUG - Save package relationships
16:32:27.551 [main] DEBUG - Save part 'docProps/app.xml'
16:32:27.551 [main] DEBUG - Save part 'docProps/core.xml'
16:32:27.553 [main] DEBUG - Save part 'xl/printerSettings/printerSettings1.bin'
16:32:27.553 [main] DEBUG - Save part 'xl/printerSettings/printerSettings2.bin'
16:32:27.553 [main] DEBUG - Save part 'xl/sharedStrings.xml'
16:32:27.554 [main] DEBUG - Save part 'xl/styles.xml'
16:32:27.554 [main] DEBUG - Save part 'xl/theme/theme1.xml'
16:32:27.554 [main] DEBUG - Save part 'xl/workbook.xml'
16:32:27.554 [main] DEBUG - Save part 'xl/worksheets/sheet1.xml'
16:32:27.555 [main] DEBUG - Save part 'xl/worksheets/sheet2.xml'
16:32:27.556 [main] DEBUG - Save part 'xl/worksheets/sheet3.xml'
16:32:27.583 [main] DEBUG - Save content types part
16:32:27.585 [main] DEBUG - Save package relationships
16:32:27.585 [main] DEBUG - Save part 'docProps/app.xml'
16:32:27.585 [main] DEBUG - Save part 'docProps/core.xml'
16:32:27.586 [main] DEBUG - Save part 'xl/printerSettings/printerSettings1.bin'
16:32:27.586 [main] DEBUG - Save part 'xl/printerSettings/printerSettings2.bin'
16:32:27.586 [main] DEBUG - Save part 'xl/sharedStrings.xml'
16:32:27.586 [main] DEBUG - Save part 'xl/styles.xml'
16:32:27.586 [main] DEBUG - Save part 'xl/theme/theme1.xml'
16:32:27.586 [main] DEBUG - Save part 'xl/workbook.xml'
16:32:27.587 [main] DEBUG - Save part 'xl/worksheets/sheet1.xml'
16:32:27.588 [main] DEBUG - Save part 'xl/worksheets/sheet2.xml'
16:32:27.588 [main] DEBUG - Save part 'xl/worksheets/sheet3.xml'
16:32:27.616 [main] DEBUG - Save content types part
16:32:27.617 [main] DEBUG - Save package relationships
16:32:27.617 [main] DEBUG - Save part 'docProps/app.xml'
16:32:27.617 [main] DEBUG - Save part 'docProps/core.xml'
16:32:27.618 [main] DEBUG - Save part 'xl/printerSettings/printerSettings1.bin'
16:32:27.618 [main] DEBUG - Save part 'xl/printerSettings/printerSettings2.bin'
16:32:27.618 [main] DEBUG - Save part 'xl/sharedStrings.xml'
16:32:27.618 [main] DEBUG - Save part 'xl/styles.xml'
16:32:27.618 [main] DEBUG - Save part 'xl/theme/theme1.xml'
16:32:27.619 [main] DEBUG - Save part 'xl/workbook.xml'
16:32:27.619 [main] DEBUG - Save part 'xl/worksheets/sheet1.xml'
16:32:27.620 [main] DEBUG - Save part 'xl/worksheets/sheet2.xml'
16:32:27.620 [main] DEBUG - Save part 'xl/worksheets/sheet3.xml'
16:32:27.645 [main] DEBUG - Save content types part
16:32:27.646 [main] DEBUG - Save package relationships
16:32:27.647 [main] DEBUG - Save part 'docProps/app.xml'
16:32:27.647 [main] DEBUG - Save part 'docProps/core.xml'
16:32:27.647 [main] DEBUG - Save part 'xl/printerSettings/printerSettings1.bin'
16:32:27.647 [main] DEBUG - Save part 'xl/printerSettings/printerSettings2.bin'
16:32:27.647 [main] DEBUG - Save part 'xl/sharedStrings.xml'
16:32:27.647 [main] DEBUG - Save part 'xl/styles.xml'
16:32:27.648 [main] DEBUG - Save part 'xl/theme/theme1.xml'
16:32:27.648 [main] DEBUG - Save part 'xl/workbook.xml'
16:32:27.648 [main] DEBUG - Save part 'xl/worksheets/sheet1.xml'
16:32:27.649 [main] DEBUG - Save part 'xl/worksheets/sheet2.xml'
16:32:27.651 [main] DEBUG - Save part 'xl/worksheets/sheet3.xml'
16:32:27.680 [main] DEBUG - Save content types part
16:32:27.680 [main] DEBUG - Save package relationships
16:32:27.681 [main] DEBUG - Save part 'docProps/app.xml'
16:32:27.681 [main] DEBUG - Save part 'docProps/core.xml'
16:32:27.681 [main] DEBUG - Save part 'xl/printerSettings/printerSettings1.bin'
16:32:27.682 [main] DEBUG - Save part 'xl/printerSettings/printerSettings2.bin'
16:32:27.682 [main] DEBUG - Save part 'xl/sharedStrings.xml'
16:32:27.682 [main] DEBUG - Save part 'xl/styles.xml'
16:32:27.682 [main] DEBUG - Save part 'xl/theme/theme1.xml'
16:32:27.682 [main] DEBUG - Save part 'xl/workbook.xml'
16:32:27.682 [main] DEBUG - Save part 'xl/worksheets/sheet1.xml'
16:32:27.684 [main] DEBUG - Save part 'xl/worksheets/sheet2.xml'
16:32:27.684 [main] DEBUG - Save part 'xl/worksheets/sheet3.xml'
16:32:27.704 [main] DEBUG - Save content types part
16:32:27.705 [main] DEBUG - Save package relationships
16:32:27.705 [main] DEBUG - Save part 'docProps/app.xml'
16:32:27.705 [main] DEBUG - Save part 'docProps/core.xml'
16:32:27.706 [main] DEBUG - Save part 'xl/printerSettings/printerSettings1.bin'
16:32:27.706 [main] DEBUG - Save part 'xl/printerSettings/printerSettings2.bin'
16:32:27.706 [main] DEBUG - Save part 'xl/sharedStrings.xml'
16:32:27.706 [main] DEBUG - Save part 'xl/styles.xml'
16:32:27.706 [main] DEBUG - Save part 'xl/theme/theme1.xml'
16:32:27.707 [main] DEBUG - Save part 'xl/workbook.xml'
16:32:27.707 [main] DEBUG - Save part 'xl/worksheets/sheet1.xml'
16:32:27.708 [main] DEBUG - Save part 'xl/worksheets/sheet2.xml'
16:32:27.708 [main] DEBUG - Save part 'xl/worksheets/sheet3.xml'
16:32:27.734 [main] DEBUG - Save content types part
16:32:27.735 [main] DEBUG - Save package relationships
16:32:27.735 [main] DEBUG - Save part 'docProps/app.xml'
16:32:27.736 [main] DEBUG - Save part 'docProps/core.xml'
16:32:27.736 [main] DEBUG - Save part 'xl/printerSettings/printerSettings1.bin'
16:32:27.736 [main] DEBUG - Save part 'xl/printerSettings/printerSettings2.bin'
16:32:27.736 [main] DEBUG - Save part 'xl/sharedStrings.xml'
16:32:27.736 [main] DEBUG - Save part 'xl/styles.xml'
16:32:27.737 [main] DEBUG - Save part 'xl/theme/theme1.xml'
16:32:27.737 [main] DEBUG - Save part 'xl/workbook.xml'
16:32:27.737 [main] DEBUG - Save part 'xl/worksheets/sheet1.xml'
16:32:27.738 [main] DEBUG - Save part 'xl/worksheets/sheet2.xml'
16:32:27.738 [main] DEBUG - Save part 'xl/worksheets/sheet3.xml'
16:32:27.764 [main] DEBUG - Save content types part
16:32:27.766 [main] DEBUG - Save package relationships
16:32:27.766 [main] DEBUG - Save part 'docProps/app.xml'
16:32:27.766 [main] DEBUG - Save part 'docProps/core.xml'
16:32:27.767 [main] DEBUG - Save part 'xl/printerSettings/printerSettings1.bin'
16:32:27.767 [main] DEBUG - Save part 'xl/printerSettings/printerSettings2.bin'
16:32:27.767 [main] DEBUG - Save part 'xl/sharedStrings.xml'
16:32:27.767 [main] DEBUG - Save part 'xl/styles.xml'
16:32:27.767 [main] DEBUG - Save part 'xl/theme/theme1.xml'
16:32:27.767 [main] DEBUG - Save part 'xl/workbook.xml'
16:32:27.768 [main] DEBUG - Save part 'xl/worksheets/sheet1.xml'
16:32:27.768 [main] DEBUG - Save part 'xl/worksheets/sheet2.xml'
16:32:27.769 [main] DEBUG - Save part 'xl/worksheets/sheet3.xml'
16:32:27.787 [main] DEBUG - Save content types part
16:32:27.787 [main] DEBUG - Save package relationships
16:32:27.788 [main] DEBUG - Save part 'docProps/app.xml'
16:32:27.788 [main] DEBUG - Save part 'docProps/core.xml'
16:32:27.789 [main] DEBUG - Save part 'xl/printerSettings/printerSettings1.bin'
16:32:27.789 [main] DEBUG - Save part 'xl/printerSettings/printerSettings2.bin'
16:32:27.789 [main] DEBUG - Save part 'xl/sharedStrings.xml'
16:32:27.789 [main] DEBUG - Save part 'xl/styles.xml'
16:32:27.789 [main] DEBUG - Save part 'xl/theme/theme1.xml'
16:32:27.789 [main] DEBUG - Save part 'xl/workbook.xml'
16:32:27.790 [main] DEBUG - Save part 'xl/worksheets/sheet1.xml'
16:32:27.790 [main] DEBUG - Save part 'xl/worksheets/sheet2.xml'
16:32:27.792 [main] DEBUG - Save part 'xl/worksheets/sheet3.xml'
16:32:27.818 [main] DEBUG - Save content types part
16:32:27.818 [main] DEBUG - Save package relationships
16:32:27.819 [main] DEBUG - Save part 'docProps/app.xml'
16:32:27.819 [main] DEBUG - Save part 'docProps/core.xml'
16:32:27.820 [main] DEBUG - Save part 'xl/printerSettings/printerSettings1.bin'
16:32:27.820 [main] DEBUG - Save part 'xl/printerSettings/printerSettings2.bin'
16:32:27.820 [main] DEBUG - Save part 'xl/sharedStrings.xml'
16:32:27.820 [main] DEBUG - Save part 'xl/styles.xml'
16:32:27.820 [main] DEBUG - Save part 'xl/theme/theme1.xml'
16:32:27.820 [main] DEBUG - Save part 'xl/workbook.xml'
16:32:27.821 [main] DEBUG - Save part 'xl/worksheets/sheet1.xml'
16:32:27.821 [main] DEBUG - Save part 'xl/worksheets/sheet2.xml'
16:32:27.821 [main] DEBUG - Save part 'xl/worksheets/sheet3.xml'
16:32:27.849 [main] DEBUG - Save content types part
16:32:27.850 [main] DEBUG - Save package relationships
16:32:27.850 [main] DEBUG - Save part 'docProps/app.xml'
16:32:27.850 [main] DEBUG - Save part 'docProps/core.xml'
16:32:27.851 [main] DEBUG - Save part 'xl/printerSettings/printerSettings1.bin'
16:32:27.851 [main] DEBUG - Save part 'xl/printerSettings/printerSettings2.bin'
16:32:27.851 [main] DEBUG - Save part 'xl/sharedStrings.xml'
16:32:27.851 [main] DEBUG - Save part 'xl/styles.xml'
16:32:27.851 [main] DEBUG - Save part 'xl/theme/theme1.xml'
16:32:27.851 [main] DEBUG - Save part 'xl/workbook.xml'
16:32:27.851 [main] DEBUG - Save part 'xl/worksheets/sheet1.xml'
16:32:27.853 [main] DEBUG - Save part 'xl/worksheets/sheet2.xml'
16:32:27.853 [main] DEBUG - Save part 'xl/worksheets/sheet3.xml'
16:32:27.880 [main] DEBUG - Save content types part
16:32:27.881 [main] DEBUG - Save package relationships
16:32:27.881 [main] DEBUG - Save part 'docProps/app.xml'
16:32:27.881 [main] DEBUG - Save part 'docProps/core.xml'
16:32:27.883 [main] DEBUG - Save part 'xl/printerSettings/printerSettings1.bin'
16:32:27.883 [main] DEBUG - Save part 'xl/printerSettings/printerSettings2.bin'
16:32:27.883 [main] DEBUG - Save part 'xl/sharedStrings.xml'
16:32:27.883 [main] DEBUG - Save part 'xl/styles.xml'
16:32:27.884 [main] DEBUG - Save part 'xl/theme/theme1.xml'
16:32:27.884 [main] DEBUG - Save part 'xl/workbook.xml'
16:32:27.885 [main] DEBUG - Save part 'xl/worksheets/sheet1.xml'
16:32:27.886 [main] DEBUG - Save part 'xl/worksheets/sheet2.xml'
16:32:27.887 [main] DEBUG - Save part 'xl/worksheets/sheet3.xml'
16:32:27.906 [main] DEBUG - Save content types part
16:32:27.907 [main] DEBUG - Save package relationships
16:32:27.907 [main] DEBUG - Save part 'docProps/app.xml'
16:32:27.907 [main] DEBUG - Save part 'docProps/core.xml'
16:32:27.908 [main] DEBUG - Save part 'xl/printerSettings/printerSettings1.bin'
16:32:27.908 [main] DEBUG - Save part 'xl/printerSettings/printerSettings2.bin'
16:32:27.908 [main] DEBUG - Save part 'xl/sharedStrings.xml'
16:32:27.908 [main] DEBUG - Save part 'xl/styles.xml'
16:32:27.908 [main] DEBUG - Save part 'xl/theme/theme1.xml'
16:32:27.909 [main] DEBUG - Save part 'xl/workbook.xml'
16:32:27.909 [main] DEBUG - Save part 'xl/worksheets/sheet1.xml'
16:32:27.910 [main] DEBUG - Save part 'xl/worksheets/sheet2.xml'
16:32:27.910 [main] DEBUG - Save part 'xl/worksheets/sheet3.xml'
16:32:27.939 [main] DEBUG - Save content types part
16:32:27.940 [main] DEBUG - Save package relationships
16:32:27.941 [main] DEBUG - Save part 'docProps/app.xml'
16:32:27.941 [main] DEBUG - Save part 'docProps/core.xml'
16:32:27.942 [main] DEBUG - Save part 'xl/printerSettings/printerSettings1.bin'
16:32:27.942 [main] DEBUG - Save part 'xl/printerSettings/printerSettings2.bin'
16:32:27.942 [main] DEBUG - Save part 'xl/sharedStrings.xml'
16:32:27.942 [main] DEBUG - Save part 'xl/styles.xml'
16:32:27.943 [main] DEBUG - Save part 'xl/theme/theme1.xml'
16:32:27.943 [main] DEBUG - Save part 'xl/workbook.xml'
16:32:27.943 [main] DEBUG - Save part 'xl/worksheets/sheet1.xml'
16:32:27.944 [main] DEBUG - Save part 'xl/worksheets/sheet2.xml'
16:32:27.944 [main] DEBUG - Save part 'xl/worksheets/sheet3.xml'
16:32:27.972 [main] DEBUG - Save content types part
16:32:27.972 [main] DEBUG - Save package relationships
16:32:27.973 [main] DEBUG - Save part 'docProps/app.xml'
16:32:27.973 [main] DEBUG - Save part 'docProps/core.xml'
16:32:27.973 [main] DEBUG - Save part 'xl/printerSettings/printerSettings1.bin'
16:32:27.973 [main] DEBUG - Save part 'xl/printerSettings/printerSettings2.bin'
16:32:27.973 [main] DEBUG - Save part 'xl/sharedStrings.xml'
16:32:27.973 [main] DEBUG - Save part 'xl/styles.xml'
16:32:27.973 [main] DEBUG - Save part 'xl/theme/theme1.xml'
16:32:27.973 [main] DEBUG - Save part 'xl/workbook.xml'
16:32:27.974 [main] DEBUG - Save part 'xl/worksheets/sheet1.xml'
16:32:27.974 [main] DEBUG - Save part 'xl/worksheets/sheet2.xml'
16:32:27.975 [main] DEBUG - Save part 'xl/worksheets/sheet3.xml'
16:32:28.007 [main] DEBUG - Save content types part
16:32:28.008 [main] DEBUG - Save package relationships
16:32:28.010 [main] DEBUG - Save part 'docProps/app.xml'
16:32:28.010 [main] DEBUG - Save part 'docProps/core.xml'
16:32:28.011 [main] DEBUG - Save part 'xl/printerSettings/printerSettings1.bin'
16:32:28.011 [main] DEBUG - Save part 'xl/printerSettings/printerSettings2.bin'
16:32:28.011 [main] DEBUG - Save part 'xl/sharedStrings.xml'
16:32:28.011 [main] DEBUG - Save part 'xl/styles.xml'
16:32:28.011 [main] DEBUG - Save part 'xl/theme/theme1.xml'
16:32:28.011 [main] DEBUG - Save part 'xl/workbook.xml'
16:32:28.013 [main] DEBUG - Save part 'xl/worksheets/sheet1.xml'
16:32:28.014 [main] DEBUG - Save part 'xl/worksheets/sheet2.xml'
16:32:28.015 [main] DEBUG - Save part 'xl/worksheets/sheet3.xml'
16:32:28.037 [main] DEBUG - Save content types part
16:32:28.037 [main] DEBUG - Save package relationships
16:32:28.038 [main] DEBUG - Save part 'docProps/app.xml'
16:32:28.038 [main] DEBUG - Save part 'docProps/core.xml'
16:32:28.039 [main] DEBUG - Save part 'xl/printerSettings/printerSettings1.bin'
16:32:28.039 [main] DEBUG - Save part 'xl/printerSettings/printerSettings2.bin'
16:32:28.039 [main] DEBUG - Save part 'xl/sharedStrings.xml'
16:32:28.039 [main] DEBUG - Save part 'xl/styles.xml'
16:32:28.039 [main] DEBUG - Save part 'xl/theme/theme1.xml'
16:32:28.039 [main] DEBUG - Save part 'xl/workbook.xml'
16:32:28.040 [main] DEBUG - Save part 'xl/worksheets/sheet1.xml'
16:32:28.041 [main] DEBUG - Save part 'xl/worksheets/sheet2.xml'
16:32:28.041 [main] DEBUG - Save part 'xl/worksheets/sheet3.xml'
16:32:28.068 [main] DEBUG - Save content types part
16:32:28.069 [main] DEBUG - Save package relationships
16:32:28.070 [main] DEBUG - Save part 'docProps/app.xml'
16:32:28.070 [main] DEBUG - Save part 'docProps/core.xml'
16:32:28.070 [main] DEBUG - Save part 'xl/printerSettings/printerSettings1.bin'
16:32:28.070 [main] DEBUG - Save part 'xl/printerSettings/printerSettings2.bin'
16:32:28.070 [main] DEBUG - Save part 'xl/sharedStrings.xml'
16:32:28.071 [main] DEBUG - Save part 'xl/styles.xml'
16:32:28.071 [main] DEBUG - Save part 'xl/theme/theme1.xml'
16:32:28.071 [main] DEBUG - Save part 'xl/workbook.xml'
16:32:28.071 [main] DEBUG - Save part 'xl/worksheets/sheet1.xml'
16:32:28.072 [main] DEBUG - Save part 'xl/worksheets/sheet2.xml'
16:32:28.072 [main] DEBUG - Save part 'xl/worksheets/sheet3.xml'
16:32:28.098 [main] DEBUG - Save content types part
16:32:28.099 [main] DEBUG - Save package relationships
16:32:28.100 [main] DEBUG - Save part 'docProps/app.xml'
16:32:28.100 [main] DEBUG - Save part 'docProps/core.xml'
16:32:28.100 [main] DEBUG - Save part 'xl/printerSettings/printerSettings1.bin'
16:32:28.101 [main] DEBUG - Save part 'xl/printerSettings/printerSettings2.bin'
16:32:28.101 [main] DEBUG - Save part 'xl/sharedStrings.xml'
16:32:28.101 [main] DEBUG - Save part 'xl/styles.xml'
16:32:28.101 [main] DEBUG - Save part 'xl/theme/theme1.xml'
16:32:28.101 [main] DEBUG - Save part 'xl/workbook.xml'
16:32:28.101 [main] DEBUG - Save part 'xl/worksheets/sheet1.xml'
16:32:28.102 [main] DEBUG - Save part 'xl/worksheets/sheet2.xml'
16:32:28.102 [main] DEBUG - Save part 'xl/worksheets/sheet3.xml'
16:32:28.129 [main] DEBUG - Save content types part
16:32:28.130 [main] DEBUG - Save package relationships
16:32:28.130 [main] DEBUG - Save part 'docProps/app.xml'
16:32:28.130 [main] DEBUG - Save part 'docProps/core.xml'
16:32:28.131 [main] DEBUG - Save part 'xl/printerSettings/printerSettings1.bin'
16:32:28.131 [main] DEBUG - Save part 'xl/printerSettings/printerSettings2.bin'
16:32:28.131 [main] DEBUG - Save part 'xl/sharedStrings.xml'
16:32:28.131 [main] DEBUG - Save part 'xl/styles.xml'
16:32:28.131 [main] DEBUG - Save part 'xl/theme/theme1.xml'
16:32:28.131 [main] DEBUG - Save part 'xl/workbook.xml'
16:32:28.133 [main] DEBUG - Save part 'xl/worksheets/sheet1.xml'
16:32:28.133 [main] DEBUG - Save part 'xl/worksheets/sheet2.xml'
16:32:28.134 [main] DEBUG - Save part 'xl/worksheets/sheet3.xml'
16:32:28.160 [main] DEBUG - Save content types part
16:32:28.161 [main] DEBUG - Save package relationships
16:32:28.161 [main] DEBUG - Save part 'docProps/app.xml'
16:32:28.161 [main] DEBUG - Save part 'docProps/core.xml'
16:32:28.163 [main] DEBUG - Save part 'xl/printerSettings/printerSettings1.bin'
16:32:28.163 [main] DEBUG - Save part 'xl/printerSettings/printerSettings2.bin'
16:32:28.163 [main] DEBUG - Save part 'xl/sharedStrings.xml'
16:32:28.164 [main] DEBUG - Save part 'xl/styles.xml'
16:32:28.164 [main] DEBUG - Save part 'xl/theme/theme1.xml'
16:32:28.164 [main] DEBUG - Save part 'xl/workbook.xml'
16:32:28.164 [main] DEBUG - Save part 'xl/worksheets/sheet1.xml'
16:32:28.165 [main] DEBUG - Save part 'xl/worksheets/sheet2.xml'
16:32:28.166 [main] DEBUG - Save part 'xl/worksheets/sheet3.xml'
16:32:28.196 [main] DEBUG - Save content types part
16:32:28.196 [main] DEBUG - Save package relationships
16:32:28.197 [main] DEBUG - Save part 'docProps/app.xml'
16:32:28.197 [main] DEBUG - Save part 'docProps/core.xml'
16:32:28.198 [main] DEBUG - Save part 'xl/printerSettings/printerSettings1.bin'
16:32:28.198 [main] DEBUG - Save part 'xl/printerSettings/printerSettings2.bin'
16:32:28.198 [main] DEBUG - Save part 'xl/sharedStrings.xml'
16:32:28.198 [main] DEBUG - Save part 'xl/styles.xml'
16:32:28.198 [main] DEBUG - Save part 'xl/theme/theme1.xml'
16:32:28.198 [main] DEBUG - Save part 'xl/workbook.xml'
16:32:28.199 [main] DEBUG - Save part 'xl/worksheets/sheet1.xml'
16:32:28.199 [main] DEBUG - Save part 'xl/worksheets/sheet2.xml'
16:32:28.200 [main] DEBUG - Save part 'xl/worksheets/sheet3.xml'
16:32:28.227 [main] DEBUG - Save content types part
16:32:28.227 [main] DEBUG - Save package relationships
16:32:28.228 [main] DEBUG - Save part 'docProps/app.xml'
16:32:28.228 [main] DEBUG - Save part 'docProps/core.xml'
16:32:28.228 [main] DEBUG - Save part 'xl/printerSettings/printerSettings1.bin'
16:32:28.228 [main] DEBUG - Save part 'xl/printerSettings/printerSettings2.bin'
16:32:28.228 [main] DEBUG - Save part 'xl/sharedStrings.xml'
16:32:28.229 [main] DEBUG - Save part 'xl/styles.xml'
16:32:28.229 [main] DEBUG - Save part 'xl/theme/theme1.xml'
16:32:28.229 [main] DEBUG - Save part 'xl/workbook.xml'
16:32:28.229 [main] DEBUG - Save part 'xl/worksheets/sheet1.xml'
16:32:28.230 [main] DEBUG - Save part 'xl/worksheets/sheet2.xml'
16:32:28.230 [main] DEBUG - Save part 'xl/worksheets/sheet3.xml'
16:32:28.257 [main] DEBUG - Save content types part
16:32:28.258 [main] DEBUG - Save package relationships
16:32:28.258 [main] DEBUG - Save part 'docProps/app.xml'
16:32:28.258 [main] DEBUG - Save part 'docProps/core.xml'
16:32:28.259 [main] DEBUG - Save part 'xl/printerSettings/printerSettings1.bin'
16:32:28.259 [main] DEBUG - Save part 'xl/printerSettings/printerSettings2.bin'
16:32:28.259 [main] DEBUG - Save part 'xl/sharedStrings.xml'
16:32:28.259 [main] DEBUG - Save part 'xl/styles.xml'
16:32:28.259 [main] DEBUG - Save part 'xl/theme/theme1.xml'
16:32:28.259 [main] DEBUG - Save part 'xl/workbook.xml'
16:32:28.259 [main] DEBUG - Save part 'xl/worksheets/sheet1.xml'
16:32:28.261 [main] DEBUG - Save part 'xl/worksheets/sheet2.xml'
16:32:28.261 [main] DEBUG - Save part 'xl/worksheets/sheet3.xml'
16:32:28.288 [main] DEBUG - Save content types part
16:32:28.289 [main] DEBUG - Save package relationships
16:32:28.289 [main] DEBUG - Save part 'docProps/app.xml'
16:32:28.289 [main] DEBUG - Save part 'docProps/core.xml'
16:32:28.290 [main] DEBUG - Save part 'xl/printerSettings/printerSettings1.bin'
16:32:28.290 [main] DEBUG - Save part 'xl/printerSettings/printerSettings2.bin'
16:32:28.290 [main] DEBUG - Save part 'xl/sharedStrings.xml'
16:32:28.290 [main] DEBUG - Save part 'xl/styles.xml'
16:32:28.290 [main] DEBUG - Save part 'xl/theme/theme1.xml'
16:32:28.290 [main] DEBUG - Save part 'xl/workbook.xml'
16:32:28.291 [main] DEBUG - Save part 'xl/worksheets/sheet1.xml'
16:32:28.291 [main] DEBUG - Save part 'xl/worksheets/sheet2.xml'
16:32:28.292 [main] DEBUG - Save part 'xl/worksheets/sheet3.xml'
16:32:28.318 [main] DEBUG - Save content types part
16:32:28.319 [main] DEBUG - Save package relationships
16:32:28.319 [main] DEBUG - Save part 'docProps/app.xml'
16:32:28.319 [main] DEBUG - Save part 'docProps/core.xml'
16:32:28.320 [main] DEBUG - Save part 'xl/printerSettings/printerSettings1.bin'
16:32:28.320 [main] DEBUG - Save part 'xl/printerSettings/printerSettings2.bin'
16:32:28.320 [main] DEBUG - Save part 'xl/sharedStrings.xml'
16:32:28.320 [main] DEBUG - Save part 'xl/styles.xml'
16:32:28.320 [main] DEBUG - Save part 'xl/theme/theme1.xml'
16:32:28.320 [main] DEBUG - Save part 'xl/workbook.xml'
16:32:28.321 [main] DEBUG - Save part 'xl/worksheets/sheet1.xml'
16:32:28.321 [main] DEBUG - Save part 'xl/worksheets/sheet2.xml'
16:32:28.321 [main] DEBUG - Save part 'xl/worksheets/sheet3.xml'
16:32:28.348 [main] DEBUG - Save content types part
16:32:28.349 [main] DEBUG - Save package relationships
16:32:28.349 [main] DEBUG - Save part 'docProps/app.xml'
16:32:28.350 [main] DEBUG - Save part 'docProps/core.xml'
16:32:28.350 [main] DEBUG - Save part 'xl/printerSettings/printerSettings1.bin'
16:32:28.350 [main] DEBUG - Save part 'xl/printerSettings/printerSettings2.bin'
16:32:28.350 [main] DEBUG - Save part 'xl/sharedStrings.xml'
16:32:28.350 [main] DEBUG - Save part 'xl/styles.xml'
16:32:28.350 [main] DEBUG - Save part 'xl/theme/theme1.xml'
16:32:28.351 [main] DEBUG - Save part 'xl/workbook.xml'
16:32:28.351 [main] DEBUG - Save part 'xl/worksheets/sheet1.xml'
16:32:28.351 [main] DEBUG - Save part 'xl/worksheets/sheet2.xml'
16:32:28.351 [main] DEBUG - Save part 'xl/worksheets/sheet3.xml'
16:32:28.381 [main] DEBUG - Save content types part
16:32:28.382 [main] DEBUG - Save package relationships
16:32:28.382 [main] DEBUG - Save part 'docProps/app.xml'
16:32:28.383 [main] DEBUG - Save part 'docProps/core.xml'
16:32:28.383 [main] DEBUG - Save part 'xl/printerSettings/printerSettings1.bin'
16:32:28.383 [main] DEBUG - Save part 'xl/printerSettings/printerSettings2.bin'
16:32:28.383 [main] DEBUG - Save part 'xl/sharedStrings.xml'
16:32:28.383 [main] DEBUG - Save part 'xl/styles.xml'
16:32:28.383 [main] DEBUG - Save part 'xl/theme/theme1.xml'
16:32:28.383 [main] DEBUG - Save part 'xl/workbook.xml'
16:32:28.384 [main] DEBUG - Save part 'xl/worksheets/sheet1.xml'
16:32:28.384 [main] DEBUG - Save part 'xl/worksheets/sheet2.xml'
16:32:28.384 [main] DEBUG - Save part 'xl/worksheets/sheet3.xml'
16:32:28.413 [main] DEBUG - Save content types part
16:32:28.414 [main] DEBUG - Save package relationships
16:32:28.415 [main] DEBUG - Save part 'docProps/app.xml'
16:32:28.415 [main] DEBUG - Save part 'docProps/core.xml'
16:32:28.415 [main] DEBUG - Save part 'xl/printerSettings/printerSettings1.bin'
16:32:28.415 [main] DEBUG - Save part 'xl/printerSettings/printerSettings2.bin'
16:32:28.416 [main] DEBUG - Save part 'xl/sharedStrings.xml'
16:32:28.416 [main] DEBUG - Save part 'xl/styles.xml'
16:32:28.416 [main] DEBUG - Save part 'xl/theme/theme1.xml'
16:32:28.416 [main] DEBUG - Save part 'xl/workbook.xml'
16:32:28.417 [main] DEBUG - Save part 'xl/worksheets/sheet1.xml'
16:32:28.417 [main] DEBUG - Save part 'xl/worksheets/sheet2.xml'
16:32:28.418 [main] DEBUG - Save part 'xl/worksheets/sheet3.xml'
16:32:28.445 [main] DEBUG - Save content types part
16:32:28.446 [main] DEBUG - Save package relationships
16:32:28.446 [main] DEBUG - Save part 'docProps/app.xml'
16:32:28.446 [main] DEBUG - Save part 'docProps/core.xml'
16:32:28.447 [main] DEBUG - Save part 'xl/printerSettings/printerSettings1.bin'
16:32:28.447 [main] DEBUG - Save part 'xl/printerSettings/printerSettings2.bin'
16:32:28.447 [main] DEBUG - Save part 'xl/sharedStrings.xml'
16:32:28.447 [main] DEBUG - Save part 'xl/styles.xml'
16:32:28.447 [main] DEBUG - Save part 'xl/theme/theme1.xml'
16:32:28.447 [main] DEBUG - Save part 'xl/workbook.xml'
16:32:28.448 [main] DEBUG - Save part 'xl/worksheets/sheet1.xml'
16:32:28.448 [main] DEBUG - Save part 'xl/worksheets/sheet2.xml'
16:32:28.449 [main] DEBUG - Save part 'xl/worksheets/sheet3.xml'
16:32:28.476 [main] DEBUG - Save content types part
16:32:28.477 [main] DEBUG - Save package relationships
16:32:28.477 [main] DEBUG - Save part 'docProps/app.xml'
16:32:28.477 [main] DEBUG - Save part 'docProps/core.xml'
16:32:28.477 [main] DEBUG - Save part 'xl/printerSettings/printerSettings1.bin'
16:32:28.477 [main] DEBUG - Save part 'xl/printerSettings/printerSettings2.bin'
16:32:28.478 [main] DEBUG - Save part 'xl/sharedStrings.xml'
16:32:28.478 [main] DEBUG - Save part 'xl/styles.xml'
16:32:28.478 [main] DEBUG - Save part 'xl/theme/theme1.xml'
16:32:28.478 [main] DEBUG - Save part 'xl/workbook.xml'
16:32:28.478 [main] DEBUG - Save part 'xl/worksheets/sheet1.xml'
16:32:28.479 [main] DEBUG - Save part 'xl/worksheets/sheet2.xml'
16:32:28.479 [main] DEBUG - Save part 'xl/worksheets/sheet3.xml'
16:32:28.496 [main] DEBUG - Save content types part
16:32:28.496 [main] DEBUG - Save package relationships
16:32:28.497 [main] DEBUG - Save part 'docProps/app.xml'
16:32:28.497 [main] DEBUG - Save part 'docProps/core.xml'
16:32:28.497 [main] DEBUG - Save part 'xl/printerSettings/printerSettings1.bin'
16:32:28.497 [main] DEBUG - Save part 'xl/printerSettings/printerSettings2.bin'
16:32:28.497 [main] DEBUG - Save part 'xl/sharedStrings.xml'
16:32:28.497 [main] DEBUG - Save part 'xl/styles.xml'
16:32:28.498 [main] DEBUG - Save part 'xl/theme/theme1.xml'
16:32:28.498 [main] DEBUG - Save part 'xl/workbook.xml'
16:32:28.498 [main] DEBUG - Save part 'xl/worksheets/sheet1.xml'
16:32:28.499 [main] DEBUG - Save part 'xl/worksheets/sheet2.xml'
16:32:28.499 [main] DEBUG - Save part 'xl/worksheets/sheet3.xml'
16:32:28.516 [main] DEBUG - Save content types part
16:32:28.516 [main] DEBUG - Save package relationships
16:32:28.517 [main] DEBUG - Save part 'docProps/app.xml'
16:32:28.517 [main] DEBUG - Save part 'docProps/core.xml'
16:32:28.517 [main] DEBUG - Save part 'xl/printerSettings/printerSettings1.bin'
16:32:28.517 [main] DEBUG - Save part 'xl/printerSettings/printerSettings2.bin'
16:32:28.517 [main] DEBUG - Save part 'xl/sharedStrings.xml'
16:32:28.518 [main] DEBUG - Save part 'xl/styles.xml'
16:32:28.518 [main] DEBUG - Save part 'xl/theme/theme1.xml'
16:32:28.518 [main] DEBUG - Save part 'xl/workbook.xml'
16:32:28.518 [main] DEBUG - Save part 'xl/worksheets/sheet1.xml'
16:32:28.519 [main] DEBUG - Save part 'xl/worksheets/sheet2.xml'
16:32:28.519 [main] DEBUG - Save part 'xl/worksheets/sheet3.xml'
16:32:28.547 [main] DEBUG - Save content types part
16:32:28.548 [main] DEBUG - Save package relationships
16:32:28.549 [main] DEBUG - Save part 'docProps/app.xml'
16:32:28.549 [main] DEBUG - Save part 'docProps/core.xml'
16:32:28.550 [main] DEBUG - Save part 'xl/printerSettings/printerSettings1.bin'
16:32:28.550 [main] DEBUG - Save part 'xl/printerSettings/printerSettings2.bin'
16:32:28.550 [main] DEBUG - Save part 'xl/sharedStrings.xml'
16:32:28.550 [main] DEBUG - Save part 'xl/styles.xml'
16:32:28.550 [main] DEBUG - Save part 'xl/theme/theme1.xml'
16:32:28.550 [main] DEBUG - Save part 'xl/workbook.xml'
16:32:28.551 [main] DEBUG - Save part 'xl/worksheets/sheet1.xml'
16:32:28.551 [main] DEBUG - Save part 'xl/worksheets/sheet2.xml'
16:32:28.552 [main] DEBUG - Save part 'xl/worksheets/sheet3.xml'
16:32:28.580 [main] DEBUG - Save content types part
16:32:28.580 [main] DEBUG - Save package relationships
16:32:28.581 [main] DEBUG - Save part 'docProps/app.xml'
16:32:28.581 [main] DEBUG - Save part 'docProps/core.xml'
16:32:28.581 [main] DEBUG - Save part 'xl/printerSettings/printerSettings1.bin'
16:32:28.581 [main] DEBUG - Save part 'xl/printerSettings/printerSettings2.bin'
16:32:28.581 [main] DEBUG - Save part 'xl/sharedStrings.xml'
16:32:28.582 [main] DEBUG - Save part 'xl/styles.xml'
16:32:28.582 [main] DEBUG - Save part 'xl/theme/theme1.xml'
16:32:28.582 [main] DEBUG - Save part 'xl/workbook.xml'
16:32:28.582 [main] DEBUG - Save part 'xl/worksheets/sheet1.xml'
16:32:28.582 [main] DEBUG - Save part 'xl/worksheets/sheet2.xml'
16:32:28.583 [main] DEBUG - Save part 'xl/worksheets/sheet3.xml'
16:32:28.602 [main] DEBUG - Save content types part
16:32:28.602 [main] DEBUG - Save package relationships
16:32:28.603 [main] DEBUG - Save part 'docProps/app.xml'
16:32:28.603 [main] DEBUG - Save part 'docProps/core.xml'
16:32:28.604 [main] DEBUG - Save part 'xl/printerSettings/printerSettings1.bin'
16:32:28.604 [main] DEBUG - Save part 'xl/printerSettings/printerSettings2.bin'
16:32:28.604 [main] DEBUG - Save part 'xl/sharedStrings.xml'
16:32:28.604 [main] DEBUG - Save part 'xl/styles.xml'
16:32:28.604 [main] DEBUG - Save part 'xl/theme/theme1.xml'
16:32:28.604 [main] DEBUG - Save part 'xl/workbook.xml'
16:32:28.605 [main] DEBUG - Save part 'xl/worksheets/sheet1.xml'
16:32:28.606 [main] DEBUG - Save part 'xl/worksheets/sheet2.xml'
16:32:28.606 [main] DEBUG - Save part 'xl/worksheets/sheet3.xml'
16:32:28.633 [main] DEBUG - Save content types part
16:32:28.634 [main] DEBUG - Save package relationships
16:32:28.634 [main] DEBUG - Save part 'docProps/app.xml'
16:32:28.634 [main] DEBUG - Save part 'docProps/core.xml'
16:32:28.635 [main] DEBUG - Save part 'xl/printerSettings/printerSettings1.bin'
16:32:28.635 [main] DEBUG - Save part 'xl/printerSettings/printerSettings2.bin'
16:32:28.635 [main] DEBUG - Save part 'xl/sharedStrings.xml'
16:32:28.635 [main] DEBUG - Save part 'xl/styles.xml'
16:32:28.635 [main] DEBUG - Save part 'xl/theme/theme1.xml'
16:32:28.635 [main] DEBUG - Save part 'xl/workbook.xml'
16:32:28.636 [main] DEBUG - Save part 'xl/worksheets/sheet1.xml'
16:32:28.636 [main] DEBUG - Save part 'xl/worksheets/sheet2.xml'
16:32:28.637 [main] DEBUG - Save part 'xl/worksheets/sheet3.xml'
16:32:28.659 [main] DEBUG - Save content types part
16:32:28.659 [main] DEBUG - Save package relationships
16:32:28.660 [main] DEBUG - Save part 'docProps/app.xml'
16:32:28.660 [main] DEBUG - Save part 'docProps/core.xml'
16:32:28.660 [main] DEBUG - Save part 'xl/printerSettings/printerSettings1.bin'
16:32:28.660 [main] DEBUG - Save part 'xl/printerSettings/printerSettings2.bin'
16:32:28.660 [main] DEBUG - Save part 'xl/sharedStrings.xml'
16:32:28.660 [main] DEBUG - Save part 'xl/styles.xml'
16:32:28.661 [main] DEBUG - Save part 'xl/theme/theme1.xml'
16:32:28.662 [main] DEBUG - Save part 'xl/workbook.xml'
16:32:28.662 [main] DEBUG - Save part 'xl/worksheets/sheet1.xml'
16:32:28.662 [main] DEBUG - Save part 'xl/worksheets/sheet2.xml'
16:32:28.663 [main] DEBUG - Save part 'xl/worksheets/sheet3.xml'
16:32:28.689 [main] DEBUG - Save content types part
16:32:28.689 [main] DEBUG - Save package relationships
16:32:28.690 [main] DEBUG - Save part 'docProps/app.xml'
16:32:28.690 [main] DEBUG - Save part 'docProps/core.xml'
16:32:28.690 [main] DEBUG - Save part 'xl/printerSettings/printerSettings1.bin'
16:32:28.690 [main] DEBUG - Save part 'xl/printerSettings/printerSettings2.bin'
16:32:28.690 [main] DEBUG - Save part 'xl/sharedStrings.xml'
16:32:28.690 [main] DEBUG - Save part 'xl/styles.xml'
16:32:28.690 [main] DEBUG - Save part 'xl/theme/theme1.xml'
16:32:28.691 [main] DEBUG - Save part 'xl/workbook.xml'
16:32:28.691 [main] DEBUG - Save part 'xl/worksheets/sheet1.xml'
16:32:28.691 [main] DEBUG - Save part 'xl/worksheets/sheet2.xml'
16:32:28.691 [main] DEBUG - Save part 'xl/worksheets/sheet3.xml'
16:32:28.716 [main] DEBUG - Save content types part
16:32:28.716 [main] DEBUG - Save package relationships
16:32:28.717 [main] DEBUG - Save part 'docProps/app.xml'
16:32:28.717 [main] DEBUG - Save part 'docProps/core.xml'
16:32:28.717 [main] DEBUG - Save part 'xl/printerSettings/printerSettings1.bin'
16:32:28.717 [main] DEBUG - Save part 'xl/printerSettings/printerSettings2.bin'
16:32:28.717 [main] DEBUG - Save part 'xl/sharedStrings.xml'
16:32:28.718 [main] DEBUG - Save part 'xl/styles.xml'
16:32:28.718 [main] DEBUG - Save part 'xl/theme/theme1.xml'
16:32:28.718 [main] DEBUG - Save part 'xl/workbook.xml'
16:32:28.718 [main] DEBUG - Save part 'xl/worksheets/sheet1.xml'
16:32:28.719 [main] DEBUG - Save part 'xl/worksheets/sheet2.xml'
16:32:28.719 [main] DEBUG - Save part 'xl/worksheets/sheet3.xml'
16:32:28.746 [main] DEBUG - Save content types part
16:32:28.746 [main] DEBUG - Save package relationships
16:32:28.747 [main] DEBUG - Save part 'docProps/app.xml'
16:32:28.747 [main] DEBUG - Save part 'docProps/core.xml'
16:32:28.747 [main] DEBUG - Save part 'xl/printerSettings/printerSettings1.bin'
16:32:28.747 [main] DEBUG - Save part 'xl/printerSettings/printerSettings2.bin'
16:32:28.747 [main] DEBUG - Save part 'xl/sharedStrings.xml'
16:32:28.747 [main] DEBUG - Save part 'xl/styles.xml'
16:32:28.747 [main] DEBUG - Save part 'xl/theme/theme1.xml'
16:32:28.748 [main] DEBUG - Save part 'xl/workbook.xml'
16:32:28.748 [main] DEBUG - Save part 'xl/worksheets/sheet1.xml'
16:32:28.749 [main] DEBUG - Save part 'xl/worksheets/sheet2.xml'
16:32:28.749 [main] DEBUG - Save part 'xl/worksheets/sheet3.xml'
16:32:28.774 [main] DEBUG - Save content types part
16:32:28.775 [main] DEBUG - Save package relationships
16:32:28.775 [main] DEBUG - Save part 'docProps/app.xml'
16:32:28.775 [main] DEBUG - Save part 'docProps/core.xml'
16:32:28.776 [main] DEBUG - Save part 'xl/printerSettings/printerSettings1.bin'
16:32:28.776 [main] DEBUG - Save part 'xl/printerSettings/printerSettings2.bin'
16:32:28.776 [main] DEBUG - Save part 'xl/sharedStrings.xml'
16:32:28.776 [main] DEBUG - Save part 'xl/styles.xml'
16:32:28.776 [main] DEBUG - Save part 'xl/theme/theme1.xml'
16:32:28.776 [main] DEBUG - Save part 'xl/workbook.xml'
16:32:28.777 [main] DEBUG - Save part 'xl/worksheets/sheet1.xml'
16:32:28.777 [main] DEBUG - Save part 'xl/worksheets/sheet2.xml'
16:32:28.778 [main] DEBUG - Save part 'xl/worksheets/sheet3.xml'
16:32:28.808 [main] DEBUG - Save content types part
16:32:28.809 [main] DEBUG - Save package relationships
16:32:28.809 [main] DEBUG - Save part 'docProps/app.xml'
16:32:28.809 [main] DEBUG - Save part 'docProps/core.xml'
16:32:28.810 [main] DEBUG - Save part 'xl/printerSettings/printerSettings1.bin'
16:32:28.810 [main] DEBUG - Save part 'xl/printerSettings/printerSettings2.bin'
16:32:28.810 [main] DEBUG - Save part 'xl/sharedStrings.xml'
16:32:28.810 [main] DEBUG - Save part 'xl/styles.xml'
16:32:28.810 [main] DEBUG - Save part 'xl/theme/theme1.xml'
16:32:28.810 [main] DEBUG - Save part 'xl/workbook.xml'
16:32:28.811 [main] DEBUG - Save part 'xl/worksheets/sheet1.xml'
16:32:28.811 [main] DEBUG - Save part 'xl/worksheets/sheet2.xml'
16:32:28.811 [main] DEBUG - Save part 'xl/worksheets/sheet3.xml'
16:32:28.837 [main] DEBUG - Save content types part
16:32:28.838 [main] DEBUG - Save package relationships
16:32:28.838 [main] DEBUG - Save part 'docProps/app.xml'
16:32:28.838 [main] DEBUG - Save part 'docProps/core.xml'
16:32:28.839 [main] DEBUG - Save part 'xl/printerSettings/printerSettings1.bin'
16:32:28.839 [main] DEBUG - Save part 'xl/printerSettings/printerSettings2.bin'
16:32:28.839 [main] DEBUG - Save part 'xl/sharedStrings.xml'
16:32:28.839 [main] DEBUG - Save part 'xl/styles.xml'
16:32:28.839 [main] DEBUG - Save part 'xl/theme/theme1.xml'
16:32:28.840 [main] DEBUG - Save part 'xl/workbook.xml'
16:32:28.840 [main] DEBUG - Save part 'xl/worksheets/sheet1.xml'
16:32:28.840 [main] DEBUG - Save part 'xl/worksheets/sheet2.xml'
16:32:28.841 [main] DEBUG - Save part 'xl/worksheets/sheet3.xml'
16:32:28.867 [main] DEBUG - Save content types part
16:32:28.868 [main] DEBUG - Save package relationships
16:32:28.868 [main] DEBUG - Save part 'docProps/app.xml'
16:32:28.869 [main] DEBUG - Save part 'docProps/core.xml'
16:32:28.869 [main] DEBUG - Save part 'xl/printerSettings/printerSettings1.bin'
16:32:28.869 [main] DEBUG - Save part 'xl/printerSettings/printerSettings2.bin'
16:32:28.869 [main] DEBUG - Save part 'xl/sharedStrings.xml'
16:32:28.869 [main] DEBUG - Save part 'xl/styles.xml'
16:32:28.869 [main] DEBUG - Save part 'xl/theme/theme1.xml'
16:32:28.870 [main] DEBUG - Save part 'xl/workbook.xml'
16:32:28.870 [main] DEBUG - Save part 'xl/worksheets/sheet1.xml'
16:32:28.871 [main] DEBUG - Save part 'xl/worksheets/sheet2.xml'
16:32:28.871 [main] DEBUG - Save part 'xl/worksheets/sheet3.xml'
16:32:28.899 [main] DEBUG - Save content types part
16:32:28.900 [main] DEBUG - Save package relationships
16:32:28.900 [main] DEBUG - Save part 'docProps/app.xml'
16:32:28.900 [main] DEBUG - Save part 'docProps/core.xml'
16:32:28.901 [main] DEBUG - Save part 'xl/printerSettings/printerSettings1.bin'
16:32:28.901 [main] DEBUG - Save part 'xl/printerSettings/printerSettings2.bin'
16:32:28.901 [main] DEBUG - Save part 'xl/sharedStrings.xml'
16:32:28.902 [main] DEBUG - Save part 'xl/styles.xml'
16:32:28.902 [main] DEBUG - Save part 'xl/theme/theme1.xml'
16:32:28.902 [main] DEBUG - Save part 'xl/workbook.xml'
16:32:28.903 [main] DEBUG - Save part 'xl/worksheets/sheet1.xml'
16:32:28.903 [main] DEBUG - Save part 'xl/worksheets/sheet2.xml'
16:32:28.904 [main] DEBUG - Save part 'xl/worksheets/sheet3.xml'
16:32:28.920 [main] DEBUG - Save content types part
16:32:28.921 [main] DEBUG - Save package relationships
16:32:28.922 [main] DEBUG - Save part 'docProps/app.xml'
16:32:28.922 [main] DEBUG - Save part 'docProps/core.xml'
16:32:28.922 [main] DEBUG - Save part 'xl/printerSettings/printerSettings1.bin'
16:32:28.922 [main] DEBUG - Save part 'xl/printerSettings/printerSettings2.bin'
16:32:28.922 [main] DEBUG - Save part 'xl/sharedStrings.xml'
16:32:28.922 [main] DEBUG - Save part 'xl/styles.xml'
16:32:28.923 [main] DEBUG - Save part 'xl/theme/theme1.xml'
16:32:28.923 [main] DEBUG - Save part 'xl/workbook.xml'
16:32:28.923 [main] DEBUG - Save part 'xl/worksheets/sheet1.xml'
16:32:28.923 [main] DEBUG - Save part 'xl/worksheets/sheet2.xml'
16:32:28.923 [main] DEBUG - Save part 'xl/worksheets/sheet3.xml'
16:32:28.950 [main] DEBUG - Save content types part
16:32:28.950 [main] DEBUG - Save package relationships
16:32:28.951 [main] DEBUG - Save part 'docProps/app.xml'
16:32:28.951 [main] DEBUG - Save part 'docProps/core.xml'
16:32:28.951 [main] DEBUG - Save part 'xl/printerSettings/printerSettings1.bin'
16:32:28.951 [main] DEBUG - Save part 'xl/printerSettings/printerSettings2.bin'
16:32:28.951 [main] DEBUG - Save part 'xl/sharedStrings.xml'
16:32:28.951 [main] DEBUG - Save part 'xl/styles.xml'
16:32:28.952 [main] DEBUG - Save part 'xl/theme/theme1.xml'
16:32:28.952 [main] DEBUG - Save part 'xl/workbook.xml'
16:32:28.952 [main] DEBUG - Save part 'xl/worksheets/sheet1.xml'
16:32:28.953 [main] DEBUG - Save part 'xl/worksheets/sheet2.xml'
16:32:28.953 [main] DEBUG - Save part 'xl/worksheets/sheet3.xml'
16:32:28.977 [main] DEBUG - Save content types part
16:32:28.977 [main] DEBUG - Save package relationships
16:32:28.978 [main] DEBUG - Save part 'docProps/app.xml'
16:32:28.978 [main] DEBUG - Save part 'docProps/core.xml'
16:32:28.978 [main] DEBUG - Save part 'xl/printerSettings/printerSettings1.bin'
16:32:28.978 [main] DEBUG - Save part 'xl/printerSettings/printerSettings2.bin'
16:32:28.978 [main] DEBUG - Save part 'xl/sharedStrings.xml'
16:32:28.978 [main] DEBUG - Save part 'xl/styles.xml'
16:32:28.979 [main] DEBUG - Save part 'xl/theme/theme1.xml'
16:32:28.979 [main] DEBUG - Save part 'xl/workbook.xml'
16:32:28.979 [main] DEBUG - Save part 'xl/worksheets/sheet1.xml'
16:32:28.980 [main] DEBUG - Save part 'xl/worksheets/sheet2.xml'
16:32:28.980 [main] DEBUG - Save part 'xl/worksheets/sheet3.xml'
16:32:29.007 [main] DEBUG - Save content types part
16:32:29.007 [main] DEBUG - Save package relationships
16:32:29.008 [main] DEBUG - Save part 'docProps/app.xml'
16:32:29.008 [main] DEBUG - Save part 'docProps/core.xml'
16:32:29.008 [main] DEBUG - Save part 'xl/printerSettings/printerSettings1.bin'
16:32:29.009 [main] DEBUG - Save part 'xl/printerSettings/printerSettings2.bin'
16:32:29.009 [main] DEBUG - Save part 'xl/sharedStrings.xml'
16:32:29.009 [main] DEBUG - Save part 'xl/styles.xml'
16:32:29.009 [main] DEBUG - Save part 'xl/theme/theme1.xml'
16:32:29.009 [main] DEBUG - Save part 'xl/workbook.xml'
16:32:29.010 [main] DEBUG - Save part 'xl/worksheets/sheet1.xml'
16:32:29.011 [main] DEBUG - Save part 'xl/worksheets/sheet2.xml'
16:32:29.011 [main] DEBUG - Save part 'xl/worksheets/sheet3.xml'
16:32:29.040 [main] DEBUG - Save content types part
16:32:29.041 [main] DEBUG - Save package relationships
16:32:29.041 [main] DEBUG - Save part 'docProps/app.xml'
16:32:29.041 [main] DEBUG - Save part 'docProps/core.xml'
16:32:29.043 [main] DEBUG - Save part 'xl/printerSettings/printerSettings1.bin'
16:32:29.043 [main] DEBUG - Save part 'xl/printerSettings/printerSettings2.bin'
16:32:29.043 [main] DEBUG - Save part 'xl/sharedStrings.xml'
16:32:29.043 [main] DEBUG - Save part 'xl/styles.xml'
16:32:29.043 [main] DEBUG - Save part 'xl/theme/theme1.xml'
16:32:29.043 [main] DEBUG - Save part 'xl/workbook.xml'
16:32:29.044 [main] DEBUG - Save part 'xl/worksheets/sheet1.xml'
16:32:29.045 [main] DEBUG - Save part 'xl/worksheets/sheet2.xml'
16:32:29.045 [main] DEBUG - Save part 'xl/worksheets/sheet3.xml'
16:32:29.075 [main] DEBUG - Save content types part
16:32:29.077 [main] DEBUG - Save package relationships
16:32:29.079 [main] DEBUG - Save part 'docProps/app.xml'
16:32:29.079 [main] DEBUG - Save part 'docProps/core.xml'
16:32:29.081 [main] DEBUG - Save part 'xl/printerSettings/printerSettings1.bin'
16:32:29.081 [main] DEBUG - Save part 'xl/printerSettings/printerSettings2.bin'
16:32:29.081 [main] DEBUG - Save part 'xl/sharedStrings.xml'
16:32:29.082 [main] DEBUG - Save part 'xl/styles.xml'
16:32:29.082 [main] DEBUG - Save part 'xl/theme/theme1.xml'
16:32:29.083 [main] DEBUG - Save part 'xl/workbook.xml'
