18:33:37.042 [main] DEBUG - Save part 'xl/worksheets/sheet7.xml'
18:33:37.045 [main] DEBUG - Save part 'xl/worksheets/sheet8.xml'
18:33:37.045 [main] DEBUG - Save part 'xl/worksheets/sheet9.xml'
18:33:37.066 [main] DEBUG - Save content types part
18:33:37.067 [main] DEBUG - Save package relationships
18:33:37.068 [main] DEBUG - Save part 'docProps/app.xml'
18:33:37.069 [main] DEBUG - Save part 'docProps/core.xml'
18:33:37.070 [main] DEBUG - Save part 'xl/printerSettings/printerSettings1.bin'
18:33:37.070 [main] DEBUG - Save part 'xl/printerSettings/printerSettings2.bin'
18:33:37.070 [main] DEBUG - Save part 'xl/sharedStrings.xml'
18:33:37.071 [main] DEBUG - Save part 'xl/styles.xml'
18:33:37.072 [main] DEBUG - Save part 'xl/theme/theme1.xml'
18:33:37.072 [main] DEBUG - Save part 'xl/workbook.xml'
18:33:37.073 [main] DEBUG - Save part 'xl/worksheets/sheet1.xml'
18:33:37.074 [main] DEBUG - Save part 'xl/worksheets/sheet2.xml'
18:33:37.076 [main] DEBUG - Save part 'xl/worksheets/sheet3.xml'
18:33:37.076 [main] DEBUG - Save part 'xl/worksheets/sheet4.xml'
18:33:37.076 [main] DEBUG - Save part 'xl/worksheets/sheet5.xml'
18:33:37.076 [main] DEBUG - Save part 'xl/worksheets/sheet6.xml'
18:33:37.076 [main] DEBUG - Save part 'xl/worksheets/sheet7.xml'
18:33:37.077 [main] DEBUG - Save part 'xl/worksheets/sheet8.xml'
18:33:37.077 [main] DEBUG - Save part 'xl/worksheets/sheet9.xml'
18:33:37.106 [main] DEBUG - Save content types part
18:33:37.106 [main] DEBUG - Save package relationships
18:33:37.107 [main] DEBUG - Save part 'docProps/app.xml'
18:33:37.107 [main] DEBUG - Save part 'docProps/core.xml'
18:33:37.108 [main] DEBUG - Save part 'xl/printerSettings/printerSettings1.bin'
18:33:37.108 [main] DEBUG - Save part 'xl/printerSettings/printerSettings2.bin'
18:33:37.108 [main] DEBUG - Save part 'xl/sharedStrings.xml'
18:33:37.108 [main] DEBUG - Save part 'xl/styles.xml'
18:33:37.108 [main] DEBUG - Save part 'xl/theme/theme1.xml'
18:33:37.108 [main] DEBUG - Save part 'xl/workbook.xml'
18:33:37.109 [main] DEBUG - Save part 'xl/worksheets/sheet1.xml'
18:33:37.110 [main] DEBUG - Save part 'xl/worksheets/sheet2.xml'
18:33:37.110 [main] DEBUG - Save part 'xl/worksheets/sheet3.xml'
18:33:37.110 [main] DEBUG - Save part 'xl/worksheets/sheet4.xml'
18:33:37.110 [main] DEBUG - Save part 'xl/worksheets/sheet5.xml'
18:33:37.111 [main] DEBUG - Save part 'xl/worksheets/sheet6.xml'
18:33:37.111 [main] DEBUG - Save part 'xl/worksheets/sheet7.xml'
18:33:37.111 [main] DEBUG - Save part 'xl/worksheets/sheet8.xml'
18:33:37.111 [main] DEBUG - Save part 'xl/worksheets/sheet9.xml'
18:33:37.140 [main] DEBUG - Save content types part
18:33:37.140 [main] DEBUG - Save package relationships
18:33:37.140 [main] DEBUG - Save part 'docProps/app.xml'
18:33:37.140 [main] DEBUG - Save part 'docProps/core.xml'
18:33:37.142 [main] DEBUG - Save part 'xl/printerSettings/printerSettings1.bin'
18:33:37.142 [main] DEBUG - Save part 'xl/printerSettings/printerSettings2.bin'
18:33:37.142 [main] DEBUG - Save part 'xl/sharedStrings.xml'
18:33:37.142 [main] DEBUG - Save part 'xl/styles.xml'
18:33:37.142 [main] DEBUG - Save part 'xl/theme/theme1.xml'
18:33:37.142 [main] DEBUG - Save part 'xl/workbook.xml'
18:33:37.143 [main] DEBUG - Save part 'xl/worksheets/sheet1.xml'
18:33:37.143 [main] DEBUG - Save part 'xl/worksheets/sheet2.xml'
18:33:37.144 [main] DEBUG - Save part 'xl/worksheets/sheet3.xml'
18:33:37.144 [main] DEBUG - Save part 'xl/worksheets/sheet4.xml'
18:33:37.144 [main] DEBUG - Save part 'xl/worksheets/sheet5.xml'
18:33:37.144 [main] DEBUG - Save part 'xl/worksheets/sheet6.xml'
18:33:37.144 [main] DEBUG - Save part 'xl/worksheets/sheet7.xml'
18:33:37.144 [main] DEBUG - Save part 'xl/worksheets/sheet8.xml'
18:33:37.144 [main] DEBUG - Save part 'xl/worksheets/sheet9.xml'
18:33:37.171 [main] DEBUG - Save content types part
18:33:37.172 [main] DEBUG - Save package relationships
18:33:37.172 [main] DEBUG - Save part 'docProps/app.xml'
18:33:37.172 [main] DEBUG - Save part 'docProps/core.xml'
18:33:37.173 [main] DEBUG - Save part 'xl/printerSettings/printerSettings1.bin'
18:33:37.173 [main] DEBUG - Save part 'xl/printerSettings/printerSettings2.bin'
18:33:37.173 [main] DEBUG - Save part 'xl/sharedStrings.xml'
18:33:37.173 [main] DEBUG - Save part 'xl/styles.xml'
18:33:37.173 [main] DEBUG - Save part 'xl/theme/theme1.xml'
18:33:37.173 [main] DEBUG - Save part 'xl/workbook.xml'
18:33:37.174 [main] DEBUG - Save part 'xl/worksheets/sheet1.xml'
18:33:37.175 [main] DEBUG - Save part 'xl/worksheets/sheet2.xml'
18:33:37.176 [main] DEBUG - Save part 'xl/worksheets/sheet3.xml'
18:33:37.176 [main] DEBUG - Save part 'xl/worksheets/sheet4.xml'
18:33:37.176 [main] DEBUG - Save part 'xl/worksheets/sheet5.xml'
18:33:37.176 [main] DEBUG - Save part 'xl/worksheets/sheet6.xml'
18:33:37.176 [main] DEBUG - Save part 'xl/worksheets/sheet7.xml'
18:33:37.176 [main] DEBUG - Save part 'xl/worksheets/sheet8.xml'
18:33:37.176 [main] DEBUG - Save part 'xl/worksheets/sheet9.xml'
18:33:37.202 [main] DEBUG - Save content types part
18:33:37.203 [main] DEBUG - Save package relationships
18:33:37.203 [main] DEBUG - Save part 'docProps/app.xml'
18:33:37.203 [main] DEBUG - Save part 'docProps/core.xml'
18:33:37.203 [main] DEBUG - Save part 'xl/printerSettings/printerSettings1.bin'
18:33:37.204 [main] DEBUG - Save part 'xl/printerSettings/printerSettings2.bin'
18:33:37.204 [main] DEBUG - Save part 'xl/sharedStrings.xml'
18:33:37.204 [main] DEBUG - Save part 'xl/styles.xml'
18:33:37.204 [main] DEBUG - Save part 'xl/theme/theme1.xml'
18:33:37.204 [main] DEBUG - Save part 'xl/workbook.xml'
18:33:37.204 [main] DEBUG - Save part 'xl/worksheets/sheet1.xml'
18:33:37.205 [main] DEBUG - Save part 'xl/worksheets/sheet2.xml'
18:33:37.205 [main] DEBUG - Save part 'xl/worksheets/sheet3.xml'
18:33:37.205 [main] DEBUG - Save part 'xl/worksheets/sheet4.xml'
18:33:37.205 [main] DEBUG - Save part 'xl/worksheets/sheet5.xml'
18:33:37.206 [main] DEBUG - Save part 'xl/worksheets/sheet6.xml'
18:33:37.206 [main] DEBUG - Save part 'xl/worksheets/sheet7.xml'
18:33:37.206 [main] DEBUG - Save part 'xl/worksheets/sheet8.xml'
18:33:37.206 [main] DEBUG - Save part 'xl/worksheets/sheet9.xml'
18:33:37.231 [main] DEBUG - Save content types part
18:33:37.232 [main] DEBUG - Save package relationships
18:33:37.232 [main] DEBUG - Save part 'docProps/app.xml'
18:33:37.232 [main] DEBUG - Save part 'docProps/core.xml'
18:33:37.233 [main] DEBUG - Save part 'xl/printerSettings/printerSettings1.bin'
18:33:37.233 [main] DEBUG - Save part 'xl/printerSettings/printerSettings2.bin'
18:33:37.233 [main] DEBUG - Save part 'xl/sharedStrings.xml'
18:33:37.233 [main] DEBUG - Save part 'xl/styles.xml'
18:33:37.233 [main] DEBUG - Save part 'xl/theme/theme1.xml'
18:33:37.233 [main] DEBUG - Save part 'xl/workbook.xml'
18:33:37.234 [main] DEBUG - Save part 'xl/worksheets/sheet1.xml'
18:33:37.234 [main] DEBUG - Save part 'xl/worksheets/sheet2.xml'
18:33:37.234 [main] DEBUG - Save part 'xl/worksheets/sheet3.xml'
18:33:37.235 [main] DEBUG - Save part 'xl/worksheets/sheet4.xml'
18:33:37.235 [main] DEBUG - Save part 'xl/worksheets/sheet5.xml'
18:33:37.235 [main] DEBUG - Save part 'xl/worksheets/sheet6.xml'
18:33:37.235 [main] DEBUG - Save part 'xl/worksheets/sheet7.xml'
18:33:37.235 [main] DEBUG - Save part 'xl/worksheets/sheet8.xml'
18:33:37.235 [main] DEBUG - Save part 'xl/worksheets/sheet9.xml'
18:33:37.259 [main] DEBUG - Save content types part
18:33:37.260 [main] DEBUG - Save package relationships
18:33:37.260 [main] DEBUG - Save part 'docProps/app.xml'
18:33:37.260 [main] DEBUG - Save part 'docProps/core.xml'
18:33:37.261 [main] DEBUG - Save part 'xl/printerSettings/printerSettings1.bin'
18:33:37.261 [main] DEBUG - Save part 'xl/printerSettings/printerSettings2.bin'
18:33:37.261 [main] DEBUG - Save part 'xl/sharedStrings.xml'
18:33:37.261 [main] DEBUG - Save part 'xl/styles.xml'
18:33:37.261 [main] DEBUG - Save part 'xl/theme/theme1.xml'
18:33:37.261 [main] DEBUG - Save part 'xl/workbook.xml'
18:33:37.262 [main] DEBUG - Save part 'xl/worksheets/sheet1.xml'
18:33:37.262 [main] DEBUG - Save part 'xl/worksheets/sheet2.xml'
18:33:37.263 [main] DEBUG - Save part 'xl/worksheets/sheet3.xml'
18:33:37.263 [main] DEBUG - Save part 'xl/worksheets/sheet4.xml'
18:33:37.263 [main] DEBUG - Save part 'xl/worksheets/sheet5.xml'
18:33:37.263 [main] DEBUG - Save part 'xl/worksheets/sheet6.xml'
18:33:37.263 [main] DEBUG - Save part 'xl/worksheets/sheet7.xml'
18:33:37.263 [main] DEBUG - Save part 'xl/worksheets/sheet8.xml'
18:33:37.263 [main] DEBUG - Save part 'xl/worksheets/sheet9.xml'
18:33:37.292 [main] DEBUG - Save content types part
18:33:37.292 [main] DEBUG - Save package relationships
18:33:37.293 [main] DEBUG - Save part 'docProps/app.xml'
18:33:37.293 [main] DEBUG - Save part 'docProps/core.xml'
18:33:37.293 [main] DEBUG - Save part 'xl/printerSettings/printerSettings1.bin'
18:33:37.293 [main] DEBUG - Save part 'xl/printerSettings/printerSettings2.bin'
18:33:37.293 [main] DEBUG - Save part 'xl/sharedStrings.xml'
18:33:37.293 [main] DEBUG - Save part 'xl/styles.xml'
18:33:37.293 [main] DEBUG - Save part 'xl/theme/theme1.xml'
18:33:37.294 [main] DEBUG - Save part 'xl/workbook.xml'
18:33:37.294 [main] DEBUG - Save part 'xl/worksheets/sheet1.xml'
18:33:37.295 [main] DEBUG - Save part 'xl/worksheets/sheet2.xml'
18:33:37.295 [main] DEBUG - Save part 'xl/worksheets/sheet3.xml'
18:33:37.295 [main] DEBUG - Save part 'xl/worksheets/sheet4.xml'
18:33:37.295 [main] DEBUG - Save part 'xl/worksheets/sheet5.xml'
18:33:37.295 [main] DEBUG - Save part 'xl/worksheets/sheet6.xml'
18:33:37.296 [main] DEBUG - Save part 'xl/worksheets/sheet7.xml'
18:33:37.296 [main] DEBUG - Save part 'xl/worksheets/sheet8.xml'
18:33:37.296 [main] DEBUG - Save part 'xl/worksheets/sheet9.xml'
18:33:37.320 [main] DEBUG - Save content types part
18:33:37.321 [main] DEBUG - Save package relationships
18:33:37.321 [main] DEBUG - Save part 'docProps/app.xml'
18:33:37.321 [main] DEBUG - Save part 'docProps/core.xml'
18:33:37.322 [main] DEBUG - Save part 'xl/printerSettings/printerSettings1.bin'
18:33:37.322 [main] DEBUG - Save part 'xl/printerSettings/printerSettings2.bin'
18:33:37.322 [main] DEBUG - Save part 'xl/sharedStrings.xml'
18:33:37.322 [main] DEBUG - Save part 'xl/styles.xml'
18:33:37.322 [main] DEBUG - Save part 'xl/theme/theme1.xml'
18:33:37.322 [main] DEBUG - Save part 'xl/workbook.xml'
18:33:37.323 [main] DEBUG - Save part 'xl/worksheets/sheet1.xml'
18:33:37.323 [main] DEBUG - Save part 'xl/worksheets/sheet2.xml'
18:33:37.324 [main] DEBUG - Save part 'xl/worksheets/sheet3.xml'
18:33:37.324 [main] DEBUG - Save part 'xl/worksheets/sheet4.xml'
18:33:37.324 [main] DEBUG - Save part 'xl/worksheets/sheet5.xml'
18:33:37.324 [main] DEBUG - Save part 'xl/worksheets/sheet6.xml'
18:33:37.324 [main] DEBUG - Save part 'xl/worksheets/sheet7.xml'
18:33:37.324 [main] DEBUG - Save part 'xl/worksheets/sheet8.xml'
18:33:37.324 [main] DEBUG - Save part 'xl/worksheets/sheet9.xml'
18:33:37.358 [main] DEBUG - Save content types part
18:33:37.358 [main] DEBUG - Save package relationships
18:33:37.359 [main] DEBUG - Save part 'docProps/app.xml'
18:33:37.359 [main] DEBUG - Save part 'docProps/core.xml'
18:33:37.359 [main] DEBUG - Save part 'xl/printerSettings/printerSettings1.bin'
18:33:37.359 [main] DEBUG - Save part 'xl/printerSettings/printerSettings2.bin'
18:33:37.359 [main] DEBUG - Save part 'xl/sharedStrings.xml'
18:33:37.359 [main] DEBUG - Save part 'xl/styles.xml'
18:33:37.360 [main] DEBUG - Save part 'xl/theme/theme1.xml'
18:33:37.360 [main] DEBUG - Save part 'xl/workbook.xml'
18:33:37.360 [main] DEBUG - Save part 'xl/worksheets/sheet1.xml'
18:33:37.361 [main] DEBUG - Save part 'xl/worksheets/sheet2.xml'
18:33:37.361 [main] DEBUG - Save part 'xl/worksheets/sheet3.xml'
18:33:37.361 [main] DEBUG - Save part 'xl/worksheets/sheet4.xml'
18:33:37.361 [main] DEBUG - Save part 'xl/worksheets/sheet5.xml'
18:33:37.361 [main] DEBUG - Save part 'xl/worksheets/sheet6.xml'
18:33:37.361 [main] DEBUG - Save part 'xl/worksheets/sheet7.xml'
18:33:37.361 [main] DEBUG - Save part 'xl/worksheets/sheet8.xml'
18:33:37.361 [main] DEBUG - Save part 'xl/worksheets/sheet9.xml'
18:33:37.390 [main] DEBUG - Save content types part
18:33:37.391 [main] DEBUG - Save package relationships
18:33:37.391 [main] DEBUG - Save part 'docProps/app.xml'
18:33:37.391 [main] DEBUG - Save part 'docProps/core.xml'
18:33:37.392 [main] DEBUG - Save part 'xl/printerSettings/printerSettings1.bin'
18:33:37.392 [main] DEBUG - Save part 'xl/printerSettings/printerSettings2.bin'
18:33:37.392 [main] DEBUG - Save part 'xl/sharedStrings.xml'
18:33:37.392 [main] DEBUG - Save part 'xl/styles.xml'
18:33:37.392 [main] DEBUG - Save part 'xl/theme/theme1.xml'
18:33:37.392 [main] DEBUG - Save part 'xl/workbook.xml'
18:33:37.393 [main] DEBUG - Save part 'xl/worksheets/sheet1.xml'
18:33:37.393 [main] DEBUG - Save part 'xl/worksheets/sheet2.xml'
18:33:37.393 [main] DEBUG - Save part 'xl/worksheets/sheet3.xml'
18:33:37.394 [main] DEBUG - Save part 'xl/worksheets/sheet4.xml'
18:33:37.394 [main] DEBUG - Save part 'xl/worksheets/sheet5.xml'
18:33:37.394 [main] DEBUG - Save part 'xl/worksheets/sheet6.xml'
18:33:37.394 [main] DEBUG - Save part 'xl/worksheets/sheet7.xml'
18:33:37.394 [main] DEBUG - Save part 'xl/worksheets/sheet8.xml'
18:33:37.394 [main] DEBUG - Save part 'xl/worksheets/sheet9.xml'
18:33:37.424 [main] DEBUG - Save content types part
18:33:37.424 [main] DEBUG - Save package relationships
18:33:37.425 [main] DEBUG - Save part 'docProps/app.xml'
18:33:37.425 [main] DEBUG - Save part 'docProps/core.xml'
18:33:37.426 [main] DEBUG - Save part 'xl/printerSettings/printerSettings1.bin'
18:33:37.426 [main] DEBUG - Save part 'xl/printerSettings/printerSettings2.bin'
18:33:37.427 [main] DEBUG - Save part 'xl/sharedStrings.xml'
18:33:37.427 [main] DEBUG - Save part 'xl/styles.xml'
18:33:37.427 [main] DEBUG - Save part 'xl/theme/theme1.xml'
18:33:37.427 [main] DEBUG - Save part 'xl/workbook.xml'
18:33:37.428 [main] DEBUG - Save part 'xl/worksheets/sheet1.xml'
18:33:37.429 [main] DEBUG - Save part 'xl/worksheets/sheet2.xml'
18:33:37.429 [main] DEBUG - Save part 'xl/worksheets/sheet3.xml'
18:33:37.429 [main] DEBUG - Save part 'xl/worksheets/sheet4.xml'
18:33:37.429 [main] DEBUG - Save part 'xl/worksheets/sheet5.xml'
18:33:37.429 [main] DEBUG - Save part 'xl/worksheets/sheet6.xml'
18:33:37.430 [main] DEBUG - Save part 'xl/worksheets/sheet7.xml'
18:33:37.430 [main] DEBUG - Save part 'xl/worksheets/sheet8.xml'
18:33:37.430 [main] DEBUG - Save part 'xl/worksheets/sheet9.xml'
18:33:37.460 [main] DEBUG - Save content types part
18:33:37.461 [main] DEBUG - Save package relationships
18:33:37.461 [main] DEBUG - Save part 'docProps/app.xml'
18:33:37.461 [main] DEBUG - Save part 'docProps/core.xml'
18:33:37.462 [main] DEBUG - Save part 'xl/printerSettings/printerSettings1.bin'
18:33:37.462 [main] DEBUG - Save part 'xl/printerSettings/printerSettings2.bin'
18:33:37.463 [main] DEBUG - Save part 'xl/sharedStrings.xml'
18:33:37.463 [main] DEBUG - Save part 'xl/styles.xml'
18:33:37.463 [main] DEBUG - Save part 'xl/theme/theme1.xml'
18:33:37.463 [main] DEBUG - Save part 'xl/workbook.xml'
18:33:37.464 [main] DEBUG - Save part 'xl/worksheets/sheet1.xml'
18:33:37.465 [main] DEBUG - Save part 'xl/worksheets/sheet2.xml'
18:33:37.466 [main] DEBUG - Save part 'xl/worksheets/sheet3.xml'
18:33:37.466 [main] DEBUG - Save part 'xl/worksheets/sheet4.xml'
18:33:37.466 [main] DEBUG - Save part 'xl/worksheets/sheet5.xml'
18:33:37.466 [main] DEBUG - Save part 'xl/worksheets/sheet6.xml'
18:33:37.466 [main] DEBUG - Save part 'xl/worksheets/sheet7.xml'
18:33:37.466 [main] DEBUG - Save part 'xl/worksheets/sheet8.xml'
18:33:37.466 [main] DEBUG - Save part 'xl/worksheets/sheet9.xml'
18:33:37.496 [main] DEBUG - Save content types part
18:33:37.497 [main] DEBUG - Save package relationships
18:33:37.498 [main] DEBUG - Save part 'docProps/app.xml'
18:33:37.498 [main] DEBUG - Save part 'docProps/core.xml'
18:33:37.498 [main] DEBUG - Save part 'xl/printerSettings/printerSettings1.bin'
18:33:37.499 [main] DEBUG - Save part 'xl/printerSettings/printerSettings2.bin'
18:33:37.499 [main] DEBUG - Save part 'xl/sharedStrings.xml'
18:33:37.499 [main] DEBUG - Save part 'xl/styles.xml'
18:33:37.499 [main] DEBUG - Save part 'xl/theme/theme1.xml'
18:33:37.499 [main] DEBUG - Save part 'xl/workbook.xml'
18:33:37.500 [main] DEBUG - Save part 'xl/worksheets/sheet1.xml'
18:33:37.501 [main] DEBUG - Save part 'xl/worksheets/sheet2.xml'
18:33:37.501 [main] DEBUG - Save part 'xl/worksheets/sheet3.xml'
18:33:37.502 [main] DEBUG - Save part 'xl/worksheets/sheet4.xml'
18:33:37.502 [main] DEBUG - Save part 'xl/worksheets/sheet5.xml'
18:33:37.502 [main] DEBUG - Save part 'xl/worksheets/sheet6.xml'
18:33:37.502 [main] DEBUG - Save part 'xl/worksheets/sheet7.xml'
18:33:37.502 [main] DEBUG - Save part 'xl/worksheets/sheet8.xml'
18:33:37.502 [main] DEBUG - Save part 'xl/worksheets/sheet9.xml'
18:33:37.531 [main] DEBUG - Save content types part
18:33:37.532 [main] DEBUG - Save package relationships
18:33:37.532 [main] DEBUG - Save part 'docProps/app.xml'
18:33:37.532 [main] DEBUG - Save part 'docProps/core.xml'
18:33:37.533 [main] DEBUG - Save part 'xl/printerSettings/printerSettings1.bin'
18:33:37.533 [main] DEBUG - Save part 'xl/printerSettings/printerSettings2.bin'
18:33:37.533 [main] DEBUG - Save part 'xl/sharedStrings.xml'
18:33:37.533 [main] DEBUG - Save part 'xl/styles.xml'
18:33:37.533 [main] DEBUG - Save part 'xl/theme/theme1.xml'
18:33:37.534 [main] DEBUG - Save part 'xl/workbook.xml'
18:33:37.534 [main] DEBUG - Save part 'xl/worksheets/sheet1.xml'
18:33:37.535 [main] DEBUG - Save part 'xl/worksheets/sheet2.xml'
18:33:37.535 [main] DEBUG - Save part 'xl/worksheets/sheet3.xml'
18:33:37.535 [main] DEBUG - Save part 'xl/worksheets/sheet4.xml'
18:33:37.535 [main] DEBUG - Save part 'xl/worksheets/sheet5.xml'
18:33:37.536 [main] DEBUG - Save part 'xl/worksheets/sheet6.xml'
18:33:37.536 [main] DEBUG - Save part 'xl/worksheets/sheet7.xml'
18:33:37.536 [main] DEBUG - Save part 'xl/worksheets/sheet8.xml'
18:33:37.536 [main] DEBUG - Save part 'xl/worksheets/sheet9.xml'
18:33:37.560 [main] DEBUG - Save content types part
18:33:37.561 [main] DEBUG - Save package relationships
18:33:37.561 [main] DEBUG - Save part 'docProps/app.xml'
18:33:37.561 [main] DEBUG - Save part 'docProps/core.xml'
18:33:37.562 [main] DEBUG - Save part 'xl/printerSettings/printerSettings1.bin'
18:33:37.562 [main] DEBUG - Save part 'xl/printerSettings/printerSettings2.bin'
18:33:37.562 [main] DEBUG - Save part 'xl/sharedStrings.xml'
18:33:37.562 [main] DEBUG - Save part 'xl/styles.xml'
18:33:37.562 [main] DEBUG - Save part 'xl/theme/theme1.xml'
18:33:37.563 [main] DEBUG - Save part 'xl/workbook.xml'
18:33:37.563 [main] DEBUG - Save part 'xl/worksheets/sheet1.xml'
18:33:37.564 [main] DEBUG - Save part 'xl/worksheets/sheet2.xml'
18:33:37.564 [main] DEBUG - Save part 'xl/worksheets/sheet3.xml'
18:33:37.565 [main] DEBUG - Save part 'xl/worksheets/sheet4.xml'
18:33:37.565 [main] DEBUG - Save part 'xl/worksheets/sheet5.xml'
18:33:37.565 [main] DEBUG - Save part 'xl/worksheets/sheet6.xml'
18:33:37.565 [main] DEBUG - Save part 'xl/worksheets/sheet7.xml'
18:33:37.565 [main] DEBUG - Save part 'xl/worksheets/sheet8.xml'
18:33:37.565 [main] DEBUG - Save part 'xl/worksheets/sheet9.xml'
18:33:37.592 [main] DEBUG - Save content types part
18:33:37.592 [main] DEBUG - Save package relationships
18:33:37.593 [main] DEBUG - Save part 'docProps/app.xml'
18:33:37.593 [main] DEBUG - Save part 'docProps/core.xml'
18:33:37.593 [main] DEBUG - Save part 'xl/printerSettings/printerSettings1.bin'
18:33:37.593 [main] DEBUG - Save part 'xl/printerSettings/printerSettings2.bin'
18:33:37.594 [main] DEBUG - Save part 'xl/sharedStrings.xml'
18:33:37.594 [main] DEBUG - Save part 'xl/styles.xml'
18:33:37.594 [main] DEBUG - Save part 'xl/theme/theme1.xml'
18:33:37.594 [main] DEBUG - Save part 'xl/workbook.xml'
18:33:37.595 [main] DEBUG - Save part 'xl/worksheets/sheet1.xml'
18:33:37.595 [main] DEBUG - Save part 'xl/worksheets/sheet2.xml'
18:33:37.595 [main] DEBUG - Save part 'xl/worksheets/sheet3.xml'
18:33:37.595 [main] DEBUG - Save part 'xl/worksheets/sheet4.xml'
18:33:37.596 [main] DEBUG - Save part 'xl/worksheets/sheet5.xml'
18:33:37.596 [main] DEBUG - Save part 'xl/worksheets/sheet6.xml'
18:33:37.596 [main] DEBUG - Save part 'xl/worksheets/sheet7.xml'
18:33:37.596 [main] DEBUG - Save part 'xl/worksheets/sheet8.xml'
18:33:37.596 [main] DEBUG - Save part 'xl/worksheets/sheet9.xml'
18:33:37.624 [main] DEBUG - Save content types part
18:33:37.625 [main] DEBUG - Save package relationships
18:33:37.625 [main] DEBUG - Save part 'docProps/app.xml'
18:33:37.626 [main] DEBUG - Save part 'docProps/core.xml'
18:33:37.626 [main] DEBUG - Save part 'xl/printerSettings/printerSettings1.bin'
18:33:37.627 [main] DEBUG - Save part 'xl/printerSettings/printerSettings2.bin'
18:33:37.627 [main] DEBUG - Save part 'xl/sharedStrings.xml'
18:33:37.627 [main] DEBUG - Save part 'xl/styles.xml'
18:33:37.627 [main] DEBUG - Save part 'xl/theme/theme1.xml'
18:33:37.628 [main] DEBUG - Save part 'xl/workbook.xml'
18:33:37.629 [main] DEBUG - Save part 'xl/worksheets/sheet1.xml'
18:33:37.629 [main] DEBUG - Save part 'xl/worksheets/sheet2.xml'
18:33:37.630 [main] DEBUG - Save part 'xl/worksheets/sheet3.xml'
18:33:37.630 [main] DEBUG - Save part 'xl/worksheets/sheet4.xml'
18:33:37.630 [main] DEBUG - Save part 'xl/worksheets/sheet5.xml'
18:33:37.630 [main] DEBUG - Save part 'xl/worksheets/sheet6.xml'
18:33:37.630 [main] DEBUG - Save part 'xl/worksheets/sheet7.xml'
18:33:37.630 [main] DEBUG - Save part 'xl/worksheets/sheet8.xml'
18:33:37.630 [main] DEBUG - Save part 'xl/worksheets/sheet9.xml'
18:33:37.655 [main] DEBUG - Save content types part
18:33:37.656 [main] DEBUG - Save package relationships
18:33:37.657 [main] DEBUG - Save part 'docProps/app.xml'
18:33:37.657 [main] DEBUG - Save part 'docProps/core.xml'
18:33:37.658 [main] DEBUG - Save part 'xl/printerSettings/printerSettings1.bin'
18:33:37.658 [main] DEBUG - Save part 'xl/printerSettings/printerSettings2.bin'
18:33:37.658 [main] DEBUG - Save part 'xl/sharedStrings.xml'
18:33:37.658 [main] DEBUG - Save part 'xl/styles.xml'
18:33:37.658 [main] DEBUG - Save part 'xl/theme/theme1.xml'
18:33:37.659 [main] DEBUG - Save part 'xl/workbook.xml'
18:33:37.660 [main] DEBUG - Save part 'xl/worksheets/sheet1.xml'
18:33:37.661 [main] DEBUG - Save part 'xl/worksheets/sheet2.xml'
18:33:37.662 [main] DEBUG - Save part 'xl/worksheets/sheet3.xml'
18:33:37.662 [main] DEBUG - Save part 'xl/worksheets/sheet4.xml'
18:33:37.662 [main] DEBUG - Save part 'xl/worksheets/sheet5.xml'
18:33:37.662 [main] DEBUG - Save part 'xl/worksheets/sheet6.xml'
18:33:37.662 [main] DEBUG - Save part 'xl/worksheets/sheet7.xml'
18:33:37.662 [main] DEBUG - Save part 'xl/worksheets/sheet8.xml'
18:33:37.663 [main] DEBUG - Save part 'xl/worksheets/sheet9.xml'
18:33:37.692 [main] DEBUG - Save content types part
18:33:37.693 [main] DEBUG - Save package relationships
18:33:37.693 [main] DEBUG - Save part 'docProps/app.xml'
18:33:37.693 [main] DEBUG - Save part 'docProps/core.xml'
18:33:37.694 [main] DEBUG - Save part 'xl/printerSettings/printerSettings1.bin'
18:33:37.694 [main] DEBUG - Save part 'xl/printerSettings/printerSettings2.bin'
18:33:37.694 [main] DEBUG - Save part 'xl/sharedStrings.xml'
18:33:37.694 [main] DEBUG - Save part 'xl/styles.xml'
18:33:37.694 [main] DEBUG - Save part 'xl/theme/theme1.xml'
18:33:37.695 [main] DEBUG - Save part 'xl/workbook.xml'
18:33:37.695 [main] DEBUG - Save part 'xl/worksheets/sheet1.xml'
18:33:37.696 [main] DEBUG - Save part 'xl/worksheets/sheet2.xml'
18:33:37.696 [main] DEBUG - Save part 'xl/worksheets/sheet3.xml'
18:33:37.696 [main] DEBUG - Save part 'xl/worksheets/sheet4.xml'
18:33:37.696 [main] DEBUG - Save part 'xl/worksheets/sheet5.xml'
18:33:37.696 [main] DEBUG - Save part 'xl/worksheets/sheet6.xml'
18:33:37.696 [main] DEBUG - Save part 'xl/worksheets/sheet7.xml'
18:33:37.696 [main] DEBUG - Save part 'xl/worksheets/sheet8.xml'
18:33:37.697 [main] DEBUG - Save part 'xl/worksheets/sheet9.xml'
18:33:37.723 [main] DEBUG - Save content types part
18:33:37.724 [main] DEBUG - Save package relationships
18:33:37.725 [main] DEBUG - Save part 'docProps/app.xml'
18:33:37.725 [main] DEBUG - Save part 'docProps/core.xml'
18:33:37.725 [main] DEBUG - Save part 'xl/printerSettings/printerSettings1.bin'
18:33:37.726 [main] DEBUG - Save part 'xl/printerSettings/printerSettings2.bin'
18:33:37.726 [main] DEBUG - Save part 'xl/sharedStrings.xml'
18:33:37.726 [main] DEBUG - Save part 'xl/styles.xml'
18:33:37.726 [main] DEBUG - Save part 'xl/theme/theme1.xml'
18:33:37.727 [main] DEBUG - Save part 'xl/workbook.xml'
18:33:37.727 [main] DEBUG - Save part 'xl/worksheets/sheet1.xml'
18:33:37.728 [main] DEBUG - Save part 'xl/worksheets/sheet2.xml'
18:33:37.729 [main] DEBUG - Save part 'xl/worksheets/sheet3.xml'
18:33:37.729 [main] DEBUG - Save part 'xl/worksheets/sheet4.xml'
18:33:37.729 [main] DEBUG - Save part 'xl/worksheets/sheet5.xml'
18:33:37.730 [main] DEBUG - Save part 'xl/worksheets/sheet6.xml'
18:33:37.730 [main] DEBUG - Save part 'xl/worksheets/sheet7.xml'
18:33:37.730 [main] DEBUG - Save part 'xl/worksheets/sheet8.xml'
18:33:37.730 [main] DEBUG - Save part 'xl/worksheets/sheet9.xml'
18:33:37.759 [main] DEBUG - Save content types part
18:33:37.759 [main] DEBUG - Save package relationships
18:33:37.760 [main] DEBUG - Save part 'docProps/app.xml'
18:33:37.760 [main] DEBUG - Save part 'docProps/core.xml'
18:33:37.760 [main] DEBUG - Save part 'xl/printerSettings/printerSettings1.bin'
18:33:37.760 [main] DEBUG - Save part 'xl/printerSettings/printerSettings2.bin'
18:33:37.761 [main] DEBUG - Save part 'xl/sharedStrings.xml'
18:33:37.761 [main] DEBUG - Save part 'xl/styles.xml'
18:33:37.761 [main] DEBUG - Save part 'xl/theme/theme1.xml'
18:33:37.761 [main] DEBUG - Save part 'xl/workbook.xml'
18:33:37.761 [main] DEBUG - Save part 'xl/worksheets/sheet1.xml'
18:33:37.762 [main] DEBUG - Save part 'xl/worksheets/sheet2.xml'
18:33:37.762 [main] DEBUG - Save part 'xl/worksheets/sheet3.xml'
18:33:37.762 [main] DEBUG - Save part 'xl/worksheets/sheet4.xml'
18:33:37.762 [main] DEBUG - Save part 'xl/worksheets/sheet5.xml'
18:33:37.762 [main] DEBUG - Save part 'xl/worksheets/sheet6.xml'
18:33:37.763 [main] DEBUG - Save part 'xl/worksheets/sheet7.xml'
18:33:37.763 [main] DEBUG - Save part 'xl/worksheets/sheet8.xml'
18:33:37.763 [main] DEBUG - Save part 'xl/worksheets/sheet9.xml'
18:33:37.793 [main] DEBUG - Save content types part
18:33:37.794 [main] DEBUG - Save package relationships
18:33:37.794 [main] DEBUG - Save part 'docProps/app.xml'
18:33:37.795 [main] DEBUG - Save part 'docProps/core.xml'
18:33:37.795 [main] DEBUG - Save part 'xl/printerSettings/printerSettings1.bin'
18:33:37.796 [main] DEBUG - Save part 'xl/printerSettings/printerSettings2.bin'
18:33:37.796 [main] DEBUG - Save part 'xl/sharedStrings.xml'
18:33:37.796 [main] DEBUG - Save part 'xl/styles.xml'
18:33:37.796 [main] DEBUG - Save part 'xl/theme/theme1.xml'
18:33:37.797 [main] DEBUG - Save part 'xl/workbook.xml'
18:33:37.797 [main] DEBUG - Save part 'xl/worksheets/sheet1.xml'
18:33:37.798 [main] DEBUG - Save part 'xl/worksheets/sheet2.xml'
18:33:37.799 [main] DEBUG - Save part 'xl/worksheets/sheet3.xml'
18:33:37.799 [main] DEBUG - Save part 'xl/worksheets/sheet4.xml'
18:33:37.799 [main] DEBUG - Save part 'xl/worksheets/sheet5.xml'
18:33:37.799 [main] DEBUG - Save part 'xl/worksheets/sheet6.xml'
18:33:37.800 [main] DEBUG - Save part 'xl/worksheets/sheet7.xml'
18:33:37.800 [main] DEBUG - Save part 'xl/worksheets/sheet8.xml'
18:33:37.800 [main] DEBUG - Save part 'xl/worksheets/sheet9.xml'
18:33:37.828 [main] DEBUG - Save content types part
18:33:37.829 [main] DEBUG - Save package relationships
18:33:37.829 [main] DEBUG - Save part 'docProps/app.xml'
18:33:37.830 [main] DEBUG - Save part 'docProps/core.xml'
18:33:37.830 [main] DEBUG - Save part 'xl/printerSettings/printerSettings1.bin'
18:33:37.830 [main] DEBUG - Save part 'xl/printerSettings/printerSettings2.bin'
18:33:37.831 [main] DEBUG - Save part 'xl/sharedStrings.xml'
18:33:37.831 [main] DEBUG - Save part 'xl/styles.xml'
18:33:37.831 [main] DEBUG - Save part 'xl/theme/theme1.xml'
18:33:37.831 [main] DEBUG - Save part 'xl/workbook.xml'
18:33:37.832 [main] DEBUG - Save part 'xl/worksheets/sheet1.xml'
18:33:37.832 [main] DEBUG - Save part 'xl/worksheets/sheet2.xml'
18:33:37.833 [main] DEBUG - Save part 'xl/worksheets/sheet3.xml'
18:33:37.833 [main] DEBUG - Save part 'xl/worksheets/sheet4.xml'
18:33:37.833 [main] DEBUG - Save part 'xl/worksheets/sheet5.xml'
18:33:37.833 [main] DEBUG - Save part 'xl/worksheets/sheet6.xml'
18:33:37.833 [main] DEBUG - Save part 'xl/worksheets/sheet7.xml'
18:33:37.833 [main] DEBUG - Save part 'xl/worksheets/sheet8.xml'
18:33:37.833 [main] DEBUG - Save part 'xl/worksheets/sheet9.xml'
18:33:37.862 [main] DEBUG - Save content types part
18:33:37.863 [main] DEBUG - Save package relationships
18:33:37.863 [main] DEBUG - Save part 'docProps/app.xml'
18:33:37.863 [main] DEBUG - Save part 'docProps/core.xml'
18:33:37.864 [main] DEBUG - Save part 'xl/printerSettings/printerSettings1.bin'
18:33:37.864 [main] DEBUG - Save part 'xl/printerSettings/printerSettings2.bin'
18:33:37.864 [main] DEBUG - Save part 'xl/sharedStrings.xml'
18:33:37.864 [main] DEBUG - Save part 'xl/styles.xml'
18:33:37.864 [main] DEBUG - Save part 'xl/theme/theme1.xml'
18:33:37.864 [main] DEBUG - Save part 'xl/workbook.xml'
18:33:37.865 [main] DEBUG - Save part 'xl/worksheets/sheet1.xml'
18:33:37.866 [main] DEBUG - Save part 'xl/worksheets/sheet2.xml'
18:33:37.866 [main] DEBUG - Save part 'xl/worksheets/sheet3.xml'
18:33:37.867 [main] DEBUG - Save part 'xl/worksheets/sheet4.xml'
18:33:37.867 [main] DEBUG - Save part 'xl/worksheets/sheet5.xml'
18:33:37.867 [main] DEBUG - Save part 'xl/worksheets/sheet6.xml'
18:33:37.867 [main] DEBUG - Save part 'xl/worksheets/sheet7.xml'
18:33:37.867 [main] DEBUG - Save part 'xl/worksheets/sheet8.xml'
18:33:37.867 [main] DEBUG - Save part 'xl/worksheets/sheet9.xml'
18:33:37.894 [main] DEBUG - Save content types part
18:33:37.895 [main] DEBUG - Save package relationships
18:33:37.895 [main] DEBUG - Save part 'docProps/app.xml'
18:33:37.896 [main] DEBUG - Save part 'docProps/core.xml'
18:33:37.896 [main] DEBUG - Save part 'xl/printerSettings/printerSettings1.bin'
18:33:37.896 [main] DEBUG - Save part 'xl/printerSettings/printerSettings2.bin'
18:33:37.896 [main] DEBUG - Save part 'xl/sharedStrings.xml'
18:33:37.896 [main] DEBUG - Save part 'xl/styles.xml'
18:33:37.897 [main] DEBUG - Save part 'xl/theme/theme1.xml'
18:33:37.897 [main] DEBUG - Save part 'xl/workbook.xml'
18:33:37.898 [main] DEBUG - Save part 'xl/worksheets/sheet1.xml'
18:33:37.898 [main] DEBUG - Save part 'xl/worksheets/sheet2.xml'
18:33:37.899 [main] DEBUG - Save part 'xl/worksheets/sheet3.xml'
18:33:37.899 [main] DEBUG - Save part 'xl/worksheets/sheet4.xml'
18:33:37.899 [main] DEBUG - Save part 'xl/worksheets/sheet5.xml'
18:33:37.899 [main] DEBUG - Save part 'xl/worksheets/sheet6.xml'
18:33:37.899 [main] DEBUG - Save part 'xl/worksheets/sheet7.xml'
18:33:37.899 [main] DEBUG - Save part 'xl/worksheets/sheet8.xml'
18:33:37.899 [main] DEBUG - Save part 'xl/worksheets/sheet9.xml'
18:33:37.924 [main] DEBUG - Save content types part
18:33:37.925 [main] DEBUG - Save package relationships
18:33:37.925 [main] DEBUG - Save part 'docProps/app.xml'
18:33:37.925 [main] DEBUG - Save part 'docProps/core.xml'
18:33:37.926 [main] DEBUG - Save part 'xl/printerSettings/printerSettings1.bin'
18:33:37.926 [main] DEBUG - Save part 'xl/printerSettings/printerSettings2.bin'
18:33:37.926 [main] DEBUG - Save part 'xl/sharedStrings.xml'
18:33:37.926 [main] DEBUG - Save part 'xl/styles.xml'
18:33:37.926 [main] DEBUG - Save part 'xl/theme/theme1.xml'
18:33:37.926 [main] DEBUG - Save part 'xl/workbook.xml'
18:33:37.927 [main] DEBUG - Save part 'xl/worksheets/sheet1.xml'
18:33:37.927 [main] DEBUG - Save part 'xl/worksheets/sheet2.xml'
18:33:37.928 [main] DEBUG - Save part 'xl/worksheets/sheet3.xml'
18:33:37.928 [main] DEBUG - Save part 'xl/worksheets/sheet4.xml'
18:33:37.928 [main] DEBUG - Save part 'xl/worksheets/sheet5.xml'
18:33:37.931 [main] DEBUG - Save part 'xl/worksheets/sheet6.xml'
18:33:37.931 [main] DEBUG - Save part 'xl/worksheets/sheet7.xml'
18:33:37.931 [main] DEBUG - Save part 'xl/worksheets/sheet8.xml'
18:33:37.931 [main] DEBUG - Save part 'xl/worksheets/sheet9.xml'
18:33:37.956 [main] DEBUG - Save content types part
18:33:37.956 [main] DEBUG - Save package relationships
18:33:37.957 [main] DEBUG - Save part 'docProps/app.xml'
18:33:37.957 [main] DEBUG - Save part 'docProps/core.xml'
18:33:37.957 [main] DEBUG - Save part 'xl/printerSettings/printerSettings1.bin'
18:33:37.957 [main] DEBUG - Save part 'xl/printerSettings/printerSettings2.bin'
18:33:37.957 [main] DEBUG - Save part 'xl/sharedStrings.xml'
18:33:37.957 [main] DEBUG - Save part 'xl/styles.xml'
18:33:37.957 [main] DEBUG - Save part 'xl/theme/theme1.xml'
18:33:37.958 [main] DEBUG - Save part 'xl/workbook.xml'
18:33:37.958 [main] DEBUG - Save part 'xl/worksheets/sheet1.xml'
18:33:37.959 [main] DEBUG - Save part 'xl/worksheets/sheet2.xml'
18:33:37.959 [main] DEBUG - Save part 'xl/worksheets/sheet3.xml'
18:33:37.959 [main] DEBUG - Save part 'xl/worksheets/sheet4.xml'
18:33:37.959 [main] DEBUG - Save part 'xl/worksheets/sheet5.xml'
18:33:37.959 [main] DEBUG - Save part 'xl/worksheets/sheet6.xml'
18:33:37.959 [main] DEBUG - Save part 'xl/worksheets/sheet7.xml'
18:33:37.959 [main] DEBUG - Save part 'xl/worksheets/sheet8.xml'
18:33:37.959 [main] DEBUG - Save part 'xl/worksheets/sheet9.xml'
18:33:37.988 [main] DEBUG - Save content types part
18:33:37.988 [main] DEBUG - Save package relationships
18:33:37.989 [main] DEBUG - Save part 'docProps/app.xml'
18:33:37.989 [main] DEBUG - Save part 'docProps/core.xml'
18:33:37.989 [main] DEBUG - Save part 'xl/printerSettings/printerSettings1.bin'
18:33:37.989 [main] DEBUG - Save part 'xl/printerSettings/printerSettings2.bin'
18:33:37.989 [main] DEBUG - Save part 'xl/sharedStrings.xml'
18:33:37.990 [main] DEBUG - Save part 'xl/styles.xml'
18:33:37.990 [main] DEBUG - Save part 'xl/theme/theme1.xml'
18:33:37.990 [main] DEBUG - Save part 'xl/workbook.xml'
18:33:37.990 [main] DEBUG - Save part 'xl/worksheets/sheet1.xml'
18:33:37.991 [main] DEBUG - Save part 'xl/worksheets/sheet2.xml'
18:33:37.991 [main] DEBUG - Save part 'xl/worksheets/sheet3.xml'
18:33:37.991 [main] DEBUG - Save part 'xl/worksheets/sheet4.xml'
18:33:37.991 [main] DEBUG - Save part 'xl/worksheets/sheet5.xml'
18:33:37.991 [main] DEBUG - Save part 'xl/worksheets/sheet6.xml'
18:33:37.992 [main] DEBUG - Save part 'xl/worksheets/sheet7.xml'
18:33:37.992 [main] DEBUG - Save part 'xl/worksheets/sheet8.xml'
18:33:37.992 [main] DEBUG - Save part 'xl/worksheets/sheet9.xml'
18:33:38.018 [main] DEBUG - Save content types part
18:33:38.018 [main] DEBUG - Save package relationships
18:33:38.019 [main] DEBUG - Save part 'docProps/app.xml'
18:33:38.019 [main] DEBUG - Save part 'docProps/core.xml'
18:33:38.019 [main] DEBUG - Save part 'xl/printerSettings/printerSettings1.bin'
18:33:38.019 [main] DEBUG - Save part 'xl/printerSettings/printerSettings2.bin'
18:33:38.019 [main] DEBUG - Save part 'xl/sharedStrings.xml'
18:33:38.019 [main] DEBUG - Save part 'xl/styles.xml'
18:33:38.019 [main] DEBUG - Save part 'xl/theme/theme1.xml'
18:33:38.020 [main] DEBUG - Save part 'xl/workbook.xml'
18:33:38.020 [main] DEBUG - Save part 'xl/worksheets/sheet1.xml'
18:33:38.021 [main] DEBUG - Save part 'xl/worksheets/sheet2.xml'
18:33:38.021 [main] DEBUG - Save part 'xl/worksheets/sheet3.xml'
18:33:38.021 [main] DEBUG - Save part 'xl/worksheets/sheet4.xml'
18:33:38.022 [main] DEBUG - Save part 'xl/worksheets/sheet5.xml'
18:33:38.022 [main] DEBUG - Save part 'xl/worksheets/sheet6.xml'
18:33:38.022 [main] DEBUG - Save part 'xl/worksheets/sheet7.xml'
18:33:38.022 [main] DEBUG - Save part 'xl/worksheets/sheet8.xml'
18:33:38.022 [main] DEBUG - Save part 'xl/worksheets/sheet9.xml'
18:33:38.048 [main] DEBUG - Save content types part
18:33:38.049 [main] DEBUG - Save package relationships
18:33:38.049 [main] DEBUG - Save part 'docProps/app.xml'
18:33:38.049 [main] DEBUG - Save part 'docProps/core.xml'
18:33:38.049 [main] DEBUG - Save part 'xl/printerSettings/printerSettings1.bin'
18:33:38.050 [main] DEBUG - Save part 'xl/printerSettings/printerSettings2.bin'
18:33:38.050 [main] DEBUG - Save part 'xl/sharedStrings.xml'
18:33:38.050 [main] DEBUG - Save part 'xl/styles.xml'
18:33:38.050 [main] DEBUG - Save part 'xl/theme/theme1.xml'
18:33:38.050 [main] DEBUG - Save part 'xl/workbook.xml'
18:33:38.050 [main] DEBUG - Save part 'xl/worksheets/sheet1.xml'
18:33:38.051 [main] DEBUG - Save part 'xl/worksheets/sheet2.xml'
18:33:38.052 [main] DEBUG - Save part 'xl/worksheets/sheet3.xml'
18:33:38.052 [main] DEBUG - Save part 'xl/worksheets/sheet4.xml'
18:33:38.052 [main] DEBUG - Save part 'xl/worksheets/sheet5.xml'
18:33:38.052 [main] DEBUG - Save part 'xl/worksheets/sheet6.xml'
18:33:38.052 [main] DEBUG - Save part 'xl/worksheets/sheet7.xml'
18:33:38.052 [main] DEBUG - Save part 'xl/worksheets/sheet8.xml'
18:33:38.052 [main] DEBUG - Save part 'xl/worksheets/sheet9.xml'
18:33:38.084 [main] DEBUG - Save content types part
18:33:38.085 [main] DEBUG - Save package relationships
18:33:38.085 [main] DEBUG - Save part 'docProps/app.xml'
18:33:38.085 [main] DEBUG - Save part 'docProps/core.xml'
18:33:38.086 [main] DEBUG - Save part 'xl/printerSettings/printerSettings1.bin'
18:33:38.086 [main] DEBUG - Save part 'xl/printerSettings/printerSettings2.bin'
18:33:38.086 [main] DEBUG - Save part 'xl/sharedStrings.xml'
18:33:38.087 [main] DEBUG - Save part 'xl/styles.xml'
18:33:38.087 [main] DEBUG - Save part 'xl/theme/theme1.xml'
18:33:38.087 [main] DEBUG - Save part 'xl/workbook.xml'
18:33:38.088 [main] DEBUG - Save part 'xl/worksheets/sheet1.xml'
18:33:38.089 [main] DEBUG - Save part 'xl/worksheets/sheet2.xml'
18:33:38.089 [main] DEBUG - Save part 'xl/worksheets/sheet3.xml'
18:33:38.090 [main] DEBUG - Save part 'xl/worksheets/sheet4.xml'
18:33:38.090 [main] DEBUG - Save part 'xl/worksheets/sheet5.xml'
18:33:38.090 [main] DEBUG - Save part 'xl/worksheets/sheet6.xml'
18:33:38.090 [main] DEBUG - Save part 'xl/worksheets/sheet7.xml'
18:33:38.090 [main] DEBUG - Save part 'xl/worksheets/sheet8.xml'
18:33:38.090 [main] DEBUG - Save part 'xl/worksheets/sheet9.xml'
18:33:38.119 [main] DEBUG - Save content types part
18:33:38.119 [main] DEBUG - Save package relationships
18:33:38.120 [main] DEBUG - Save part 'docProps/app.xml'
18:33:38.120 [main] DEBUG - Save part 'docProps/core.xml'
18:33:38.120 [main] DEBUG - Save part 'xl/printerSettings/printerSettings1.bin'
18:33:38.121 [main] DEBUG - Save part 'xl/printerSettings/printerSettings2.bin'
18:33:38.121 [main] DEBUG - Save part 'xl/sharedStrings.xml'
18:33:38.121 [main] DEBUG - Save part 'xl/styles.xml'
18:33:38.121 [main] DEBUG - Save part 'xl/theme/theme1.xml'
18:33:38.121 [main] DEBUG - Save part 'xl/workbook.xml'
18:33:38.122 [main] DEBUG - Save part 'xl/worksheets/sheet1.xml'
18:33:38.122 [main] DEBUG - Save part 'xl/worksheets/sheet2.xml'
18:33:38.123 [main] DEBUG - Save part 'xl/worksheets/sheet3.xml'
18:33:38.123 [main] DEBUG - Save part 'xl/worksheets/sheet4.xml'
18:33:38.123 [main] DEBUG - Save part 'xl/worksheets/sheet5.xml'
18:33:38.123 [main] DEBUG - Save part 'xl/worksheets/sheet6.xml'
18:33:38.123 [main] DEBUG - Save part 'xl/worksheets/sheet7.xml'
18:33:38.123 [main] DEBUG - Save part 'xl/worksheets/sheet8.xml'
18:33:38.124 [main] DEBUG - Save part 'xl/worksheets/sheet9.xml'
18:33:38.146 [main] DEBUG - Save content types part
18:33:38.147 [main] DEBUG - Save package relationships
18:33:38.147 [main] DEBUG - Save part 'docProps/app.xml'
18:33:38.147 [main] DEBUG - Save part 'docProps/core.xml'
18:33:38.148 [main] DEBUG - Save part 'xl/printerSettings/printerSettings1.bin'
18:33:38.148 [main] DEBUG - Save part 'xl/printerSettings/printerSettings2.bin'
18:33:38.148 [main] DEBUG - Save part 'xl/sharedStrings.xml'
18:33:38.148 [main] DEBUG - Save part 'xl/styles.xml'
18:33:38.148 [main] DEBUG - Save part 'xl/theme/theme1.xml'
18:33:38.148 [main] DEBUG - Save part 'xl/workbook.xml'
18:33:38.149 [main] DEBUG - Save part 'xl/worksheets/sheet1.xml'
18:33:38.149 [main] DEBUG - Save part 'xl/worksheets/sheet2.xml'
18:33:38.150 [main] DEBUG - Save part 'xl/worksheets/sheet3.xml'
18:33:38.150 [main] DEBUG - Save part 'xl/worksheets/sheet4.xml'
18:33:38.150 [main] DEBUG - Save part 'xl/worksheets/sheet5.xml'
18:33:38.150 [main] DEBUG - Save part 'xl/worksheets/sheet6.xml'
18:33:38.150 [main] DEBUG - Save part 'xl/worksheets/sheet7.xml'
18:33:38.150 [main] DEBUG - Save part 'xl/worksheets/sheet8.xml'
18:33:38.150 [main] DEBUG - Save part 'xl/worksheets/sheet9.xml'
18:33:38.179 [main] DEBUG - Save content types part
18:33:38.180 [main] DEBUG - Save package relationships
18:33:38.181 [main] DEBUG - Save part 'docProps/app.xml'
18:33:38.181 [main] DEBUG - Save part 'docProps/core.xml'
18:33:38.182 [main] DEBUG - Save part 'xl/printerSettings/printerSettings1.bin'
18:33:38.182 [main] DEBUG - Save part 'xl/printerSettings/printerSettings2.bin'
18:33:38.182 [main] DEBUG - Save part 'xl/sharedStrings.xml'
18:33:38.182 [main] DEBUG - Save part 'xl/styles.xml'
18:33:38.183 [main] DEBUG - Save part 'xl/theme/theme1.xml'
18:33:38.183 [main] DEBUG - Save part 'xl/workbook.xml'
18:33:38.184 [main] DEBUG - Save part 'xl/worksheets/sheet1.xml'
18:33:38.185 [main] DEBUG - Save part 'xl/worksheets/sheet2.xml'
18:33:38.185 [main] DEBUG - Save part 'xl/worksheets/sheet3.xml'
18:33:38.185 [main] DEBUG - Save part 'xl/worksheets/sheet4.xml'
18:33:38.185 [main] DEBUG - Save part 'xl/worksheets/sheet5.xml'
18:33:38.186 [main] DEBUG - Save part 'xl/worksheets/sheet6.xml'
18:33:38.186 [main] DEBUG - Save part 'xl/worksheets/sheet7.xml'
18:33:38.186 [main] DEBUG - Save part 'xl/worksheets/sheet8.xml'
18:33:38.186 [main] DEBUG - Save part 'xl/worksheets/sheet9.xml'
18:33:38.214 [main] DEBUG - Save content types part
18:33:38.215 [main] DEBUG - Save package relationships
18:33:38.217 [main] DEBUG - Save part 'docProps/app.xml'
18:33:38.217 [main] DEBUG - Save part 'docProps/core.xml'
18:33:38.217 [main] DEBUG - Save part 'xl/printerSettings/printerSettings1.bin'
18:33:38.217 [main] DEBUG - Save part 'xl/printerSettings/printerSettings2.bin'
18:33:38.218 [main] DEBUG - Save part 'xl/sharedStrings.xml'
18:33:38.218 [main] DEBUG - Save part 'xl/styles.xml'
18:33:38.218 [main] DEBUG - Save part 'xl/theme/theme1.xml'
18:33:38.218 [main] DEBUG - Save part 'xl/workbook.xml'
18:33:38.218 [main] DEBUG - Save part 'xl/worksheets/sheet1.xml'
18:33:38.219 [main] DEBUG - Save part 'xl/worksheets/sheet2.xml'
18:33:38.219 [main] DEBUG - Save part 'xl/worksheets/sheet3.xml'
18:33:38.219 [main] DEBUG - Save part 'xl/worksheets/sheet4.xml'
18:33:38.219 [main] DEBUG - Save part 'xl/worksheets/sheet5.xml'
18:33:38.219 [main] DEBUG - Save part 'xl/worksheets/sheet6.xml'
18:33:38.220 [main] DEBUG - Save part 'xl/worksheets/sheet7.xml'
18:33:38.220 [main] DEBUG - Save part 'xl/worksheets/sheet8.xml'
18:33:38.220 [main] DEBUG - Save part 'xl/worksheets/sheet9.xml'
18:33:38.245 [main] DEBUG - Save content types part
18:33:38.246 [main] DEBUG - Save package relationships
18:33:38.246 [main] DEBUG - Save part 'docProps/app.xml'
18:33:38.246 [main] DEBUG - Save part 'docProps/core.xml'
18:33:38.247 [main] DEBUG - Save part 'xl/printerSettings/printerSettings1.bin'
18:33:38.247 [main] DEBUG - Save part 'xl/printerSettings/printerSettings2.bin'
18:33:38.247 [main] DEBUG - Save part 'xl/sharedStrings.xml'
18:33:38.247 [main] DEBUG - Save part 'xl/styles.xml'
18:33:38.247 [main] DEBUG - Save part 'xl/theme/theme1.xml'
18:33:38.247 [main] DEBUG - Save part 'xl/workbook.xml'
18:33:38.248 [main] DEBUG - Save part 'xl/worksheets/sheet1.xml'
18:33:38.248 [main] DEBUG - Save part 'xl/worksheets/sheet2.xml'
18:33:38.249 [main] DEBUG - Save part 'xl/worksheets/sheet3.xml'
18:33:38.249 [main] DEBUG - Save part 'xl/worksheets/sheet4.xml'
18:33:38.249 [main] DEBUG - Save part 'xl/worksheets/sheet5.xml'
18:33:38.249 [main] DEBUG - Save part 'xl/worksheets/sheet6.xml'
18:33:38.249 [main] DEBUG - Save part 'xl/worksheets/sheet7.xml'
18:33:38.249 [main] DEBUG - Save part 'xl/worksheets/sheet8.xml'
18:33:38.249 [main] DEBUG - Save part 'xl/worksheets/sheet9.xml'
18:33:38.278 [main] DEBUG - Save content types part
18:33:38.278 [main] DEBUG - Save package relationships
18:33:38.279 [main] DEBUG - Save part 'docProps/app.xml'
18:33:38.279 [main] DEBUG - Save part 'docProps/core.xml'
18:33:38.279 [main] DEBUG - Save part 'xl/printerSettings/printerSettings1.bin'
18:33:38.279 [main] DEBUG - Save part 'xl/printerSettings/printerSettings2.bin'
18:33:38.279 [main] DEBUG - Save part 'xl/sharedStrings.xml'
18:33:38.279 [main] DEBUG - Save part 'xl/styles.xml'
18:33:38.279 [main] DEBUG - Save part 'xl/theme/theme1.xml'
18:33:38.280 [main] DEBUG - Save part 'xl/workbook.xml'
18:33:38.280 [main] DEBUG - Save part 'xl/worksheets/sheet1.xml'
18:33:38.280 [main] DEBUG - Save part 'xl/worksheets/sheet2.xml'
18:33:38.281 [main] DEBUG - Save part 'xl/worksheets/sheet3.xml'
18:33:38.281 [main] DEBUG - Save part 'xl/worksheets/sheet4.xml'
18:33:38.281 [main] DEBUG - Save part 'xl/worksheets/sheet5.xml'
18:33:38.281 [main] DEBUG - Save part 'xl/worksheets/sheet6.xml'
18:33:38.281 [main] DEBUG - Save part 'xl/worksheets/sheet7.xml'
18:33:38.281 [main] DEBUG - Save part 'xl/worksheets/sheet8.xml'
18:33:38.281 [main] DEBUG - Save part 'xl/worksheets/sheet9.xml'
18:33:38.307 [main] DEBUG - Save content types part
18:33:38.308 [main] DEBUG - Save package relationships
18:33:38.308 [main] DEBUG - Save part 'docProps/app.xml'
18:33:38.308 [main] DEBUG - Save part 'docProps/core.xml'
18:33:38.309 [main] DEBUG - Save part 'xl/printerSettings/printerSettings1.bin'
18:33:38.309 [main] DEBUG - Save part 'xl/printerSettings/printerSettings2.bin'
18:33:38.309 [main] DEBUG - Save part 'xl/sharedStrings.xml'
18:33:38.309 [main] DEBUG - Save part 'xl/styles.xml'
18:33:38.309 [main] DEBUG - Save part 'xl/theme/theme1.xml'
18:33:38.309 [main] DEBUG - Save part 'xl/workbook.xml'
18:33:38.309 [main] DEBUG - Save part 'xl/worksheets/sheet1.xml'
18:33:38.310 [main] DEBUG - Save part 'xl/worksheets/sheet2.xml'
18:33:38.310 [main] DEBUG - Save part 'xl/worksheets/sheet3.xml'
18:33:38.310 [main] DEBUG - Save part 'xl/worksheets/sheet4.xml'
18:33:38.310 [main] DEBUG - Save part 'xl/worksheets/sheet5.xml'
18:33:38.310 [main] DEBUG - Save part 'xl/worksheets/sheet6.xml'
18:33:38.311 [main] DEBUG - Save part 'xl/worksheets/sheet7.xml'
18:33:38.311 [main] DEBUG - Save part 'xl/worksheets/sheet8.xml'
18:33:38.311 [main] DEBUG - Save part 'xl/worksheets/sheet9.xml'
18:33:38.339 [main] DEBUG - Save content types part
18:33:38.340 [main] DEBUG - Save package relationships
18:33:38.341 [main] DEBUG - Save part 'docProps/app.xml'
18:33:38.341 [main] DEBUG - Save part 'docProps/core.xml'
18:33:38.342 [main] DEBUG - Save part 'xl/printerSettings/printerSettings1.bin'
18:33:38.342 [main] DEBUG - Save part 'xl/printerSettings/printerSettings2.bin'
18:33:38.342 [main] DEBUG - Save part 'xl/sharedStrings.xml'
18:33:38.342 [main] DEBUG - Save part 'xl/styles.xml'
18:33:38.343 [main] DEBUG - Save part 'xl/theme/theme1.xml'
18:33:38.343 [main] DEBUG - Save part 'xl/workbook.xml'
18:33:38.343 [main] DEBUG - Save part 'xl/worksheets/sheet1.xml'
18:33:38.344 [main] DEBUG - Save part 'xl/worksheets/sheet2.xml'
18:33:38.345 [main] DEBUG - Save part 'xl/worksheets/sheet3.xml'
18:33:38.345 [main] DEBUG - Save part 'xl/worksheets/sheet4.xml'
18:33:38.345 [main] DEBUG - Save part 'xl/worksheets/sheet5.xml'
18:33:38.345 [main] DEBUG - Save part 'xl/worksheets/sheet6.xml'
18:33:38.346 [main] DEBUG - Save part 'xl/worksheets/sheet7.xml'
18:33:38.346 [main] DEBUG - Save part 'xl/worksheets/sheet8.xml'
18:33:38.346 [main] DEBUG - Save part 'xl/worksheets/sheet9.xml'
18:33:38.376 [main] DEBUG - Save content types part
18:33:38.376 [main] DEBUG - Save package relationships
18:33:38.376 [main] DEBUG - Save part 'docProps/app.xml'
18:33:38.376 [main] DEBUG - Save part 'docProps/core.xml'
18:33:38.376 [main] DEBUG - Save part 'xl/printerSettings/printerSettings1.bin'
18:33:38.376 [main] DEBUG - Save part 'xl/printerSettings/printerSettings2.bin'
18:33:38.376 [main] DEBUG - Save part 'xl/sharedStrings.xml'
18:33:38.376 [main] DEBUG - Save part 'xl/styles.xml'
18:33:38.376 [main] DEBUG - Save part 'xl/theme/theme1.xml'
18:33:38.377 [main] DEBUG - Save part 'xl/workbook.xml'
18:33:38.377 [main] DEBUG - Save part 'xl/worksheets/sheet1.xml'
18:33:38.379 [main] DEBUG - Save part 'xl/worksheets/sheet2.xml'
18:33:38.379 [main] DEBUG - Save part 'xl/worksheets/sheet3.xml'
18:33:38.379 [main] DEBUG - Save part 'xl/worksheets/sheet4.xml'
18:33:38.379 [main] DEBUG - Save part 'xl/worksheets/sheet5.xml'
18:33:38.379 [main] DEBUG - Save part 'xl/worksheets/sheet6.xml'
18:33:38.379 [main] DEBUG - Save part 'xl/worksheets/sheet7.xml'
18:33:38.379 [main] DEBUG - Save part 'xl/worksheets/sheet8.xml'
