23:19:40.740 [main] DEBUG - Save part 'xl/worksheets/sheet7.xml'
23:19:40.745 [main] DEBUG - Save part 'xl/worksheets/sheet8.xml'
23:19:40.745 [main] DEBUG - Save part 'xl/worksheets/sheet9.xml'
23:19:40.768 [main] DEBUG - Save content types part
23:19:40.769 [main] DEBUG - Save package relationships
23:19:40.769 [main] DEBUG - Save part 'docProps/app.xml'
23:19:40.769 [main] DEBUG - Save part 'docProps/core.xml'
23:19:40.770 [main] DEBUG - Save part 'xl/printerSettings/printerSettings1.bin'
23:19:40.770 [main] DEBUG - Save part 'xl/printerSettings/printerSettings2.bin'
23:19:40.770 [main] DEBUG - Save part 'xl/sharedStrings.xml'
23:19:40.771 [main] DEBUG - Save part 'xl/styles.xml'
23:19:40.771 [main] DEBUG - Save part 'xl/theme/theme1.xml'
23:19:40.771 [main] DEBUG - Save part 'xl/workbook.xml'
23:19:40.772 [main] DEBUG - Save part 'xl/worksheets/sheet1.xml'
23:19:40.773 [main] DEBUG - Save part 'xl/worksheets/sheet2.xml'
23:19:40.773 [main] DEBUG - Save part 'xl/worksheets/sheet3.xml'
23:19:40.774 [main] DEBUG - Save part 'xl/worksheets/sheet4.xml'
23:19:40.774 [main] DEBUG - Save part 'xl/worksheets/sheet5.xml'
23:19:40.774 [main] DEBUG - Save part 'xl/worksheets/sheet6.xml'
23:19:40.774 [main] DEBUG - Save part 'xl/worksheets/sheet7.xml'
23:19:40.774 [main] DEBUG - Save part 'xl/worksheets/sheet8.xml'
23:19:40.774 [main] DEBUG - Save part 'xl/worksheets/sheet9.xml'
23:19:40.792 [main] DEBUG - Save content types part
23:19:40.792 [main] DEBUG - Save package relationships
23:19:40.793 [main] DEBUG - Save part 'docProps/app.xml'
23:19:40.793 [main] DEBUG - Save part 'docProps/core.xml'
23:19:40.794 [main] DEBUG - Save part 'xl/printerSettings/printerSettings1.bin'
23:19:40.794 [main] DEBUG - Save part 'xl/printerSettings/printerSettings2.bin'
23:19:40.794 [main] DEBUG - Save part 'xl/sharedStrings.xml'
23:19:40.794 [main] DEBUG - Save part 'xl/styles.xml'
23:19:40.794 [main] DEBUG - Save part 'xl/theme/theme1.xml'
23:19:40.794 [main] DEBUG - Save part 'xl/workbook.xml'
23:19:40.795 [main] DEBUG - Save part 'xl/worksheets/sheet1.xml'
23:19:40.796 [main] DEBUG - Save part 'xl/worksheets/sheet2.xml'
23:19:40.796 [main] DEBUG - Save part 'xl/worksheets/sheet3.xml'
23:19:40.796 [main] DEBUG - Save part 'xl/worksheets/sheet4.xml'
23:19:40.796 [main] DEBUG - Save part 'xl/worksheets/sheet5.xml'
23:19:40.796 [main] DEBUG - Save part 'xl/worksheets/sheet6.xml'
23:19:40.797 [main] DEBUG - Save part 'xl/worksheets/sheet7.xml'
23:19:40.797 [main] DEBUG - Save part 'xl/worksheets/sheet8.xml'
23:19:40.797 [main] DEBUG - Save part 'xl/worksheets/sheet9.xml'
23:19:40.813 [main] DEBUG - Save content types part
23:19:40.814 [main] DEBUG - Save package relationships
23:19:40.814 [main] DEBUG - Save part 'docProps/app.xml'
23:19:40.814 [main] DEBUG - Save part 'docProps/core.xml'
23:19:40.815 [main] DEBUG - Save part 'xl/printerSettings/printerSettings1.bin'
23:19:40.815 [main] DEBUG - Save part 'xl/printerSettings/printerSettings2.bin'
23:19:40.815 [main] DEBUG - Save part 'xl/sharedStrings.xml'
23:19:40.815 [main] DEBUG - Save part 'xl/styles.xml'
23:19:40.816 [main] DEBUG - Save part 'xl/theme/theme1.xml'
23:19:40.816 [main] DEBUG - Save part 'xl/workbook.xml'
23:19:40.816 [main] DEBUG - Save part 'xl/worksheets/sheet1.xml'
23:19:40.817 [main] DEBUG - Save part 'xl/worksheets/sheet2.xml'
23:19:40.818 [main] DEBUG - Save part 'xl/worksheets/sheet3.xml'
23:19:40.818 [main] DEBUG - Save part 'xl/worksheets/sheet4.xml'
23:19:40.818 [main] DEBUG - Save part 'xl/worksheets/sheet5.xml'
23:19:40.818 [main] DEBUG - Save part 'xl/worksheets/sheet6.xml'
23:19:40.818 [main] DEBUG - Save part 'xl/worksheets/sheet7.xml'
23:19:40.818 [main] DEBUG - Save part 'xl/worksheets/sheet8.xml'
23:19:40.818 [main] DEBUG - Save part 'xl/worksheets/sheet9.xml'
23:19:40.844 [main] DEBUG - Save content types part
23:19:40.845 [main] DEBUG - Save package relationships
23:19:40.845 [main] DEBUG - Save part 'docProps/app.xml'
23:19:40.845 [main] DEBUG - Save part 'docProps/core.xml'
23:19:40.846 [main] DEBUG - Save part 'xl/printerSettings/printerSettings1.bin'
23:19:40.846 [main] DEBUG - Save part 'xl/printerSettings/printerSettings2.bin'
23:19:40.846 [main] DEBUG - Save part 'xl/sharedStrings.xml'
23:19:40.846 [main] DEBUG - Save part 'xl/styles.xml'
23:19:40.847 [main] DEBUG - Save part 'xl/theme/theme1.xml'
23:19:40.847 [main] DEBUG - Save part 'xl/workbook.xml'
23:19:40.847 [main] DEBUG - Save part 'xl/worksheets/sheet1.xml'
23:19:40.848 [main] DEBUG - Save part 'xl/worksheets/sheet2.xml'
23:19:40.849 [main] DEBUG - Save part 'xl/worksheets/sheet3.xml'
23:19:40.849 [main] DEBUG - Save part 'xl/worksheets/sheet4.xml'
23:19:40.849 [main] DEBUG - Save part 'xl/worksheets/sheet5.xml'
23:19:40.849 [main] DEBUG - Save part 'xl/worksheets/sheet6.xml'
23:19:40.849 [main] DEBUG - Save part 'xl/worksheets/sheet7.xml'
23:19:40.849 [main] DEBUG - Save part 'xl/worksheets/sheet8.xml'
23:19:40.850 [main] DEBUG - Save part 'xl/worksheets/sheet9.xml'
23:19:40.868 [main] DEBUG - Save content types part
23:19:40.869 [main] DEBUG - Save package relationships
23:19:40.870 [main] DEBUG - Save part 'docProps/app.xml'
23:19:40.870 [main] DEBUG - Save part 'docProps/core.xml'
23:19:40.870 [main] DEBUG - Save part 'xl/printerSettings/printerSettings1.bin'
23:19:40.870 [main] DEBUG - Save part 'xl/printerSettings/printerSettings2.bin'
23:19:40.870 [main] DEBUG - Save part 'xl/sharedStrings.xml'
23:19:40.871 [main] DEBUG - Save part 'xl/styles.xml'
23:19:40.871 [main] DEBUG - Save part 'xl/theme/theme1.xml'
23:19:40.871 [main] DEBUG - Save part 'xl/workbook.xml'
23:19:40.872 [main] DEBUG - Save part 'xl/worksheets/sheet1.xml'
23:19:40.872 [main] DEBUG - Save part 'xl/worksheets/sheet2.xml'
23:19:40.873 [main] DEBUG - Save part 'xl/worksheets/sheet3.xml'
23:19:40.873 [main] DEBUG - Save part 'xl/worksheets/sheet4.xml'
23:19:40.873 [main] DEBUG - Save part 'xl/worksheets/sheet5.xml'
23:19:40.873 [main] DEBUG - Save part 'xl/worksheets/sheet6.xml'
23:19:40.873 [main] DEBUG - Save part 'xl/worksheets/sheet7.xml'
23:19:40.873 [main] DEBUG - Save part 'xl/worksheets/sheet8.xml'
23:19:40.873 [main] DEBUG - Save part 'xl/worksheets/sheet9.xml'
23:19:40.900 [main] DEBUG - Save content types part
23:19:40.901 [main] DEBUG - Save package relationships
23:19:40.901 [main] DEBUG - Save part 'docProps/app.xml'
23:19:40.901 [main] DEBUG - Save part 'docProps/core.xml'
23:19:40.902 [main] DEBUG - Save part 'xl/printerSettings/printerSettings1.bin'
23:19:40.902 [main] DEBUG - Save part 'xl/printerSettings/printerSettings2.bin'
23:19:40.902 [main] DEBUG - Save part 'xl/sharedStrings.xml'
23:19:40.902 [main] DEBUG - Save part 'xl/styles.xml'
23:19:40.902 [main] DEBUG - Save part 'xl/theme/theme1.xml'
23:19:40.902 [main] DEBUG - Save part 'xl/workbook.xml'
23:19:40.903 [main] DEBUG - Save part 'xl/worksheets/sheet1.xml'
23:19:40.903 [main] DEBUG - Save part 'xl/worksheets/sheet2.xml'
23:19:40.904 [main] DEBUG - Save part 'xl/worksheets/sheet3.xml'
23:19:40.904 [main] DEBUG - Save part 'xl/worksheets/sheet4.xml'
23:19:40.904 [main] DEBUG - Save part 'xl/worksheets/sheet5.xml'
23:19:40.904 [main] DEBUG - Save part 'xl/worksheets/sheet6.xml'
23:19:40.904 [main] DEBUG - Save part 'xl/worksheets/sheet7.xml'
23:19:40.904 [main] DEBUG - Save part 'xl/worksheets/sheet8.xml'
23:19:40.904 [main] DEBUG - Save part 'xl/worksheets/sheet9.xml'
23:19:40.933 [main] DEBUG - Save content types part
23:19:40.934 [main] DEBUG - Save package relationships
23:19:40.935 [main] DEBUG - Save part 'docProps/app.xml'
23:19:40.935 [main] DEBUG - Save part 'docProps/core.xml'
23:19:40.935 [main] DEBUG - Save part 'xl/printerSettings/printerSettings1.bin'
23:19:40.935 [main] DEBUG - Save part 'xl/printerSettings/printerSettings2.bin'
23:19:40.935 [main] DEBUG - Save part 'xl/sharedStrings.xml'
23:19:40.936 [main] DEBUG - Save part 'xl/styles.xml'
23:19:40.936 [main] DEBUG - Save part 'xl/theme/theme1.xml'
23:19:40.936 [main] DEBUG - Save part 'xl/workbook.xml'
23:19:40.936 [main] DEBUG - Save part 'xl/worksheets/sheet1.xml'
23:19:40.937 [main] DEBUG - Save part 'xl/worksheets/sheet2.xml'
23:19:40.937 [main] DEBUG - Save part 'xl/worksheets/sheet3.xml'
23:19:40.937 [main] DEBUG - Save part 'xl/worksheets/sheet4.xml'
23:19:40.937 [main] DEBUG - Save part 'xl/worksheets/sheet5.xml'
23:19:40.937 [main] DEBUG - Save part 'xl/worksheets/sheet6.xml'
23:19:40.938 [main] DEBUG - Save part 'xl/worksheets/sheet7.xml'
23:19:40.938 [main] DEBUG - Save part 'xl/worksheets/sheet8.xml'
23:19:40.938 [main] DEBUG - Save part 'xl/worksheets/sheet9.xml'
23:19:40.967 [main] DEBUG - Save content types part
23:19:40.968 [main] DEBUG - Save package relationships
23:19:40.968 [main] DEBUG - Save part 'docProps/app.xml'
23:19:40.968 [main] DEBUG - Save part 'docProps/core.xml'
23:19:40.968 [main] DEBUG - Save part 'xl/printerSettings/printerSettings1.bin'
23:19:40.969 [main] DEBUG - Save part 'xl/printerSettings/printerSettings2.bin'
23:19:40.969 [main] DEBUG - Save part 'xl/sharedStrings.xml'
23:19:40.969 [main] DEBUG - Save part 'xl/styles.xml'
23:19:40.969 [main] DEBUG - Save part 'xl/theme/theme1.xml'
23:19:40.969 [main] DEBUG - Save part 'xl/workbook.xml'
23:19:40.969 [main] DEBUG - Save part 'xl/worksheets/sheet1.xml'
23:19:40.970 [main] DEBUG - Save part 'xl/worksheets/sheet2.xml'
23:19:40.970 [main] DEBUG - Save part 'xl/worksheets/sheet3.xml'
23:19:40.970 [main] DEBUG - Save part 'xl/worksheets/sheet4.xml'
23:19:40.970 [main] DEBUG - Save part 'xl/worksheets/sheet5.xml'
23:19:40.971 [main] DEBUG - Save part 'xl/worksheets/sheet6.xml'
23:19:40.971 [main] DEBUG - Save part 'xl/worksheets/sheet7.xml'
23:19:40.971 [main] DEBUG - Save part 'xl/worksheets/sheet8.xml'
23:19:40.971 [main] DEBUG - Save part 'xl/worksheets/sheet9.xml'
23:19:41.000 [main] DEBUG - Save content types part
23:19:41.001 [main] DEBUG - Save package relationships
23:19:41.001 [main] DEBUG - Save part 'docProps/app.xml'
23:19:41.001 [main] DEBUG - Save part 'docProps/core.xml'
23:19:41.002 [main] DEBUG - Save part 'xl/printerSettings/printerSettings1.bin'
23:19:41.002 [main] DEBUG - Save part 'xl/printerSettings/printerSettings2.bin'
23:19:41.002 [main] DEBUG - Save part 'xl/sharedStrings.xml'
23:19:41.002 [main] DEBUG - Save part 'xl/styles.xml'
23:19:41.002 [main] DEBUG - Save part 'xl/theme/theme1.xml'
23:19:41.003 [main] DEBUG - Save part 'xl/workbook.xml'
23:19:41.003 [main] DEBUG - Save part 'xl/worksheets/sheet1.xml'
23:19:41.004 [main] DEBUG - Save part 'xl/worksheets/sheet2.xml'
23:19:41.004 [main] DEBUG - Save part 'xl/worksheets/sheet3.xml'
23:19:41.004 [main] DEBUG - Save part 'xl/worksheets/sheet4.xml'
23:19:41.004 [main] DEBUG - Save part 'xl/worksheets/sheet5.xml'
23:19:41.004 [main] DEBUG - Save part 'xl/worksheets/sheet6.xml'
23:19:41.004 [main] DEBUG - Save part 'xl/worksheets/sheet7.xml'
23:19:41.004 [main] DEBUG - Save part 'xl/worksheets/sheet8.xml'
23:19:41.004 [main] DEBUG - Save part 'xl/worksheets/sheet9.xml'
23:19:41.031 [main] DEBUG - Save content types part
23:19:41.032 [main] DEBUG - Save package relationships
23:19:41.032 [main] DEBUG - Save part 'docProps/app.xml'
23:19:41.032 [main] DEBUG - Save part 'docProps/core.xml'
23:19:41.033 [main] DEBUG - Save part 'xl/printerSettings/printerSettings1.bin'
23:19:41.033 [main] DEBUG - Save part 'xl/printerSettings/printerSettings2.bin'
23:19:41.033 [main] DEBUG - Save part 'xl/sharedStrings.xml'
23:19:41.033 [main] DEBUG - Save part 'xl/styles.xml'
23:19:41.033 [main] DEBUG - Save part 'xl/theme/theme1.xml'
23:19:41.033 [main] DEBUG - Save part 'xl/workbook.xml'
23:19:41.034 [main] DEBUG - Save part 'xl/worksheets/sheet1.xml'
23:19:41.034 [main] DEBUG - Save part 'xl/worksheets/sheet2.xml'
23:19:41.035 [main] DEBUG - Save part 'xl/worksheets/sheet3.xml'
23:19:41.035 [main] DEBUG - Save part 'xl/worksheets/sheet4.xml'
23:19:41.035 [main] DEBUG - Save part 'xl/worksheets/sheet5.xml'
23:19:41.035 [main] DEBUG - Save part 'xl/worksheets/sheet6.xml'
23:19:41.035 [main] DEBUG - Save part 'xl/worksheets/sheet7.xml'
23:19:41.035 [main] DEBUG - Save part 'xl/worksheets/sheet8.xml'
23:19:41.035 [main] DEBUG - Save part 'xl/worksheets/sheet9.xml'
23:19:41.064 [main] DEBUG - Save content types part
23:19:41.064 [main] DEBUG - Save package relationships
23:19:41.065 [main] DEBUG - Save part 'docProps/app.xml'
23:19:41.065 [main] DEBUG - Save part 'docProps/core.xml'
23:19:41.065 [main] DEBUG - Save part 'xl/printerSettings/printerSettings1.bin'
23:19:41.065 [main] DEBUG - Save part 'xl/printerSettings/printerSettings2.bin'
23:19:41.065 [main] DEBUG - Save part 'xl/sharedStrings.xml'
23:19:41.066 [main] DEBUG - Save part 'xl/styles.xml'
23:19:41.066 [main] DEBUG - Save part 'xl/theme/theme1.xml'
23:19:41.066 [main] DEBUG - Save part 'xl/workbook.xml'
23:19:41.066 [main] DEBUG - Save part 'xl/worksheets/sheet1.xml'
23:19:41.067 [main] DEBUG - Save part 'xl/worksheets/sheet2.xml'
23:19:41.067 [main] DEBUG - Save part 'xl/worksheets/sheet3.xml'
23:19:41.067 [main] DEBUG - Save part 'xl/worksheets/sheet4.xml'
23:19:41.067 [main] DEBUG - Save part 'xl/worksheets/sheet5.xml'
23:19:41.067 [main] DEBUG - Save part 'xl/worksheets/sheet6.xml'
23:19:41.067 [main] DEBUG - Save part 'xl/worksheets/sheet7.xml'
23:19:41.068 [main] DEBUG - Save part 'xl/worksheets/sheet8.xml'
23:19:41.068 [main] DEBUG - Save part 'xl/worksheets/sheet9.xml'
23:19:41.097 [main] DEBUG - Save content types part
23:19:41.098 [main] DEBUG - Save package relationships
23:19:41.099 [main] DEBUG - Save part 'docProps/app.xml'
23:19:41.099 [main] DEBUG - Save part 'docProps/core.xml'
23:19:41.099 [main] DEBUG - Save part 'xl/printerSettings/printerSettings1.bin'
23:19:41.099 [main] DEBUG - Save part 'xl/printerSettings/printerSettings2.bin'
23:19:41.099 [main] DEBUG - Save part 'xl/sharedStrings.xml'
23:19:41.100 [main] DEBUG - Save part 'xl/styles.xml'
23:19:41.100 [main] DEBUG - Save part 'xl/theme/theme1.xml'
23:19:41.100 [main] DEBUG - Save part 'xl/workbook.xml'
23:19:41.100 [main] DEBUG - Save part 'xl/worksheets/sheet1.xml'
23:19:41.102 [main] DEBUG - Save part 'xl/worksheets/sheet2.xml'
23:19:41.102 [main] DEBUG - Save part 'xl/worksheets/sheet3.xml'
23:19:41.102 [main] DEBUG - Save part 'xl/worksheets/sheet4.xml'
23:19:41.103 [main] DEBUG - Save part 'xl/worksheets/sheet5.xml'
23:19:41.103 [main] DEBUG - Save part 'xl/worksheets/sheet6.xml'
23:19:41.103 [main] DEBUG - Save part 'xl/worksheets/sheet7.xml'
23:19:41.103 [main] DEBUG - Save part 'xl/worksheets/sheet8.xml'
23:19:41.103 [main] DEBUG - Save part 'xl/worksheets/sheet9.xml'
23:19:41.129 [main] DEBUG - Save content types part
23:19:41.130 [main] DEBUG - Save package relationships
23:19:41.131 [main] DEBUG - Save part 'docProps/app.xml'
23:19:41.131 [main] DEBUG - Save part 'docProps/core.xml'
23:19:41.132 [main] DEBUG - Save part 'xl/printerSettings/printerSettings1.bin'
23:19:41.132 [main] DEBUG - Save part 'xl/printerSettings/printerSettings2.bin'
23:19:41.132 [main] DEBUG - Save part 'xl/sharedStrings.xml'
23:19:41.132 [main] DEBUG - Save part 'xl/styles.xml'
23:19:41.133 [main] DEBUG - Save part 'xl/theme/theme1.xml'
23:19:41.133 [main] DEBUG - Save part 'xl/workbook.xml'
23:19:41.134 [main] DEBUG - Save part 'xl/worksheets/sheet1.xml'
23:19:41.134 [main] DEBUG - Save part 'xl/worksheets/sheet2.xml'
23:19:41.135 [main] DEBUG - Save part 'xl/worksheets/sheet3.xml'
23:19:41.135 [main] DEBUG - Save part 'xl/worksheets/sheet4.xml'
23:19:41.135 [main] DEBUG - Save part 'xl/worksheets/sheet5.xml'
23:19:41.135 [main] DEBUG - Save part 'xl/worksheets/sheet6.xml'
23:19:41.136 [main] DEBUG - Save part 'xl/worksheets/sheet7.xml'
23:19:41.136 [main] DEBUG - Save part 'xl/worksheets/sheet8.xml'
23:19:41.136 [main] DEBUG - Save part 'xl/worksheets/sheet9.xml'
23:19:41.157 [main] DEBUG - Save content types part
23:19:41.158 [main] DEBUG - Save package relationships
23:19:41.159 [main] DEBUG - Save part 'docProps/app.xml'
23:19:41.159 [main] DEBUG - Save part 'docProps/core.xml'
23:19:41.159 [main] DEBUG - Save part 'xl/printerSettings/printerSettings1.bin'
23:19:41.159 [main] DEBUG - Save part 'xl/printerSettings/printerSettings2.bin'
23:19:41.160 [main] DEBUG - Save part 'xl/sharedStrings.xml'
23:19:41.160 [main] DEBUG - Save part 'xl/styles.xml'
23:19:41.160 [main] DEBUG - Save part 'xl/theme/theme1.xml'
23:19:41.160 [main] DEBUG - Save part 'xl/workbook.xml'
23:19:41.161 [main] DEBUG - Save part 'xl/worksheets/sheet1.xml'
23:19:41.161 [main] DEBUG - Save part 'xl/worksheets/sheet2.xml'
23:19:41.162 [main] DEBUG - Save part 'xl/worksheets/sheet3.xml'
23:19:41.162 [main] DEBUG - Save part 'xl/worksheets/sheet4.xml'
23:19:41.162 [main] DEBUG - Save part 'xl/worksheets/sheet5.xml'
23:19:41.162 [main] DEBUG - Save part 'xl/worksheets/sheet6.xml'
23:19:41.162 [main] DEBUG - Save part 'xl/worksheets/sheet7.xml'
23:19:41.162 [main] DEBUG - Save part 'xl/worksheets/sheet8.xml'
23:19:41.162 [main] DEBUG - Save part 'xl/worksheets/sheet9.xml'
23:19:41.185 [main] DEBUG - Save content types part
23:19:41.185 [main] DEBUG - Save package relationships
23:19:41.186 [main] DEBUG - Save part 'docProps/app.xml'
23:19:41.186 [main] DEBUG - Save part 'docProps/core.xml'
23:19:41.187 [main] DEBUG - Save part 'xl/printerSettings/printerSettings1.bin'
23:19:41.187 [main] DEBUG - Save part 'xl/printerSettings/printerSettings2.bin'
23:19:41.187 [main] DEBUG - Save part 'xl/sharedStrings.xml'
23:19:41.187 [main] DEBUG - Save part 'xl/styles.xml'
23:19:41.188 [main] DEBUG - Save part 'xl/theme/theme1.xml'
23:19:41.188 [main] DEBUG - Save part 'xl/workbook.xml'
23:19:41.189 [main] DEBUG - Save part 'xl/worksheets/sheet1.xml'
23:19:41.189 [main] DEBUG - Save part 'xl/worksheets/sheet2.xml'
23:19:41.190 [main] DEBUG - Save part 'xl/worksheets/sheet3.xml'
23:19:41.190 [main] DEBUG - Save part 'xl/worksheets/sheet4.xml'
23:19:41.190 [main] DEBUG - Save part 'xl/worksheets/sheet5.xml'
23:19:41.190 [main] DEBUG - Save part 'xl/worksheets/sheet6.xml'
23:19:41.190 [main] DEBUG - Save part 'xl/worksheets/sheet7.xml'
23:19:41.190 [main] DEBUG - Save part 'xl/worksheets/sheet8.xml'
23:19:41.190 [main] DEBUG - Save part 'xl/worksheets/sheet9.xml'
23:19:41.219 [main] DEBUG - Save content types part
23:19:41.220 [main] DEBUG - Save package relationships
23:19:41.220 [main] DEBUG - Save part 'docProps/app.xml'
23:19:41.220 [main] DEBUG - Save part 'docProps/core.xml'
23:19:41.221 [main] DEBUG - Save part 'xl/printerSettings/printerSettings1.bin'
23:19:41.221 [main] DEBUG - Save part 'xl/printerSettings/printerSettings2.bin'
23:19:41.221 [main] DEBUG - Save part 'xl/sharedStrings.xml'
23:19:41.221 [main] DEBUG - Save part 'xl/styles.xml'
23:19:41.221 [main] DEBUG - Save part 'xl/theme/theme1.xml'
23:19:41.221 [main] DEBUG - Save part 'xl/workbook.xml'
23:19:41.222 [main] DEBUG - Save part 'xl/worksheets/sheet1.xml'
23:19:41.223 [main] DEBUG - Save part 'xl/worksheets/sheet2.xml'
23:19:41.223 [main] DEBUG - Save part 'xl/worksheets/sheet3.xml'
23:19:41.223 [main] DEBUG - Save part 'xl/worksheets/sheet4.xml'
23:19:41.223 [main] DEBUG - Save part 'xl/worksheets/sheet5.xml'
23:19:41.223 [main] DEBUG - Save part 'xl/worksheets/sheet6.xml'
23:19:41.223 [main] DEBUG - Save part 'xl/worksheets/sheet7.xml'
23:19:41.223 [main] DEBUG - Save part 'xl/worksheets/sheet8.xml'
23:19:41.224 [main] DEBUG - Save part 'xl/worksheets/sheet9.xml'
23:19:41.249 [main] DEBUG - Save content types part
23:19:41.250 [main] DEBUG - Save package relationships
23:19:41.250 [main] DEBUG - Save part 'docProps/app.xml'
23:19:41.250 [main] DEBUG - Save part 'docProps/core.xml'
23:19:41.251 [main] DEBUG - Save part 'xl/printerSettings/printerSettings1.bin'
23:19:41.251 [main] DEBUG - Save part 'xl/printerSettings/printerSettings2.bin'
23:19:41.251 [main] DEBUG - Save part 'xl/sharedStrings.xml'
23:19:41.251 [main] DEBUG - Save part 'xl/styles.xml'
23:19:41.251 [main] DEBUG - Save part 'xl/theme/theme1.xml'
23:19:41.251 [main] DEBUG - Save part 'xl/workbook.xml'
23:19:41.252 [main] DEBUG - Save part 'xl/worksheets/sheet1.xml'
23:19:41.253 [main] DEBUG - Save part 'xl/worksheets/sheet2.xml'
23:19:41.253 [main] DEBUG - Save part 'xl/worksheets/sheet3.xml'
23:19:41.254 [main] DEBUG - Save part 'xl/worksheets/sheet4.xml'
23:19:41.254 [main] DEBUG - Save part 'xl/worksheets/sheet5.xml'
23:19:41.254 [main] DEBUG - Save part 'xl/worksheets/sheet6.xml'
23:19:41.254 [main] DEBUG - Save part 'xl/worksheets/sheet7.xml'
23:19:41.254 [main] DEBUG - Save part 'xl/worksheets/sheet8.xml'
23:19:41.254 [main] DEBUG - Save part 'xl/worksheets/sheet9.xml'
23:19:41.295 [main] DEBUG - Save content types part
23:19:41.296 [main] DEBUG - Save package relationships
23:19:41.297 [main] DEBUG - Save part 'docProps/app.xml'
23:19:41.298 [main] DEBUG - Save part 'docProps/core.xml'
23:19:41.299 [main] DEBUG - Save part 'xl/printerSettings/printerSettings1.bin'
23:19:41.299 [main] DEBUG - Save part 'xl/printerSettings/printerSettings2.bin'
23:19:41.299 [main] DEBUG - Save part 'xl/sharedStrings.xml'
23:19:41.300 [main] DEBUG - Save part 'xl/styles.xml'
23:19:41.300 [main] DEBUG - Save part 'xl/theme/theme1.xml'
23:19:41.300 [main] DEBUG - Save part 'xl/workbook.xml'
23:19:41.302 [main] DEBUG - Save part 'xl/worksheets/sheet1.xml'
23:19:41.303 [main] DEBUG - Save part 'xl/worksheets/sheet2.xml'
23:19:41.304 [main] DEBUG - Save part 'xl/worksheets/sheet3.xml'
23:19:41.304 [main] DEBUG - Save part 'xl/worksheets/sheet4.xml'
23:19:41.304 [main] DEBUG - Save part 'xl/worksheets/sheet5.xml'
23:19:41.305 [main] DEBUG - Save part 'xl/worksheets/sheet6.xml'
23:19:41.305 [main] DEBUG - Save part 'xl/worksheets/sheet7.xml'
23:19:41.305 [main] DEBUG - Save part 'xl/worksheets/sheet8.xml'
23:19:41.305 [main] DEBUG - Save part 'xl/worksheets/sheet9.xml'
23:19:41.331 [main] DEBUG - Save content types part
23:19:41.331 [main] DEBUG - Save package relationships
23:19:41.332 [main] DEBUG - Save part 'docProps/app.xml'
23:19:41.332 [main] DEBUG - Save part 'docProps/core.xml'
23:19:41.333 [main] DEBUG - Save part 'xl/printerSettings/printerSettings1.bin'
23:19:41.333 [main] DEBUG - Save part 'xl/printerSettings/printerSettings2.bin'
23:19:41.333 [main] DEBUG - Save part 'xl/sharedStrings.xml'
23:19:41.333 [main] DEBUG - Save part 'xl/styles.xml'
23:19:41.333 [main] DEBUG - Save part 'xl/theme/theme1.xml'
23:19:41.333 [main] DEBUG - Save part 'xl/workbook.xml'
23:19:41.334 [main] DEBUG - Save part 'xl/worksheets/sheet1.xml'
23:19:41.335 [main] DEBUG - Save part 'xl/worksheets/sheet2.xml'
23:19:41.335 [main] DEBUG - Save part 'xl/worksheets/sheet3.xml'
23:19:41.335 [main] DEBUG - Save part 'xl/worksheets/sheet4.xml'
23:19:41.335 [main] DEBUG - Save part 'xl/worksheets/sheet5.xml'
23:19:41.335 [main] DEBUG - Save part 'xl/worksheets/sheet6.xml'
23:19:41.336 [main] DEBUG - Save part 'xl/worksheets/sheet7.xml'
23:19:41.336 [main] DEBUG - Save part 'xl/worksheets/sheet8.xml'
23:19:41.336 [main] DEBUG - Save part 'xl/worksheets/sheet9.xml'
23:19:41.362 [main] DEBUG - Save content types part
23:19:41.363 [main] DEBUG - Save package relationships
23:19:41.363 [main] DEBUG - Save part 'docProps/app.xml'
23:19:41.363 [main] DEBUG - Save part 'docProps/core.xml'
23:19:41.363 [main] DEBUG - Save part 'xl/printerSettings/printerSettings1.bin'
23:19:41.364 [main] DEBUG - Save part 'xl/printerSettings/printerSettings2.bin'
23:19:41.364 [main] DEBUG - Save part 'xl/sharedStrings.xml'
23:19:41.364 [main] DEBUG - Save part 'xl/styles.xml'
23:19:41.364 [main] DEBUG - Save part 'xl/theme/theme1.xml'
23:19:41.364 [main] DEBUG - Save part 'xl/workbook.xml'
23:19:41.364 [main] DEBUG - Save part 'xl/worksheets/sheet1.xml'
23:19:41.365 [main] DEBUG - Save part 'xl/worksheets/sheet2.xml'
23:19:41.365 [main] DEBUG - Save part 'xl/worksheets/sheet3.xml'
23:19:41.365 [main] DEBUG - Save part 'xl/worksheets/sheet4.xml'
23:19:41.365 [main] DEBUG - Save part 'xl/worksheets/sheet5.xml'
23:19:41.365 [main] DEBUG - Save part 'xl/worksheets/sheet6.xml'
23:19:41.365 [main] DEBUG - Save part 'xl/worksheets/sheet7.xml'
23:19:41.365 [main] DEBUG - Save part 'xl/worksheets/sheet8.xml'
23:19:41.366 [main] DEBUG - Save part 'xl/worksheets/sheet9.xml'
23:19:41.394 [main] DEBUG - Save content types part
23:19:41.395 [main] DEBUG - Save package relationships
23:19:41.396 [main] DEBUG - Save part 'docProps/app.xml'
23:19:41.396 [main] DEBUG - Save part 'docProps/core.xml'
23:19:41.396 [main] DEBUG - Save part 'xl/printerSettings/printerSettings1.bin'
23:19:41.396 [main] DEBUG - Save part 'xl/printerSettings/printerSettings2.bin'
23:19:41.396 [main] DEBUG - Save part 'xl/sharedStrings.xml'
23:19:41.396 [main] DEBUG - Save part 'xl/styles.xml'
23:19:41.397 [main] DEBUG - Save part 'xl/theme/theme1.xml'
23:19:41.397 [main] DEBUG - Save part 'xl/workbook.xml'
23:19:41.397 [main] DEBUG - Save part 'xl/worksheets/sheet1.xml'
23:19:41.398 [main] DEBUG - Save part 'xl/worksheets/sheet2.xml'
23:19:41.398 [main] DEBUG - Save part 'xl/worksheets/sheet3.xml'
23:19:41.398 [main] DEBUG - Save part 'xl/worksheets/sheet4.xml'
23:19:41.398 [main] DEBUG - Save part 'xl/worksheets/sheet5.xml'
23:19:41.398 [main] DEBUG - Save part 'xl/worksheets/sheet6.xml'
23:19:41.398 [main] DEBUG - Save part 'xl/worksheets/sheet7.xml'
23:19:41.398 [main] DEBUG - Save part 'xl/worksheets/sheet8.xml'
23:19:41.399 [main] DEBUG - Save part 'xl/worksheets/sheet9.xml'
23:19:41.427 [main] DEBUG - Save content types part
23:19:41.428 [main] DEBUG - Save package relationships
23:19:41.428 [main] DEBUG - Save part 'docProps/app.xml'
23:19:41.429 [main] DEBUG - Save part 'docProps/core.xml'
23:19:41.429 [main] DEBUG - Save part 'xl/printerSettings/printerSettings1.bin'
23:19:41.429 [main] DEBUG - Save part 'xl/printerSettings/printerSettings2.bin'
23:19:41.429 [main] DEBUG - Save part 'xl/sharedStrings.xml'
23:19:41.429 [main] DEBUG - Save part 'xl/styles.xml'
23:19:41.430 [main] DEBUG - Save part 'xl/theme/theme1.xml'
23:19:41.430 [main] DEBUG - Save part 'xl/workbook.xml'
23:19:41.430 [main] DEBUG - Save part 'xl/worksheets/sheet1.xml'
23:19:41.431 [main] DEBUG - Save part 'xl/worksheets/sheet2.xml'
23:19:41.431 [main] DEBUG - Save part 'xl/worksheets/sheet3.xml'
23:19:41.431 [main] DEBUG - Save part 'xl/worksheets/sheet4.xml'
23:19:41.431 [main] DEBUG - Save part 'xl/worksheets/sheet5.xml'
23:19:41.431 [main] DEBUG - Save part 'xl/worksheets/sheet6.xml'
23:19:41.431 [main] DEBUG - Save part 'xl/worksheets/sheet7.xml'
23:19:41.432 [main] DEBUG - Save part 'xl/worksheets/sheet8.xml'
23:19:41.432 [main] DEBUG - Save part 'xl/worksheets/sheet9.xml'
23:19:41.462 [main] DEBUG - Save content types part
23:19:41.463 [main] DEBUG - Save package relationships
23:19:41.463 [main] DEBUG - Save part 'docProps/app.xml'
23:19:41.463 [main] DEBUG - Save part 'docProps/core.xml'
23:19:41.464 [main] DEBUG - Save part 'xl/printerSettings/printerSettings1.bin'
23:19:41.464 [main] DEBUG - Save part 'xl/printerSettings/printerSettings2.bin'
23:19:41.464 [main] DEBUG - Save part 'xl/sharedStrings.xml'
23:19:41.465 [main] DEBUG - Save part 'xl/styles.xml'
23:19:41.465 [main] DEBUG - Save part 'xl/theme/theme1.xml'
23:19:41.465 [main] DEBUG - Save part 'xl/workbook.xml'
23:19:41.465 [main] DEBUG - Save part 'xl/worksheets/sheet1.xml'
23:19:41.466 [main] DEBUG - Save part 'xl/worksheets/sheet2.xml'
23:19:41.466 [main] DEBUG - Save part 'xl/worksheets/sheet3.xml'
23:19:41.466 [main] DEBUG - Save part 'xl/worksheets/sheet4.xml'
23:19:41.466 [main] DEBUG - Save part 'xl/worksheets/sheet5.xml'
23:19:41.466 [main] DEBUG - Save part 'xl/worksheets/sheet6.xml'
23:19:41.466 [main] DEBUG - Save part 'xl/worksheets/sheet7.xml'
23:19:41.466 [main] DEBUG - Save part 'xl/worksheets/sheet8.xml'
23:19:41.467 [main] DEBUG - Save part 'xl/worksheets/sheet9.xml'
23:19:41.491 [main] DEBUG - Save content types part
23:19:41.492 [main] DEBUG - Save package relationships
23:19:41.492 [main] DEBUG - Save part 'docProps/app.xml'
23:19:41.492 [main] DEBUG - Save part 'docProps/core.xml'
23:19:41.492 [main] DEBUG - Save part 'xl/printerSettings/printerSettings1.bin'
23:19:41.492 [main] DEBUG - Save part 'xl/printerSettings/printerSettings2.bin'
23:19:41.493 [main] DEBUG - Save part 'xl/sharedStrings.xml'
23:19:41.493 [main] DEBUG - Save part 'xl/styles.xml'
23:19:41.493 [main] DEBUG - Save part 'xl/theme/theme1.xml'
23:19:41.493 [main] DEBUG - Save part 'xl/workbook.xml'
23:19:41.493 [main] DEBUG - Save part 'xl/worksheets/sheet1.xml'
23:19:41.494 [main] DEBUG - Save part 'xl/worksheets/sheet2.xml'
23:19:41.494 [main] DEBUG - Save part 'xl/worksheets/sheet3.xml'
23:19:41.494 [main] DEBUG - Save part 'xl/worksheets/sheet4.xml'
23:19:41.494 [main] DEBUG - Save part 'xl/worksheets/sheet5.xml'
23:19:41.494 [main] DEBUG - Save part 'xl/worksheets/sheet6.xml'
23:19:41.495 [main] DEBUG - Save part 'xl/worksheets/sheet7.xml'
23:19:41.495 [main] DEBUG - Save part 'xl/worksheets/sheet8.xml'
23:19:41.495 [main] DEBUG - Save part 'xl/worksheets/sheet9.xml'
23:19:41.523 [main] DEBUG - Save content types part
23:19:41.523 [main] DEBUG - Save package relationships
23:19:41.524 [main] DEBUG - Save part 'docProps/app.xml'
23:19:41.524 [main] DEBUG - Save part 'docProps/core.xml'
23:19:41.524 [main] DEBUG - Save part 'xl/printerSettings/printerSettings1.bin'
23:19:41.524 [main] DEBUG - Save part 'xl/printerSettings/printerSettings2.bin'
23:19:41.524 [main] DEBUG - Save part 'xl/sharedStrings.xml'
23:19:41.525 [main] DEBUG - Save part 'xl/styles.xml'
23:19:41.525 [main] DEBUG - Save part 'xl/theme/theme1.xml'
23:19:41.525 [main] DEBUG - Save part 'xl/workbook.xml'
23:19:41.525 [main] DEBUG - Save part 'xl/worksheets/sheet1.xml'
23:19:41.526 [main] DEBUG - Save part 'xl/worksheets/sheet2.xml'
23:19:41.526 [main] DEBUG - Save part 'xl/worksheets/sheet3.xml'
23:19:41.526 [main] DEBUG - Save part 'xl/worksheets/sheet4.xml'
23:19:41.526 [main] DEBUG - Save part 'xl/worksheets/sheet5.xml'
23:19:41.526 [main] DEBUG - Save part 'xl/worksheets/sheet6.xml'
23:19:41.526 [main] DEBUG - Save part 'xl/worksheets/sheet7.xml'
23:19:41.527 [main] DEBUG - Save part 'xl/worksheets/sheet8.xml'
23:19:41.527 [main] DEBUG - Save part 'xl/worksheets/sheet9.xml'
23:19:41.553 [main] DEBUG - Save content types part
23:19:41.554 [main] DEBUG - Save package relationships
23:19:41.554 [main] DEBUG - Save part 'docProps/app.xml'
23:19:41.554 [main] DEBUG - Save part 'docProps/core.xml'
23:19:41.555 [main] DEBUG - Save part 'xl/printerSettings/printerSettings1.bin'
23:19:41.555 [main] DEBUG - Save part 'xl/printerSettings/printerSettings2.bin'
23:19:41.555 [main] DEBUG - Save part 'xl/sharedStrings.xml'
23:19:41.555 [main] DEBUG - Save part 'xl/styles.xml'
23:19:41.555 [main] DEBUG - Save part 'xl/theme/theme1.xml'
23:19:41.555 [main] DEBUG - Save part 'xl/workbook.xml'
23:19:41.556 [main] DEBUG - Save part 'xl/worksheets/sheet1.xml'
23:19:41.556 [main] DEBUG - Save part 'xl/worksheets/sheet2.xml'
23:19:41.557 [main] DEBUG - Save part 'xl/worksheets/sheet3.xml'
23:19:41.557 [main] DEBUG - Save part 'xl/worksheets/sheet4.xml'
23:19:41.557 [main] DEBUG - Save part 'xl/worksheets/sheet5.xml'
23:19:41.557 [main] DEBUG - Save part 'xl/worksheets/sheet6.xml'
23:19:41.557 [main] DEBUG - Save part 'xl/worksheets/sheet7.xml'
23:19:41.557 [main] DEBUG - Save part 'xl/worksheets/sheet8.xml'
23:19:41.557 [main] DEBUG - Save part 'xl/worksheets/sheet9.xml'
23:19:41.586 [main] DEBUG - Save content types part
23:19:41.587 [main] DEBUG - Save package relationships
23:19:41.587 [main] DEBUG - Save part 'docProps/app.xml'
23:19:41.587 [main] DEBUG - Save part 'docProps/core.xml'
23:19:41.588 [main] DEBUG - Save part 'xl/printerSettings/printerSettings1.bin'
23:19:41.588 [main] DEBUG - Save part 'xl/printerSettings/printerSettings2.bin'
23:19:41.588 [main] DEBUG - Save part 'xl/sharedStrings.xml'
23:19:41.588 [main] DEBUG - Save part 'xl/styles.xml'
23:19:41.588 [main] DEBUG - Save part 'xl/theme/theme1.xml'
23:19:41.588 [main] DEBUG - Save part 'xl/workbook.xml'
23:19:41.589 [main] DEBUG - Save part 'xl/worksheets/sheet1.xml'
23:19:41.590 [main] DEBUG - Save part 'xl/worksheets/sheet2.xml'
23:19:41.590 [main] DEBUG - Save part 'xl/worksheets/sheet3.xml'
23:19:41.590 [main] DEBUG - Save part 'xl/worksheets/sheet4.xml'
23:19:41.590 [main] DEBUG - Save part 'xl/worksheets/sheet5.xml'
23:19:41.590 [main] DEBUG - Save part 'xl/worksheets/sheet6.xml'
23:19:41.590 [main] DEBUG - Save part 'xl/worksheets/sheet7.xml'
23:19:41.591 [main] DEBUG - Save part 'xl/worksheets/sheet8.xml'
23:19:41.591 [main] DEBUG - Save part 'xl/worksheets/sheet9.xml'
23:19:41.620 [main] DEBUG - Save content types part
23:19:41.621 [main] DEBUG - Save package relationships
23:19:41.621 [main] DEBUG - Save part 'docProps/app.xml'
23:19:41.621 [main] DEBUG - Save part 'docProps/core.xml'
23:19:41.622 [main] DEBUG - Save part 'xl/printerSettings/printerSettings1.bin'
23:19:41.622 [main] DEBUG - Save part 'xl/printerSettings/printerSettings2.bin'
23:19:41.622 [main] DEBUG - Save part 'xl/sharedStrings.xml'
23:19:41.622 [main] DEBUG - Save part 'xl/styles.xml'
23:19:41.622 [main] DEBUG - Save part 'xl/theme/theme1.xml'
23:19:41.623 [main] DEBUG - Save part 'xl/workbook.xml'
23:19:41.623 [main] DEBUG - Save part 'xl/worksheets/sheet1.xml'
23:19:41.624 [main] DEBUG - Save part 'xl/worksheets/sheet2.xml'
23:19:41.624 [main] DEBUG - Save part 'xl/worksheets/sheet3.xml'
23:19:41.624 [main] DEBUG - Save part 'xl/worksheets/sheet4.xml'
23:19:41.624 [main] DEBUG - Save part 'xl/worksheets/sheet5.xml'
23:19:41.624 [main] DEBUG - Save part 'xl/worksheets/sheet6.xml'
23:19:41.624 [main] DEBUG - Save part 'xl/worksheets/sheet7.xml'
23:19:41.624 [main] DEBUG - Save part 'xl/worksheets/sheet8.xml'
23:19:41.625 [main] DEBUG - Save part 'xl/worksheets/sheet9.xml'
23:19:41.654 [main] DEBUG - Save content types part
23:19:41.655 [main] DEBUG - Save package relationships
23:19:41.655 [main] DEBUG - Save part 'docProps/app.xml'
23:19:41.655 [main] DEBUG - Save part 'docProps/core.xml'
23:19:41.655 [main] DEBUG - Save part 'xl/printerSettings/printerSettings1.bin'
23:19:41.655 [main] DEBUG - Save part 'xl/printerSettings/printerSettings2.bin'
23:19:41.655 [main] DEBUG - Save part 'xl/sharedStrings.xml'
23:19:41.655 [main] DEBUG - Save part 'xl/styles.xml'
23:19:41.655 [main] DEBUG - Save part 'xl/theme/theme1.xml'
23:19:41.656 [main] DEBUG - Save part 'xl/workbook.xml'
23:19:41.656 [main] DEBUG - Save part 'xl/worksheets/sheet1.xml'
23:19:41.657 [main] DEBUG - Save part 'xl/worksheets/sheet2.xml'
23:19:41.657 [main] DEBUG - Save part 'xl/worksheets/sheet3.xml'
23:19:41.657 [main] DEBUG - Save part 'xl/worksheets/sheet4.xml'
23:19:41.657 [main] DEBUG - Save part 'xl/worksheets/sheet5.xml'
23:19:41.657 [main] DEBUG - Save part 'xl/worksheets/sheet6.xml'
23:19:41.657 [main] DEBUG - Save part 'xl/worksheets/sheet7.xml'
23:19:41.657 [main] DEBUG - Save part 'xl/worksheets/sheet8.xml'
23:19:41.657 [main] DEBUG - Save part 'xl/worksheets/sheet9.xml'
23:19:41.684 [main] DEBUG - Save content types part
23:19:41.685 [main] DEBUG - Save package relationships
23:19:41.685 [main] DEBUG - Save part 'docProps/app.xml'
23:19:41.685 [main] DEBUG - Save part 'docProps/core.xml'
23:19:41.686 [main] DEBUG - Save part 'xl/printerSettings/printerSettings1.bin'
23:19:41.686 [main] DEBUG - Save part 'xl/printerSettings/printerSettings2.bin'
23:19:41.686 [main] DEBUG - Save part 'xl/sharedStrings.xml'
23:19:41.686 [main] DEBUG - Save part 'xl/styles.xml'
23:19:41.686 [main] DEBUG - Save part 'xl/theme/theme1.xml'
23:19:41.686 [main] DEBUG - Save part 'xl/workbook.xml'
23:19:41.687 [main] DEBUG - Save part 'xl/worksheets/sheet1.xml'
23:19:41.688 [main] DEBUG - Save part 'xl/worksheets/sheet2.xml'
23:19:41.688 [main] DEBUG - Save part 'xl/worksheets/sheet3.xml'
23:19:41.688 [main] DEBUG - Save part 'xl/worksheets/sheet4.xml'
23:19:41.688 [main] DEBUG - Save part 'xl/worksheets/sheet5.xml'
23:19:41.688 [main] DEBUG - Save part 'xl/worksheets/sheet6.xml'
23:19:41.689 [main] DEBUG - Save part 'xl/worksheets/sheet7.xml'
23:19:41.689 [main] DEBUG - Save part 'xl/worksheets/sheet8.xml'
23:19:41.689 [main] DEBUG - Save part 'xl/worksheets/sheet9.xml'
23:19:41.715 [main] DEBUG - Save content types part
23:19:41.715 [main] DEBUG - Save package relationships
23:19:41.717 [main] DEBUG - Save part 'docProps/app.xml'
23:19:41.717 [main] DEBUG - Save part 'docProps/core.xml'
23:19:41.717 [main] DEBUG - Save part 'xl/printerSettings/printerSettings1.bin'
23:19:41.717 [main] DEBUG - Save part 'xl/printerSettings/printerSettings2.bin'
23:19:41.717 [main] DEBUG - Save part 'xl/sharedStrings.xml'
23:19:41.717 [main] DEBUG - Save part 'xl/styles.xml'
23:19:41.717 [main] DEBUG - Save part 'xl/theme/theme1.xml'
23:19:41.718 [main] DEBUG - Save part 'xl/workbook.xml'
23:19:41.718 [main] DEBUG - Save part 'xl/worksheets/sheet1.xml'
23:19:41.719 [main] DEBUG - Save part 'xl/worksheets/sheet2.xml'
23:19:41.719 [main] DEBUG - Save part 'xl/worksheets/sheet3.xml'
23:19:41.719 [main] DEBUG - Save part 'xl/worksheets/sheet4.xml'
23:19:41.719 [main] DEBUG - Save part 'xl/worksheets/sheet5.xml'
23:19:41.719 [main] DEBUG - Save part 'xl/worksheets/sheet6.xml'
23:19:41.719 [main] DEBUG - Save part 'xl/worksheets/sheet7.xml'
23:19:41.719 [main] DEBUG - Save part 'xl/worksheets/sheet8.xml'
23:19:41.719 [main] DEBUG - Save part 'xl/worksheets/sheet9.xml'
23:19:41.744 [main] DEBUG - Save content types part
23:19:41.745 [main] DEBUG - Save package relationships
23:19:41.745 [main] DEBUG - Save part 'docProps/app.xml'
23:19:41.745 [main] DEBUG - Save part 'docProps/core.xml'
23:19:41.745 [main] DEBUG - Save part 'xl/printerSettings/printerSettings1.bin'
23:19:41.746 [main] DEBUG - Save part 'xl/printerSettings/printerSettings2.bin'
23:19:41.746 [main] DEBUG - Save part 'xl/sharedStrings.xml'
23:19:41.746 [main] DEBUG - Save part 'xl/styles.xml'
23:19:41.746 [main] DEBUG - Save part 'xl/theme/theme1.xml'
23:19:41.746 [main] DEBUG - Save part 'xl/workbook.xml'
23:19:41.746 [main] DEBUG - Save part 'xl/worksheets/sheet1.xml'
23:19:41.747 [main] DEBUG - Save part 'xl/worksheets/sheet2.xml'
23:19:41.747 [main] DEBUG - Save part 'xl/worksheets/sheet3.xml'
23:19:41.748 [main] DEBUG - Save part 'xl/worksheets/sheet4.xml'
23:19:41.748 [main] DEBUG - Save part 'xl/worksheets/sheet5.xml'
23:19:41.748 [main] DEBUG - Save part 'xl/worksheets/sheet6.xml'
23:19:41.748 [main] DEBUG - Save part 'xl/worksheets/sheet7.xml'
23:19:41.748 [main] DEBUG - Save part 'xl/worksheets/sheet8.xml'
23:19:41.748 [main] DEBUG - Save part 'xl/worksheets/sheet9.xml'
23:19:41.776 [main] DEBUG - Save content types part
23:19:41.777 [main] DEBUG - Save package relationships
23:19:41.777 [main] DEBUG - Save part 'docProps/app.xml'
23:19:41.777 [main] DEBUG - Save part 'docProps/core.xml'
23:19:41.778 [main] DEBUG - Save part 'xl/printerSettings/printerSettings1.bin'
23:19:41.778 [main] DEBUG - Save part 'xl/printerSettings/printerSettings2.bin'
23:19:41.778 [main] DEBUG - Save part 'xl/sharedStrings.xml'
23:19:41.778 [main] DEBUG - Save part 'xl/styles.xml'
23:19:41.778 [main] DEBUG - Save part 'xl/theme/theme1.xml'
23:19:41.778 [main] DEBUG - Save part 'xl/workbook.xml'
23:19:41.779 [main] DEBUG - Save part 'xl/worksheets/sheet1.xml'
23:19:41.779 [main] DEBUG - Save part 'xl/worksheets/sheet2.xml'
23:19:41.780 [main] DEBUG - Save part 'xl/worksheets/sheet3.xml'
23:19:41.780 [main] DEBUG - Save part 'xl/worksheets/sheet4.xml'
23:19:41.780 [main] DEBUG - Save part 'xl/worksheets/sheet5.xml'
23:19:41.780 [main] DEBUG - Save part 'xl/worksheets/sheet6.xml'
23:19:41.780 [main] DEBUG - Save part 'xl/worksheets/sheet7.xml'
23:19:41.780 [main] DEBUG - Save part 'xl/worksheets/sheet8.xml'
23:19:41.780 [main] DEBUG - Save part 'xl/worksheets/sheet9.xml'
23:19:41.797 [main] DEBUG - Save content types part
23:19:41.798 [main] DEBUG - Save package relationships
23:19:41.799 [main] DEBUG - Save part 'docProps/app.xml'
23:19:41.799 [main] DEBUG - Save part 'docProps/core.xml'
23:19:41.799 [main] DEBUG - Save part 'xl/printerSettings/printerSettings1.bin'
23:19:41.799 [main] DEBUG - Save part 'xl/printerSettings/printerSettings2.bin'
23:19:41.799 [main] DEBUG - Save part 'xl/sharedStrings.xml'
23:19:41.800 [main] DEBUG - Save part 'xl/styles.xml'
23:19:41.800 [main] DEBUG - Save part 'xl/theme/theme1.xml'
23:19:41.800 [main] DEBUG - Save part 'xl/workbook.xml'
23:19:41.800 [main] DEBUG - Save part 'xl/worksheets/sheet1.xml'
23:19:41.801 [main] DEBUG - Save part 'xl/worksheets/sheet2.xml'
23:19:41.801 [main] DEBUG - Save part 'xl/worksheets/sheet3.xml'
23:19:41.801 [main] DEBUG - Save part 'xl/worksheets/sheet4.xml'
23:19:41.801 [main] DEBUG - Save part 'xl/worksheets/sheet5.xml'
23:19:41.801 [main] DEBUG - Save part 'xl/worksheets/sheet6.xml'
23:19:41.801 [main] DEBUG - Save part 'xl/worksheets/sheet7.xml'
23:19:41.801 [main] DEBUG - Save part 'xl/worksheets/sheet8.xml'
23:19:41.802 [main] DEBUG - Save part 'xl/worksheets/sheet9.xml'
23:19:41.822 [main] DEBUG - Save content types part
23:19:41.824 [main] DEBUG - Save package relationships
23:19:41.824 [main] DEBUG - Save part 'docProps/app.xml'
23:19:41.824 [main] DEBUG - Save part 'docProps/core.xml'
23:19:41.825 [main] DEBUG - Save part 'xl/printerSettings/printerSettings1.bin'
23:19:41.826 [main] DEBUG - Save part 'xl/printerSettings/printerSettings2.bin'
23:19:41.826 [main] DEBUG - Save part 'xl/sharedStrings.xml'
23:19:41.826 [main] DEBUG - Save part 'xl/styles.xml'
23:19:41.826 [main] DEBUG - Save part 'xl/theme/theme1.xml'
23:19:41.827 [main] DEBUG - Save part 'xl/workbook.xml'
23:19:41.828 [main] DEBUG - Save part 'xl/worksheets/sheet1.xml'
23:19:41.830 [main] DEBUG - Save part 'xl/worksheets/sheet2.xml'
23:19:41.831 [main] DEBUG - Save part 'xl/worksheets/sheet3.xml'
23:19:41.831 [main] DEBUG - Save part 'xl/worksheets/sheet4.xml'
23:19:41.832 [main] DEBUG - Save part 'xl/worksheets/sheet5.xml'
23:19:41.832 [main] DEBUG - Save part 'xl/worksheets/sheet6.xml'
23:19:41.832 [main] DEBUG - Save part 'xl/worksheets/sheet7.xml'
23:19:41.832 [main] DEBUG - Save part 'xl/worksheets/sheet8.xml'
23:19:41.833 [main] DEBUG - Save part 'xl/worksheets/sheet9.xml'
23:19:41.863 [main] DEBUG - Save content types part
23:19:41.865 [main] DEBUG - Save package relationships
23:19:41.865 [main] DEBUG - Save part 'docProps/app.xml'
23:19:41.865 [main] DEBUG - Save part 'docProps/core.xml'
23:19:41.866 [main] DEBUG - Save part 'xl/printerSettings/printerSettings1.bin'
23:19:41.866 [main] DEBUG - Save part 'xl/printerSettings/printerSettings2.bin'
23:19:41.866 [main] DEBUG - Save part 'xl/sharedStrings.xml'
23:19:41.866 [main] DEBUG - Save part 'xl/styles.xml'
23:19:41.866 [main] DEBUG - Save part 'xl/theme/theme1.xml'
23:19:41.866 [main] DEBUG - Save part 'xl/workbook.xml'
23:19:41.867 [main] DEBUG - Save part 'xl/worksheets/sheet1.xml'
23:19:41.868 [main] DEBUG - Save part 'xl/worksheets/sheet2.xml'
23:19:41.868 [main] DEBUG - Save part 'xl/worksheets/sheet3.xml'
23:19:41.869 [main] DEBUG - Save part 'xl/worksheets/sheet4.xml'
23:19:41.869 [main] DEBUG - Save part 'xl/worksheets/sheet5.xml'
23:19:41.869 [main] DEBUG - Save part 'xl/worksheets/sheet6.xml'
23:19:41.869 [main] DEBUG - Save part 'xl/worksheets/sheet7.xml'
23:19:41.869 [main] DEBUG - Save part 'xl/worksheets/sheet8.xml'
23:19:41.869 [main] DEBUG - Save part 'xl/worksheets/sheet9.xml'
23:19:41.898 [main] DEBUG - Save content types part
23:19:41.899 [main] DEBUG - Save package relationships
23:19:41.900 [main] DEBUG - Save part 'docProps/app.xml'
23:19:41.900 [main] DEBUG - Save part 'docProps/core.xml'
23:19:41.901 [main] DEBUG - Save part 'xl/printerSettings/printerSettings1.bin'
23:19:41.901 [main] DEBUG - Save part 'xl/printerSettings/printerSettings2.bin'
23:19:41.901 [main] DEBUG - Save part 'xl/sharedStrings.xml'
23:19:41.902 [main] DEBUG - Save part 'xl/styles.xml'
23:19:41.902 [main] DEBUG - Save part 'xl/theme/theme1.xml'
23:19:41.902 [main] DEBUG - Save part 'xl/workbook.xml'
23:19:41.902 [main] DEBUG - Save part 'xl/worksheets/sheet1.xml'
23:19:41.903 [main] DEBUG - Save part 'xl/worksheets/sheet2.xml'
23:19:41.904 [main] DEBUG - Save part 'xl/worksheets/sheet3.xml'
23:19:41.904 [main] DEBUG - Save part 'xl/worksheets/sheet4.xml'
23:19:41.904 [main] DEBUG - Save part 'xl/worksheets/sheet5.xml'
23:19:41.904 [main] DEBUG - Save part 'xl/worksheets/sheet6.xml'
23:19:41.904 [main] DEBUG - Save part 'xl/worksheets/sheet7.xml'
23:19:41.904 [main] DEBUG - Save part 'xl/worksheets/sheet8.xml'
23:19:41.904 [main] DEBUG - Save part 'xl/worksheets/sheet9.xml'
23:19:41.934 [main] DEBUG - Save content types part
23:19:41.935 [main] DEBUG - Save package relationships
23:19:41.935 [main] DEBUG - Save part 'docProps/app.xml'
23:19:41.935 [main] DEBUG - Save part 'docProps/core.xml'
23:19:41.936 [main] DEBUG - Save part 'xl/printerSettings/printerSettings1.bin'
23:19:41.936 [main] DEBUG - Save part 'xl/printerSettings/printerSettings2.bin'
23:19:41.936 [main] DEBUG - Save part 'xl/sharedStrings.xml'
23:19:41.936 [main] DEBUG - Save part 'xl/styles.xml'
23:19:41.937 [main] DEBUG - Save part 'xl/theme/theme1.xml'
23:19:41.937 [main] DEBUG - Save part 'xl/workbook.xml'
23:19:41.938 [main] DEBUG - Save part 'xl/worksheets/sheet1.xml'
23:19:41.938 [main] DEBUG - Save part 'xl/worksheets/sheet2.xml'
23:19:41.939 [main] DEBUG - Save part 'xl/worksheets/sheet3.xml'
23:19:41.939 [main] DEBUG - Save part 'xl/worksheets/sheet4.xml'
23:19:41.939 [main] DEBUG - Save part 'xl/worksheets/sheet5.xml'
23:19:41.939 [main] DEBUG - Save part 'xl/worksheets/sheet6.xml'
23:19:41.939 [main] DEBUG - Save part 'xl/worksheets/sheet7.xml'
23:19:41.940 [main] DEBUG - Save part 'xl/worksheets/sheet8.xml'
23:19:41.940 [main] DEBUG - Save part 'xl/worksheets/sheet9.xml'
23:19:41.969 [main] DEBUG - Save content types part
23:19:41.970 [main] DEBUG - Save package relationships
23:19:41.970 [main] DEBUG - Save part 'docProps/app.xml'
23:19:41.970 [main] DEBUG - Save part 'docProps/core.xml'
23:19:41.971 [main] DEBUG - Save part 'xl/printerSettings/printerSettings1.bin'
23:19:41.971 [main] DEBUG - Save part 'xl/printerSettings/printerSettings2.bin'
23:19:41.971 [main] DEBUG - Save part 'xl/sharedStrings.xml'
23:19:41.971 [main] DEBUG - Save part 'xl/styles.xml'
23:19:41.971 [main] DEBUG - Save part 'xl/theme/theme1.xml'
23:19:41.972 [main] DEBUG - Save part 'xl/workbook.xml'
23:19:41.972 [main] DEBUG - Save part 'xl/worksheets/sheet1.xml'
23:19:41.973 [main] DEBUG - Save part 'xl/worksheets/sheet2.xml'
23:19:41.973 [main] DEBUG - Save part 'xl/worksheets/sheet3.xml'
23:19:41.974 [main] DEBUG - Save part 'xl/worksheets/sheet4.xml'
23:19:41.974 [main] DEBUG - Save part 'xl/worksheets/sheet5.xml'
23:19:41.974 [main] DEBUG - Save part 'xl/worksheets/sheet6.xml'
23:19:41.974 [main] DEBUG - Save part 'xl/worksheets/sheet7.xml'
23:19:41.974 [main] DEBUG - Save part 'xl/worksheets/sheet8.xml'
23:19:41.974 [main] DEBUG - Save part 'xl/worksheets/sheet9.xml'
23:19:42.000 [main] DEBUG - Save content types part
23:19:42.001 [main] DEBUG - Save package relationships
23:19:42.001 [main] DEBUG - Save part 'docProps/app.xml'
23:19:42.001 [main] DEBUG - Save part 'docProps/core.xml'
23:19:42.002 [main] DEBUG - Save part 'xl/printerSettings/printerSettings1.bin'
23:19:42.002 [main] DEBUG - Save part 'xl/printerSettings/printerSettings2.bin'
23:19:42.002 [main] DEBUG - Save part 'xl/sharedStrings.xml'
23:19:42.002 [main] DEBUG - Save part 'xl/styles.xml'
23:19:42.002 [main] DEBUG - Save part 'xl/theme/theme1.xml'
23:19:42.002 [main] DEBUG - Save part 'xl/workbook.xml'
23:19:42.003 [main] DEBUG - Save part 'xl/worksheets/sheet1.xml'
23:19:42.003 [main] DEBUG - Save part 'xl/worksheets/sheet2.xml'
23:19:42.004 [main] DEBUG - Save part 'xl/worksheets/sheet3.xml'
23:19:42.004 [main] DEBUG - Save part 'xl/worksheets/sheet4.xml'
23:19:42.004 [main] DEBUG - Save part 'xl/worksheets/sheet5.xml'
23:19:42.004 [main] DEBUG - Save part 'xl/worksheets/sheet6.xml'
23:19:42.004 [main] DEBUG - Save part 'xl/worksheets/sheet7.xml'
23:19:42.004 [main] DEBUG - Save part 'xl/worksheets/sheet8.xml'
23:19:42.004 [main] DEBUG - Save part 'xl/worksheets/sheet9.xml'
23:19:42.033 [main] DEBUG - Save content types part
23:19:42.034 [main] DEBUG - Save package relationships
23:19:42.034 [main] DEBUG - Save part 'docProps/app.xml'
23:19:42.034 [main] DEBUG - Save part 'docProps/core.xml'
23:19:42.035 [main] DEBUG - Save part 'xl/printerSettings/printerSettings1.bin'
23:19:42.035 [main] DEBUG - Save part 'xl/printerSettings/printerSettings2.bin'
23:19:42.035 [main] DEBUG - Save part 'xl/sharedStrings.xml'
23:19:42.035 [main] DEBUG - Save part 'xl/styles.xml'
23:19:42.035 [main] DEBUG - Save part 'xl/theme/theme1.xml'
23:19:42.035 [main] DEBUG - Save part 'xl/workbook.xml'
23:19:42.036 [main] DEBUG - Save part 'xl/worksheets/sheet1.xml'
23:19:42.036 [main] DEBUG - Save part 'xl/worksheets/sheet2.xml'
23:19:42.037 [main] DEBUG - Save part 'xl/worksheets/sheet3.xml'
23:19:42.037 [main] DEBUG - Save part 'xl/worksheets/sheet4.xml'
23:19:42.037 [main] DEBUG - Save part 'xl/worksheets/sheet5.xml'
23:19:42.037 [main] DEBUG - Save part 'xl/worksheets/sheet6.xml'
23:19:42.037 [main] DEBUG - Save part 'xl/worksheets/sheet7.xml'
23:19:42.037 [main] DEBUG - Save part 'xl/worksheets/sheet8.xml'
